[SUCCEED]/nfs/pdx/disks/dcti_disk0078/k0_ward/k0_ward/cpark3/gmo/my_gmo/pshift_k0t_x80a1_newnames/stm_oldb_src115/k0tand002at1n02b5.stm
[SUCCEED]/nfs/pdx/disks/dcti_disk0078/k0_ward/k0_ward/cpark3/gmo/my_gmo/pshift_k0t_x80a1_newnames/stm_oldb_src115/k0tand002at1n04b5.stm
[SUCCEED]/nfs/pdx/disks/dcti_disk0078/k0_ward/k0_ward/cpark3/gmo/my_gmo/pshift_k0t_x80a1_newnames/stm_oldb_src115/k0taob012at1n02b5.stm
[SUCCEED]/nfs/pdx/disks/dcti_disk0078/k0_ward/k0_ward/cpark3/gmo/my_gmo/pshift_k0t_x80a1_newnames/stm_oldb_src115/k0taob012at1n04b5.stm
[SUCCEED]/nfs/pdx/disks/dcti_disk0078/k0_ward/k0_ward/cpark3/gmo/my_gmo/pshift_k0t_x80a1_newnames/stm_oldb_src115/k0taoi012at1n02b5.stm
[SUCCEED]/nfs/pdx/disks/dcti_disk0078/k0_ward/k0_ward/cpark3/gmo/my_gmo/pshift_k0t_x80a1_newnames/stm_oldb_src115/k0taoi012at1n04b5.stm
[SUCCEED]/nfs/pdx/disks/dcti_disk0078/k0_ward/k0_ward/cpark3/gmo/my_gmo/pshift_k0t_x80a1_newnames/stm_oldb_src115/k0taoi012at1n08b5.stm
[SUCCEED]/nfs/pdx/disks/dcti_disk0078/k0_ward/k0_ward/cpark3/gmo/my_gmo/pshift_k0t_x80a1_newnames/stm_oldb_src115/k0taoi022at1n02b5.stm
[SUCCEED]/nfs/pdx/disks/dcti_disk0078/k0_ward/k0_ward/cpark3/gmo/my_gmo/pshift_k0t_x80a1_newnames/stm_oldb_src115/k0taoi022at1n04b5.stm
[SUCCEED]/nfs/pdx/disks/dcti_disk0078/k0_ward/k0_ward/cpark3/gmo/my_gmo/pshift_k0t_x80a1_newnames/stm_oldb_src115/k0taoi022at1n08b5.stm
[SUCCEED]/nfs/pdx/disks/dcti_disk0078/k0_ward/k0_ward/cpark3/gmo/my_gmo/pshift_k0t_x80a1_newnames/stm_oldb_src115/k0tbfm201at1n02b5.stm
[SUCCEED]/nfs/pdx/disks/dcti_disk0078/k0_ward/k0_ward/cpark3/gmo/my_gmo/pshift_k0t_x80a1_newnames/stm_oldb_src115/k0tbfm201at1n04b5.stm
[SUCCEED]/nfs/pdx/disks/dcti_disk0078/k0_ward/k0_ward/cpark3/gmo/my_gmo/pshift_k0t_x80a1_newnames/stm_oldb_src115/k0tbfn000at1n02b5.stm
[SUCCEED]/nfs/pdx/disks/dcti_disk0078/k0_ward/k0_ward/cpark3/gmo/my_gmo/pshift_k0t_x80a1_newnames/stm_oldb_src115/k0tbfn000at1n04b5.stm
[SUCCEED]/nfs/pdx/disks/dcti_disk0078/k0_ward/k0_ward/cpark3/gmo/my_gmo/pshift_k0t_x80a1_newnames/stm_oldb_src115/k0tbfn000at1n06b5.stm
[SUCCEED]/nfs/pdx/disks/dcti_disk0078/k0_ward/k0_ward/cpark3/gmo/my_gmo/pshift_k0t_x80a1_newnames/stm_oldb_src115/k0tbfn000at1n08b6.stm
[SUCCEED]/nfs/pdx/disks/dcti_disk0078/k0_ward/k0_ward/cpark3/gmo/my_gmo/pshift_k0t_x80a1_newnames/stm_oldb_src115/k0tbfn000at1n12b5.stm
[SUCCEED]/nfs/pdx/disks/dcti_disk0078/k0_ward/k0_ward/cpark3/gmo/my_gmo/pshift_k0t_x80a1_newnames/stm_oldb_src115/k0tbfn000at1n16b5.stm
[SUCCEED]/nfs/pdx/disks/dcti_disk0078/k0_ward/k0_ward/cpark3/gmo/my_gmo/pshift_k0t_x80a1_newnames/stm_oldb_src115/k0tcbf000at1d24b5.stm
[SUCCEED]/nfs/pdx/disks/dcti_disk0078/k0_ward/k0_ward/cpark3/gmo/my_gmo/pshift_k0t_x80a1_newnames/stm_oldb_src115/k0tcbf000at1d32b5.stm
[SUCCEED]/nfs/pdx/disks/dcti_disk0078/k0_ward/k0_ward/cpark3/gmo/my_gmo/pshift_k0t_x80a1_newnames/stm_oldb_src115/k0tcbf000at1n02b5.stm
[SUCCEED]/nfs/pdx/disks/dcti_disk0078/k0_ward/k0_ward/cpark3/gmo/my_gmo/pshift_k0t_x80a1_newnames/stm_oldb_src115/k0tcbf000at1n04b5.stm
[SUCCEED]/nfs/pdx/disks/dcti_disk0078/k0_ward/k0_ward/cpark3/gmo/my_gmo/pshift_k0t_x80a1_newnames/stm_oldb_src115/k0tcbf000at1n08b5.stm
[SUCCEED]/nfs/pdx/disks/dcti_disk0078/k0_ward/k0_ward/cpark3/gmo/my_gmo/pshift_k0t_x80a1_newnames/stm_oldb_src115/k0tcbf000at1n12b5.stm
[SUCCEED]/nfs/pdx/disks/dcti_disk0078/k0_ward/k0_ward/cpark3/gmo/my_gmo/pshift_k0t_x80a1_newnames/stm_oldb_src115/k0tcbf000at1n16b5.stm
[SUCCEED]/nfs/pdx/disks/dcti_disk0078/k0_ward/k0_ward/cpark3/gmo/my_gmo/pshift_k0t_x80a1_newnames/stm_oldb_src115/k0tcilb05at1n02b5.stm
[SUCCEED]/nfs/pdx/disks/dcti_disk0078/k0_ward/k0_ward/cpark3/gmo/my_gmo/pshift_k0t_x80a1_newnames/stm_oldb_src115/k0tcilb05at1n04b5.stm
[SUCCEED]/nfs/pdx/disks/dcti_disk0078/k0_ward/k0_ward/cpark3/gmo/my_gmo/pshift_k0t_x80a1_newnames/stm_oldb_src115/k0tcilb05at1n08b5.stm
[SUCCEED]/nfs/pdx/disks/dcti_disk0078/k0_ward/k0_ward/cpark3/gmo/my_gmo/pshift_k0t_x80a1_newnames/stm_oldb_src115/k0tcilb05at1n16b5.stm
[SUCCEED]/nfs/pdx/disks/dcti_disk0078/k0_ward/k0_ward/cpark3/gmo/my_gmo/pshift_k0t_x80a1_newnames/stm_oldb_src115/k0tcilb05at1n28b5.stm
[SUCCEED]/nfs/pdx/disks/dcti_disk0078/k0_ward/k0_ward/cpark3/gmo/my_gmo/pshift_k0t_x80a1_newnames/stm_oldb_src115/k0tcinv00at1d32b5.stm
[SUCCEED]/nfs/pdx/disks/dcti_disk0078/k0_ward/k0_ward/cpark3/gmo/my_gmo/pshift_k0t_x80a1_newnames/stm_oldb_src115/k0tcinv00at1n02b4.stm
[SUCCEED]/nfs/pdx/disks/dcti_disk0078/k0_ward/k0_ward/cpark3/gmo/my_gmo/pshift_k0t_x80a1_newnames/stm_oldb_src115/k0tcinv00at1n04b5.stm
[SUCCEED]/nfs/pdx/disks/dcti_disk0078/k0_ward/k0_ward/cpark3/gmo/my_gmo/pshift_k0t_x80a1_newnames/stm_oldb_src115/k0tcinv00at1n08b5.stm
[SUCCEED]/nfs/pdx/disks/dcti_disk0078/k0_ward/k0_ward/cpark3/gmo/my_gmo/pshift_k0t_x80a1_newnames/stm_oldb_src115/k0tcinv00at1n12b5.stm
[SUCCEED]/nfs/pdx/disks/dcti_disk0078/k0_ward/k0_ward/cpark3/gmo/my_gmo/pshift_k0t_x80a1_newnames/stm_oldb_src115/k0tcinv00at1n16b5.stm
[SUCCEED]/nfs/pdx/disks/dcti_disk0078/k0_ward/k0_ward/cpark3/gmo/my_gmo/pshift_k0t_x80a1_newnames/stm_oldb_src115/k0tcinv00at1n24b5.stm
[SUCCEED]/nfs/pdx/disks/dcti_disk0078/k0_ward/k0_ward/cpark3/gmo/my_gmo/pshift_k0t_x80a1_newnames/stm_oldb_src115/k0tclb0a2at1d16b5.stm
[SUCCEED]/nfs/pdx/disks/dcti_disk0078/k0_ward/k0_ward/cpark3/gmo/my_gmo/pshift_k0t_x80a1_newnames/stm_oldb_src115/k0tclb0a2at1n02b5.stm
[SUCCEED]/nfs/pdx/disks/dcti_disk0078/k0_ward/k0_ward/cpark3/gmo/my_gmo/pshift_k0t_x80a1_newnames/stm_oldb_src115/k0tclb0a2at1n04b5.stm
[SUCCEED]/nfs/pdx/disks/dcti_disk0078/k0_ward/k0_ward/cpark3/gmo/my_gmo/pshift_k0t_x80a1_newnames/stm_oldb_src115/k0tclb0a2at1n08b5.stm
[SUCCEED]/nfs/pdx/disks/dcti_disk0078/k0_ward/k0_ward/cpark3/gmo/my_gmo/pshift_k0t_x80a1_newnames/stm_oldb_src115/k0tclb0a2at1n12b5.stm
[SUCCEED]/nfs/pdx/disks/dcti_disk0078/k0_ward/k0_ward/cpark3/gmo/my_gmo/pshift_k0t_x80a1_newnames/stm_oldb_src115/k0tfuy000at1d02b6.stm
[SUCCEED]/nfs/pdx/disks/dcti_disk0078/k0_ward/k0_ward/cpark3/gmo/my_gmo/pshift_k0t_x80a1_newnames/stm_oldb_src115/k0tfuy000at1d04b5.stm
[SUCCEED]/nfs/pdx/disks/dcti_disk0078/k0_ward/k0_ward/cpark3/gmo/my_gmo/pshift_k0t_x80a1_newnames/stm_oldb_src115/k0tfuy000at1d08b5.stm
[SUCCEED]/nfs/pdx/disks/dcti_disk0078/k0_ward/k0_ward/cpark3/gmo/my_gmo/pshift_k0t_x80a1_newnames/stm_oldb_src115/k0tfuz200at1d02b6.stm
[SUCCEED]/nfs/pdx/disks/dcti_disk0078/k0_ward/k0_ward/cpark3/gmo/my_gmo/pshift_k0t_x80a1_newnames/stm_oldb_src115/k0tfuz200at1d04b5.stm
[SUCCEED]/nfs/pdx/disks/dcti_disk0078/k0_ward/k0_ward/cpark3/gmo/my_gmo/pshift_k0t_x80a1_newnames/stm_oldb_src115/k0tfuz400at1q02b6.stm
[SUCCEED]/nfs/pdx/disks/dcti_disk0078/k0_ward/k0_ward/cpark3/gmo/my_gmo/pshift_k0t_x80a1_newnames/stm_oldb_src115/k0tfuz400at1q04b5.stm
[SUCCEED]/nfs/pdx/disks/dcti_disk0078/k0_ward/k0_ward/cpark3/gmo/my_gmo/pshift_k0t_x80a1_newnames/stm_oldb_src115/k0tfvy003at1d02b6.stm
[SUCCEED]/nfs/pdx/disks/dcti_disk0078/k0_ward/k0_ward/cpark3/gmo/my_gmo/pshift_k0t_x80a1_newnames/stm_oldb_src115/k0tfvy003at1d04b5.stm
[SUCCEED]/nfs/pdx/disks/dcti_disk0078/k0_ward/k0_ward/cpark3/gmo/my_gmo/pshift_k0t_x80a1_newnames/stm_oldb_src115/k0tfvz00bat1d02b6.stm
[SUCCEED]/nfs/pdx/disks/dcti_disk0078/k0_ward/k0_ward/cpark3/gmo/my_gmo/pshift_k0t_x80a1_newnames/stm_oldb_src115/k0tfvz00bat1d04b5.stm
[SUCCEED]/nfs/pdx/disks/dcti_disk0078/k0_ward/k0_ward/cpark3/gmo/my_gmo/pshift_k0t_x80a1_newnames/stm_oldb_src115/k0tfvz08bat1d02b6.stm
[SUCCEED]/nfs/pdx/disks/dcti_disk0078/k0_ward/k0_ward/cpark3/gmo/my_gmo/pshift_k0t_x80a1_newnames/stm_oldb_src115/k0tfvz08bat1d04b5.stm
[SUCCEED]/nfs/pdx/disks/dcti_disk0078/k0_ward/k0_ward/cpark3/gmo/my_gmo/pshift_k0t_x80a1_newnames/stm_oldb_src115/k0tfvz203at1d02b6.stm
[SUCCEED]/nfs/pdx/disks/dcti_disk0078/k0_ward/k0_ward/cpark3/gmo/my_gmo/pshift_k0t_x80a1_newnames/stm_oldb_src115/k0tfvz203at1d04b5.stm
[SUCCEED]/nfs/pdx/disks/dcti_disk0078/k0_ward/k0_ward/cpark3/gmo/my_gmo/pshift_k0t_x80a1_newnames/stm_oldb_src115/k0tfvz403at1q02b6.stm
[SUCCEED]/nfs/pdx/disks/dcti_disk0078/k0_ward/k0_ward/cpark3/gmo/my_gmo/pshift_k0t_x80a1_newnames/stm_oldb_src115/k0tfvz403at1q04b5.stm
[SUCCEED]/nfs/pdx/disks/dcti_disk0078/k0_ward/k0_ward/cpark3/gmo/my_gmo/pshift_k0t_x80a1_newnames/stm_oldb_src115/k0tinv000at1n02b5.stm
[SUCCEED]/nfs/pdx/disks/dcti_disk0078/k0_ward/k0_ward/cpark3/gmo/my_gmo/pshift_k0t_x80a1_newnames/stm_oldb_src115/k0tinv000at1n04b5.stm
[SUCCEED]/nfs/pdx/disks/dcti_disk0078/k0_ward/k0_ward/cpark3/gmo/my_gmo/pshift_k0t_x80a1_newnames/stm_oldb_src115/k0tinv000at1n06b5.stm
[SUCCEED]/nfs/pdx/disks/dcti_disk0078/k0_ward/k0_ward/cpark3/gmo/my_gmo/pshift_k0t_x80a1_newnames/stm_oldb_src115/k0tinv000at1n08b5.stm
[SUCCEED]/nfs/pdx/disks/dcti_disk0078/k0_ward/k0_ward/cpark3/gmo/my_gmo/pshift_k0t_x80a1_newnames/stm_oldb_src115/k0tinv000at1n12b5.stm
[SUCCEED]/nfs/pdx/disks/dcti_disk0078/k0_ward/k0_ward/cpark3/gmo/my_gmo/pshift_k0t_x80a1_newnames/stm_oldb_src115/k0tinv000at1n16b5.stm
[SUCCEED]/nfs/pdx/disks/dcti_disk0078/k0_ward/k0_ward/cpark3/gmo/my_gmo/pshift_k0t_x80a1_newnames/stm_oldb_src115/k0tinv000at1n24b5.stm
[SUCCEED]/nfs/pdx/disks/dcti_disk0078/k0_ward/k0_ward/cpark3/gmo/my_gmo/pshift_k0t_x80a1_newnames/stm_oldb_src115/k0tlsn000at1n02b5.stm
[SUCCEED]/nfs/pdx/disks/dcti_disk0078/k0_ward/k0_ward/cpark3/gmo/my_gmo/pshift_k0t_x80a1_newnames/stm_oldb_src115/k0tlsn000at1n04b5.stm
[SUCCEED]/nfs/pdx/disks/dcti_disk0078/k0_ward/k0_ward/cpark3/gmo/my_gmo/pshift_k0t_x80a1_newnames/stm_oldb_src115/k0tlsn080at1n02b5.stm
[SUCCEED]/nfs/pdx/disks/dcti_disk0078/k0_ward/k0_ward/cpark3/gmo/my_gmo/pshift_k0t_x80a1_newnames/stm_oldb_src115/k0tlsn080at1n04b5.stm
[SUCCEED]/nfs/pdx/disks/dcti_disk0078/k0_ward/k0_ward/cpark3/gmo/my_gmo/pshift_k0t_x80a1_newnames/stm_oldb_src115/k0tmbn022at1n02b5.stm
[SUCCEED]/nfs/pdx/disks/dcti_disk0078/k0_ward/k0_ward/cpark3/gmo/my_gmo/pshift_k0t_x80a1_newnames/stm_oldb_src115/k0tmbn022at1n04b5.stm
[SUCCEED]/nfs/pdx/disks/dcti_disk0078/k0_ward/k0_ward/cpark3/gmo/my_gmo/pshift_k0t_x80a1_newnames/stm_oldb_src115/k0tmdn022at1d08b5.stm
[SUCCEED]/nfs/pdx/disks/dcti_disk0078/k0_ward/k0_ward/cpark3/gmo/my_gmo/pshift_k0t_x80a1_newnames/stm_oldb_src115/k0tmdn022at1n02b5.stm
[SUCCEED]/nfs/pdx/disks/dcti_disk0078/k0_ward/k0_ward/cpark3/gmo/my_gmo/pshift_k0t_x80a1_newnames/stm_oldb_src115/k0tmdn022at1n04b5.stm
[SUCCEED]/nfs/pdx/disks/dcti_disk0078/k0_ward/k0_ward/cpark3/gmo/my_gmo/pshift_k0t_x80a1_newnames/stm_oldb_src115/k0tnanb02at1n02b5.stm
[SUCCEED]/nfs/pdx/disks/dcti_disk0078/k0_ward/k0_ward/cpark3/gmo/my_gmo/pshift_k0t_x80a1_newnames/stm_oldb_src115/k0tnanb02at1n04b5.stm
[SUCCEED]/nfs/pdx/disks/dcti_disk0078/k0_ward/k0_ward/cpark3/gmo/my_gmo/pshift_k0t_x80a1_newnames/stm_oldb_src115/k0tnand04at1n02b5.stm
[SUCCEED]/nfs/pdx/disks/dcti_disk0078/k0_ward/k0_ward/cpark3/gmo/my_gmo/pshift_k0t_x80a1_newnames/stm_oldb_src115/k0tnand04at1n04b5.stm
[SUCCEED]/nfs/pdx/disks/dcti_disk0078/k0_ward/k0_ward/cpark3/gmo/my_gmo/pshift_k0t_x80a1_newnames/stm_oldb_src115/k0tnanp02at1n02b5.stm
[SUCCEED]/nfs/pdx/disks/dcti_disk0078/k0_ward/k0_ward/cpark3/gmo/my_gmo/pshift_k0t_x80a1_newnames/stm_oldb_src115/k0tnanp02at1n04b5.stm
[SUCCEED]/nfs/pdx/disks/dcti_disk0078/k0_ward/k0_ward/cpark3/gmo/my_gmo/pshift_k0t_x80a1_newnames/stm_oldb_src115/k0tnanp02at1n08b5.stm
[SUCCEED]/nfs/pdx/disks/dcti_disk0078/k0_ward/k0_ward/cpark3/gmo/my_gmo/pshift_k0t_x80a1_newnames/stm_oldb_src115/k0tnanp02at1n16b5.stm
[SUCCEED]/nfs/pdx/disks/dcti_disk0078/k0_ward/k0_ward/cpark3/gmo/my_gmo/pshift_k0t_x80a1_newnames/stm_oldb_src115/k0tnanp03at1d08b5.stm
[SUCCEED]/nfs/pdx/disks/dcti_disk0078/k0_ward/k0_ward/cpark3/gmo/my_gmo/pshift_k0t_x80a1_newnames/stm_oldb_src115/k0tnanp03at1d16b5.stm
[SUCCEED]/nfs/pdx/disks/dcti_disk0078/k0_ward/k0_ward/cpark3/gmo/my_gmo/pshift_k0t_x80a1_newnames/stm_oldb_src115/k0tnanp03at1n02b5.stm
[SUCCEED]/nfs/pdx/disks/dcti_disk0078/k0_ward/k0_ward/cpark3/gmo/my_gmo/pshift_k0t_x80a1_newnames/stm_oldb_src115/k0tnanp03at1n04b5.stm
[SUCCEED]/nfs/pdx/disks/dcti_disk0078/k0_ward/k0_ward/cpark3/gmo/my_gmo/pshift_k0t_x80a1_newnames/stm_oldb_src115/k0tnor044at1n02b5.stm
[SUCCEED]/nfs/pdx/disks/dcti_disk0078/k0_ward/k0_ward/cpark3/gmo/my_gmo/pshift_k0t_x80a1_newnames/stm_oldb_src115/k0tnor044at1n04b5.stm
[SUCCEED]/nfs/pdx/disks/dcti_disk0078/k0_ward/k0_ward/cpark3/gmo/my_gmo/pshift_k0t_x80a1_newnames/stm_oldb_src115/k0tnorb02at1n02b5.stm
[SUCCEED]/nfs/pdx/disks/dcti_disk0078/k0_ward/k0_ward/cpark3/gmo/my_gmo/pshift_k0t_x80a1_newnames/stm_oldb_src115/k0tnorb02at1n04b5.stm
[SUCCEED]/nfs/pdx/disks/dcti_disk0078/k0_ward/k0_ward/cpark3/gmo/my_gmo/pshift_k0t_x80a1_newnames/stm_oldb_src115/k0tnorp02at1n02b5.stm
[SUCCEED]/nfs/pdx/disks/dcti_disk0078/k0_ward/k0_ward/cpark3/gmo/my_gmo/pshift_k0t_x80a1_newnames/stm_oldb_src115/k0tnorp02at1n04b5.stm
[SUCCEED]/nfs/pdx/disks/dcti_disk0078/k0_ward/k0_ward/cpark3/gmo/my_gmo/pshift_k0t_x80a1_newnames/stm_oldb_src115/k0tnorp02at1n08b5.stm
[SUCCEED]/nfs/pdx/disks/dcti_disk0078/k0_ward/k0_ward/cpark3/gmo/my_gmo/pshift_k0t_x80a1_newnames/stm_oldb_src115/k0tnorp02at1n16b5.stm
[SUCCEED]/nfs/pdx/disks/dcti_disk0078/k0_ward/k0_ward/cpark3/gmo/my_gmo/pshift_k0t_x80a1_newnames/stm_oldb_src115/k0tnorp03at1d08b5.stm
[SUCCEED]/nfs/pdx/disks/dcti_disk0078/k0_ward/k0_ward/cpark3/gmo/my_gmo/pshift_k0t_x80a1_newnames/stm_oldb_src115/k0tnorp03at1d16b5.stm
[SUCCEED]/nfs/pdx/disks/dcti_disk0078/k0_ward/k0_ward/cpark3/gmo/my_gmo/pshift_k0t_x80a1_newnames/stm_oldb_src115/k0tnorp03at1n02b5.stm
[SUCCEED]/nfs/pdx/disks/dcti_disk0078/k0_ward/k0_ward/cpark3/gmo/my_gmo/pshift_k0t_x80a1_newnames/stm_oldb_src115/k0tnorp03at1n04b5.stm
[SUCCEED]/nfs/pdx/disks/dcti_disk0078/k0_ward/k0_ward/cpark3/gmo/my_gmo/pshift_k0t_x80a1_newnames/stm_oldb_src115/k0toab012at1n02b5.stm
[SUCCEED]/nfs/pdx/disks/dcti_disk0078/k0_ward/k0_ward/cpark3/gmo/my_gmo/pshift_k0t_x80a1_newnames/stm_oldb_src115/k0toab012at1n04b5.stm
[SUCCEED]/nfs/pdx/disks/dcti_disk0078/k0_ward/k0_ward/cpark3/gmo/my_gmo/pshift_k0t_x80a1_newnames/stm_oldb_src115/k0toai012at1n02b5.stm
[SUCCEED]/nfs/pdx/disks/dcti_disk0078/k0_ward/k0_ward/cpark3/gmo/my_gmo/pshift_k0t_x80a1_newnames/stm_oldb_src115/k0toai012at1n04b5.stm
[SUCCEED]/nfs/pdx/disks/dcti_disk0078/k0_ward/k0_ward/cpark3/gmo/my_gmo/pshift_k0t_x80a1_newnames/stm_oldb_src115/k0toai012at1n08b5.stm
[SUCCEED]/nfs/pdx/disks/dcti_disk0078/k0_ward/k0_ward/cpark3/gmo/my_gmo/pshift_k0t_x80a1_newnames/stm_oldb_src115/k0toai022at1n02b5.stm
[SUCCEED]/nfs/pdx/disks/dcti_disk0078/k0_ward/k0_ward/cpark3/gmo/my_gmo/pshift_k0t_x80a1_newnames/stm_oldb_src115/k0toai022at1n04b5.stm
[SUCCEED]/nfs/pdx/disks/dcti_disk0078/k0_ward/k0_ward/cpark3/gmo/my_gmo/pshift_k0t_x80a1_newnames/stm_oldb_src115/k0toai022at1n08b5.stm
[SUCCEED]/nfs/pdx/disks/dcti_disk0078/k0_ward/k0_ward/cpark3/gmo/my_gmo/pshift_k0t_x80a1_newnames/stm_oldb_src115/k0torn002at1n02b5.stm
[SUCCEED]/nfs/pdx/disks/dcti_disk0078/k0_ward/k0_ward/cpark3/gmo/my_gmo/pshift_k0t_x80a1_newnames/stm_oldb_src115/k0torn002at1n04b5.stm
[SUCCEED]/nfs/pdx/disks/dcti_disk0078/k0_ward/k0_ward/cpark3/gmo/my_gmo/pshift_k0t_x80a1_newnames/stm_oldb_src115/k0trm0023at1d02b5.stm
[SUCCEED]/nfs/pdx/disks/dcti_disk0078/k0_ward/k0_ward/cpark3/gmo/my_gmo/pshift_k0t_x80a1_newnames/stm_oldb_src115/k0trm0023at1d04b5.stm
[SUCCEED]/nfs/pdx/disks/dcti_disk0078/k0_ward/k0_ward/cpark3/gmo/my_gmo/pshift_k0t_x80a1_newnames/stm_oldb_src115/k0txnr002at1n02b5.stm
[SUCCEED]/nfs/pdx/disks/dcti_disk0078/k0_ward/k0_ward/cpark3/gmo/my_gmo/pshift_k0t_x80a1_newnames/stm_oldb_src115/k0txnr002at1n04b5.stm
[SUCCEED]/nfs/pdx/disks/dcti_disk0078/k0_ward/k0_ward/cpark3/gmo/my_gmo/pshift_k0t_x80a1_newnames/stm_oldb_src115/k0txor002at1n02b5.stm
[SUCCEED]/nfs/pdx/disks/dcti_disk0078/k0_ward/k0_ward/cpark3/gmo/my_gmo/pshift_k0t_x80a1_newnames/stm_oldb_src115/k0txor002at1n04b5.stm
[SUCCEED]/nfs/pdx/disks/dcti_disk0078/k0_ward/k0_ward/cpark3/gmo/my_gmo/pshift_k0t_x80a1_newnames/stm_oldb_src115/k0tfuy000at1d02b5.stm
[SUCCEED]/nfs/pdx/disks/dcti_disk0078/k0_ward/k0_ward/cpark3/gmo/my_gmo/pshift_k0t_x80a1_newnames/stm_oldb_src115/k0tltn400at1q02b5.stm
[SUCCEED]/nfs/pdx/disks/dcti_disk0078/k0_ward/k0_ward/cpark3/gmo/my_gmo/pshift_k0t_x80a1_newnames/stm_oldb_src115/k0ttihi00at1n02b5.stm
[SUCCEED]/nfs/pdx/disks/dcti_disk0078/k0_ward/k0_ward/cpark3/gmo/my_gmo/pshift_k0t_x80a1_newnames/stm_oldb_src115/k0ttilo00at1n02b5.stm
