[SUCCEED]/nfs/pdx/disks/dcti_disk0078/k0_ward/k0_ward/cpark3/gmo/my_gmo/pshift_k0t_x80a1_newnames/_t_all_lvspass_lnr30/k0ttihi00at11c1x5.stm
[SUCCEED]/nfs/pdx/disks/dcti_disk0078/k0_ward/k0_ward/cpark3/gmo/my_gmo/pshift_k0t_x80a1_newnames/_t_all_lvspass_lnr30/k0ttilo00at11c1x5.stm
[SUCCEED]/nfs/pdx/disks/dcti_disk0078/k0_ward/k0_ward/cpark3/gmo/my_gmo/pshift_k0t_x80a1_newnames/_t_all_lvspass_lnr30/k0tand002at11c1x5.stm
[SUCCEED]/nfs/pdx/disks/dcti_disk0078/k0_ward/k0_ward/cpark3/gmo/my_gmo/pshift_k0t_x80a1_newnames/_t_all_lvspass_lnr30/k0tand002at11c2x5.stm
[SUCCEED]/nfs/pdx/disks/dcti_disk0078/k0_ward/k0_ward/cpark3/gmo/my_gmo/pshift_k0t_x80a1_newnames/_t_all_lvspass_lnr30/k0taob012at11c1x5.stm
[SUCCEED]/nfs/pdx/disks/dcti_disk0078/k0_ward/k0_ward/cpark3/gmo/my_gmo/pshift_k0t_x80a1_newnames/_t_all_lvspass_lnr30/k0taob012at11c2x5.stm
[SUCCEED]/nfs/pdx/disks/dcti_disk0078/k0_ward/k0_ward/cpark3/gmo/my_gmo/pshift_k0t_x80a1_newnames/_t_all_lvspass_lnr30/k0taoi012at11c1x5.stm
[SUCCEED]/nfs/pdx/disks/dcti_disk0078/k0_ward/k0_ward/cpark3/gmo/my_gmo/pshift_k0t_x80a1_newnames/_t_all_lvspass_lnr30/k0taoi012at11c2x5.stm
[SUCCEED]/nfs/pdx/disks/dcti_disk0078/k0_ward/k0_ward/cpark3/gmo/my_gmo/pshift_k0t_x80a1_newnames/_t_all_lvspass_lnr30/k0taoi012at11c4x5.stm
[SUCCEED]/nfs/pdx/disks/dcti_disk0078/k0_ward/k0_ward/cpark3/gmo/my_gmo/pshift_k0t_x80a1_newnames/_t_all_lvspass_lnr30/k0taoi022at11c1x5.stm
[SUCCEED]/nfs/pdx/disks/dcti_disk0078/k0_ward/k0_ward/cpark3/gmo/my_gmo/pshift_k0t_x80a1_newnames/_t_all_lvspass_lnr30/k0taoi022at11c2x5.stm
[SUCCEED]/nfs/pdx/disks/dcti_disk0078/k0_ward/k0_ward/cpark3/gmo/my_gmo/pshift_k0t_x80a1_newnames/_t_all_lvspass_lnr30/k0taoi022at11c4x5.stm
[SUCCEED]/nfs/pdx/disks/dcti_disk0078/k0_ward/k0_ward/cpark3/gmo/my_gmo/pshift_k0t_x80a1_newnames/_t_all_lvspass_lnr30/k0tbfm201at11c1x5.stm
[SUCCEED]/nfs/pdx/disks/dcti_disk0078/k0_ward/k0_ward/cpark3/gmo/my_gmo/pshift_k0t_x80a1_newnames/_t_all_lvspass_lnr30/k0tbfm201at11c2x5.stm
[SUCCEED]/nfs/pdx/disks/dcti_disk0078/k0_ward/k0_ward/cpark3/gmo/my_gmo/pshift_k0t_x80a1_newnames/_t_all_lvspass_lnr30/k0tbfn000at11c1x5.stm
[SUCCEED]/nfs/pdx/disks/dcti_disk0078/k0_ward/k0_ward/cpark3/gmo/my_gmo/pshift_k0t_x80a1_newnames/_t_all_lvspass_lnr30/k0tbfn000at11c2x5.stm
[SUCCEED]/nfs/pdx/disks/dcti_disk0078/k0_ward/k0_ward/cpark3/gmo/my_gmo/pshift_k0t_x80a1_newnames/_t_all_lvspass_lnr30/k0tbfn000at11c3x5.stm
[SUCCEED]/nfs/pdx/disks/dcti_disk0078/k0_ward/k0_ward/cpark3/gmo/my_gmo/pshift_k0t_x80a1_newnames/_t_all_lvspass_lnr30/k0tbfn000at11c4x6.stm
[SUCCEED]/nfs/pdx/disks/dcti_disk0078/k0_ward/k0_ward/cpark3/gmo/my_gmo/pshift_k0t_x80a1_newnames/_t_all_lvspass_lnr30/k0tbfn000at11c6x5.stm
[SUCCEED]/nfs/pdx/disks/dcti_disk0078/k0_ward/k0_ward/cpark3/gmo/my_gmo/pshift_k0t_x80a1_newnames/_t_all_lvspass_lnr30/k0tbfn000at11c8x5.stm
[SUCCEED]/nfs/pdx/disks/dcti_disk0078/k0_ward/k0_ward/cpark3/gmo/my_gmo/pshift_k0t_x80a1_newnames/_t_all_lvspass_lnr30/k0tcbf000at12ccx5.stm
[SUCCEED]/nfs/pdx/disks/dcti_disk0078/k0_ward/k0_ward/cpark3/gmo/my_gmo/pshift_k0t_x80a1_newnames/_t_all_lvspass_lnr30/k0tcbf000at12cgx5.stm
[SUCCEED]/nfs/pdx/disks/dcti_disk0078/k0_ward/k0_ward/cpark3/gmo/my_gmo/pshift_k0t_x80a1_newnames/_t_all_lvspass_lnr30/k0tcbf000at11c1x5.stm
[SUCCEED]/nfs/pdx/disks/dcti_disk0078/k0_ward/k0_ward/cpark3/gmo/my_gmo/pshift_k0t_x80a1_newnames/_t_all_lvspass_lnr30/k0tcbf000at11c2x5.stm
[SUCCEED]/nfs/pdx/disks/dcti_disk0078/k0_ward/k0_ward/cpark3/gmo/my_gmo/pshift_k0t_x80a1_newnames/_t_all_lvspass_lnr30/k0tcbf000at11c4x5.stm
[SUCCEED]/nfs/pdx/disks/dcti_disk0078/k0_ward/k0_ward/cpark3/gmo/my_gmo/pshift_k0t_x80a1_newnames/_t_all_lvspass_lnr30/k0tcbf000at11c6x5.stm
[SUCCEED]/nfs/pdx/disks/dcti_disk0078/k0_ward/k0_ward/cpark3/gmo/my_gmo/pshift_k0t_x80a1_newnames/_t_all_lvspass_lnr30/k0tcbf000at11c8x5.stm
[SUCCEED]/nfs/pdx/disks/dcti_disk0078/k0_ward/k0_ward/cpark3/gmo/my_gmo/pshift_k0t_x80a1_newnames/_t_all_lvspass_lnr30/k0tcilb05at11c1x5.stm
[SUCCEED]/nfs/pdx/disks/dcti_disk0078/k0_ward/k0_ward/cpark3/gmo/my_gmo/pshift_k0t_x80a1_newnames/_t_all_lvspass_lnr30/k0tcilb05at11c2x5.stm
[SUCCEED]/nfs/pdx/disks/dcti_disk0078/k0_ward/k0_ward/cpark3/gmo/my_gmo/pshift_k0t_x80a1_newnames/_t_all_lvspass_lnr30/k0tcilb05at11c4x5.stm
[SUCCEED]/nfs/pdx/disks/dcti_disk0078/k0_ward/k0_ward/cpark3/gmo/my_gmo/pshift_k0t_x80a1_newnames/_t_all_lvspass_lnr30/k0tcilb05at11c8x5.stm
[SUCCEED]/nfs/pdx/disks/dcti_disk0078/k0_ward/k0_ward/cpark3/gmo/my_gmo/pshift_k0t_x80a1_newnames/_t_all_lvspass_lnr30/k0tcilb05at11cex5.stm
[SUCCEED]/nfs/pdx/disks/dcti_disk0078/k0_ward/k0_ward/cpark3/gmo/my_gmo/pshift_k0t_x80a1_newnames/_t_all_lvspass_lnr30/k0tcinv00at11c1x5.stm
[SUCCEED]/nfs/pdx/disks/dcti_disk0078/k0_ward/k0_ward/cpark3/gmo/my_gmo/pshift_k0t_x80a1_newnames/_t_all_lvspass_lnr30/k0tcinv00at11c2x5.stm
[SUCCEED]/nfs/pdx/disks/dcti_disk0078/k0_ward/k0_ward/cpark3/gmo/my_gmo/pshift_k0t_x80a1_newnames/_t_all_lvspass_lnr30/k0tcinv00at11c4x5.stm
[SUCCEED]/nfs/pdx/disks/dcti_disk0078/k0_ward/k0_ward/cpark3/gmo/my_gmo/pshift_k0t_x80a1_newnames/_t_all_lvspass_lnr30/k0tcinv00at11c6x5.stm
[SUCCEED]/nfs/pdx/disks/dcti_disk0078/k0_ward/k0_ward/cpark3/gmo/my_gmo/pshift_k0t_x80a1_newnames/_t_all_lvspass_lnr30/k0tcinv00at11c8x5.stm
[SUCCEED]/nfs/pdx/disks/dcti_disk0078/k0_ward/k0_ward/cpark3/gmo/my_gmo/pshift_k0t_x80a1_newnames/_t_all_lvspass_lnr30/k0tcinv00at11ccx5.stm
[SUCCEED]/nfs/pdx/disks/dcti_disk0078/k0_ward/k0_ward/cpark3/gmo/my_gmo/pshift_k0t_x80a1_newnames/_t_all_lvspass_lnr30/k0tclb0a2at12c8x5.stm
[SUCCEED]/nfs/pdx/disks/dcti_disk0078/k0_ward/k0_ward/cpark3/gmo/my_gmo/pshift_k0t_x80a1_newnames/_t_all_lvspass_lnr30/k0tclb0a2at11c1x5.stm
[SUCCEED]/nfs/pdx/disks/dcti_disk0078/k0_ward/k0_ward/cpark3/gmo/my_gmo/pshift_k0t_x80a1_newnames/_t_all_lvspass_lnr30/k0tclb0a2at11c2x5.stm
[SUCCEED]/nfs/pdx/disks/dcti_disk0078/k0_ward/k0_ward/cpark3/gmo/my_gmo/pshift_k0t_x80a1_newnames/_t_all_lvspass_lnr30/k0tclb0a2at11c4x5.stm
[SUCCEED]/nfs/pdx/disks/dcti_disk0078/k0_ward/k0_ward/cpark3/gmo/my_gmo/pshift_k0t_x80a1_newnames/_t_all_lvspass_lnr30/k0tclb0a2at11c6x5.stm
[SUCCEED]/nfs/pdx/disks/dcti_disk0078/k0_ward/k0_ward/cpark3/gmo/my_gmo/pshift_k0t_x80a1_newnames/_t_all_lvspass_lnr30/k0tfuy000at12c1x5.stm
[SUCCEED]/nfs/pdx/disks/dcti_disk0078/k0_ward/k0_ward/cpark3/gmo/my_gmo/pshift_k0t_x80a1_newnames/_t_all_lvspass_lnr30/k0tfuy000at12c2x5.stm
[SUCCEED]/nfs/pdx/disks/dcti_disk0078/k0_ward/k0_ward/cpark3/gmo/my_gmo/pshift_k0t_x80a1_newnames/_t_all_lvspass_lnr30/k0tfuy000at12c4x5.stm
[SUCCEED]/nfs/pdx/disks/dcti_disk0078/k0_ward/k0_ward/cpark3/gmo/my_gmo/pshift_k0t_x80a1_newnames/_t_all_lvspass_lnr30/k0tfuz200at12c1x5.stm
[SUCCEED]/nfs/pdx/disks/dcti_disk0078/k0_ward/k0_ward/cpark3/gmo/my_gmo/pshift_k0t_x80a1_newnames/_t_all_lvspass_lnr30/k0tfvy003at12c1x5.stm
[SUCCEED]/nfs/pdx/disks/dcti_disk0078/k0_ward/k0_ward/cpark3/gmo/my_gmo/pshift_k0t_x80a1_newnames/_t_all_lvspass_lnr30/k0tfvy003at12c2x5.stm
[SUCCEED]/nfs/pdx/disks/dcti_disk0078/k0_ward/k0_ward/cpark3/gmo/my_gmo/pshift_k0t_x80a1_newnames/_t_all_lvspass_lnr30/k0tfvz00bat12c2x5.stm
[SUCCEED]/nfs/pdx/disks/dcti_disk0078/k0_ward/k0_ward/cpark3/gmo/my_gmo/pshift_k0t_x80a1_newnames/_t_all_lvspass_lnr30/k0tfvz08bat12c1x5.stm
[SUCCEED]/nfs/pdx/disks/dcti_disk0078/k0_ward/k0_ward/cpark3/gmo/my_gmo/pshift_k0t_x80a1_newnames/_t_all_lvspass_lnr30/k0tfvz08bat12c2x5.stm
[SUCCEED]/nfs/pdx/disks/dcti_disk0078/k0_ward/k0_ward/cpark3/gmo/my_gmo/pshift_k0t_x80a1_newnames/_t_all_lvspass_lnr30/k0tinv000at11c1x5.stm
[SUCCEED]/nfs/pdx/disks/dcti_disk0078/k0_ward/k0_ward/cpark3/gmo/my_gmo/pshift_k0t_x80a1_newnames/_t_all_lvspass_lnr30/k0tinv000at11c2x5.stm
[SUCCEED]/nfs/pdx/disks/dcti_disk0078/k0_ward/k0_ward/cpark3/gmo/my_gmo/pshift_k0t_x80a1_newnames/_t_all_lvspass_lnr30/k0tinv000at11c3x5.stm
[SUCCEED]/nfs/pdx/disks/dcti_disk0078/k0_ward/k0_ward/cpark3/gmo/my_gmo/pshift_k0t_x80a1_newnames/_t_all_lvspass_lnr30/k0tinv000at11c4x5.stm
[SUCCEED]/nfs/pdx/disks/dcti_disk0078/k0_ward/k0_ward/cpark3/gmo/my_gmo/pshift_k0t_x80a1_newnames/_t_all_lvspass_lnr30/k0tinv000at11c6x5.stm
[SUCCEED]/nfs/pdx/disks/dcti_disk0078/k0_ward/k0_ward/cpark3/gmo/my_gmo/pshift_k0t_x80a1_newnames/_t_all_lvspass_lnr30/k0tinv000at11c8x5.stm
[SUCCEED]/nfs/pdx/disks/dcti_disk0078/k0_ward/k0_ward/cpark3/gmo/my_gmo/pshift_k0t_x80a1_newnames/_t_all_lvspass_lnr30/k0tinv000at11ccx5.stm
[SUCCEED]/nfs/pdx/disks/dcti_disk0078/k0_ward/k0_ward/cpark3/gmo/my_gmo/pshift_k0t_x80a1_newnames/_t_all_lvspass_lnr30/k0tlsn000at11c1x5.stm
[SUCCEED]/nfs/pdx/disks/dcti_disk0078/k0_ward/k0_ward/cpark3/gmo/my_gmo/pshift_k0t_x80a1_newnames/_t_all_lvspass_lnr30/k0tlsn000at11c2x5.stm
[SUCCEED]/nfs/pdx/disks/dcti_disk0078/k0_ward/k0_ward/cpark3/gmo/my_gmo/pshift_k0t_x80a1_newnames/_t_all_lvspass_lnr30/k0tlsn080at11c1x5.stm
[SUCCEED]/nfs/pdx/disks/dcti_disk0078/k0_ward/k0_ward/cpark3/gmo/my_gmo/pshift_k0t_x80a1_newnames/_t_all_lvspass_lnr30/k0tlsn080at11c2x5.stm
[SUCCEED]/nfs/pdx/disks/dcti_disk0078/k0_ward/k0_ward/cpark3/gmo/my_gmo/pshift_k0t_x80a1_newnames/_t_all_lvspass_lnr30/k0tmbn022at11c1x5.stm
[SUCCEED]/nfs/pdx/disks/dcti_disk0078/k0_ward/k0_ward/cpark3/gmo/my_gmo/pshift_k0t_x80a1_newnames/_t_all_lvspass_lnr30/k0tmbn022at11c2x5.stm
[SUCCEED]/nfs/pdx/disks/dcti_disk0078/k0_ward/k0_ward/cpark3/gmo/my_gmo/pshift_k0t_x80a1_newnames/_t_all_lvspass_lnr30/k0tmdn022at12c4x5.stm
[SUCCEED]/nfs/pdx/disks/dcti_disk0078/k0_ward/k0_ward/cpark3/gmo/my_gmo/pshift_k0t_x80a1_newnames/_t_all_lvspass_lnr30/k0tmdn022at11c1x5.stm
[SUCCEED]/nfs/pdx/disks/dcti_disk0078/k0_ward/k0_ward/cpark3/gmo/my_gmo/pshift_k0t_x80a1_newnames/_t_all_lvspass_lnr30/k0tmdn022at11c2x5.stm
[SUCCEED]/nfs/pdx/disks/dcti_disk0078/k0_ward/k0_ward/cpark3/gmo/my_gmo/pshift_k0t_x80a1_newnames/_t_all_lvspass_lnr30/k0tnanb02at11c1x5.stm
[SUCCEED]/nfs/pdx/disks/dcti_disk0078/k0_ward/k0_ward/cpark3/gmo/my_gmo/pshift_k0t_x80a1_newnames/_t_all_lvspass_lnr30/k0tnanb02at11c2x5.stm
[SUCCEED]/nfs/pdx/disks/dcti_disk0078/k0_ward/k0_ward/cpark3/gmo/my_gmo/pshift_k0t_x80a1_newnames/_t_all_lvspass_lnr30/k0tnand24at11c1x5.stm
[SUCCEED]/nfs/pdx/disks/dcti_disk0078/k0_ward/k0_ward/cpark3/gmo/my_gmo/pshift_k0t_x80a1_newnames/_t_all_lvspass_lnr30/k0tnand24at11c2x5.stm
[SUCCEED]/nfs/pdx/disks/dcti_disk0078/k0_ward/k0_ward/cpark3/gmo/my_gmo/pshift_k0t_x80a1_newnames/_t_all_lvspass_lnr30/k0tnanp02at11c1x5.stm
[SUCCEED]/nfs/pdx/disks/dcti_disk0078/k0_ward/k0_ward/cpark3/gmo/my_gmo/pshift_k0t_x80a1_newnames/_t_all_lvspass_lnr30/k0tnanp02at11c2x5.stm
[SUCCEED]/nfs/pdx/disks/dcti_disk0078/k0_ward/k0_ward/cpark3/gmo/my_gmo/pshift_k0t_x80a1_newnames/_t_all_lvspass_lnr30/k0tnanp02at11c4x5.stm
[SUCCEED]/nfs/pdx/disks/dcti_disk0078/k0_ward/k0_ward/cpark3/gmo/my_gmo/pshift_k0t_x80a1_newnames/_t_all_lvspass_lnr30/k0tnanp02at11c8x5.stm
[SUCCEED]/nfs/pdx/disks/dcti_disk0078/k0_ward/k0_ward/cpark3/gmo/my_gmo/pshift_k0t_x80a1_newnames/_t_all_lvspass_lnr30/k0tnanp03at12c4x5.stm
[SUCCEED]/nfs/pdx/disks/dcti_disk0078/k0_ward/k0_ward/cpark3/gmo/my_gmo/pshift_k0t_x80a1_newnames/_t_all_lvspass_lnr30/k0tnanp03at12c8x5.stm
[SUCCEED]/nfs/pdx/disks/dcti_disk0078/k0_ward/k0_ward/cpark3/gmo/my_gmo/pshift_k0t_x80a1_newnames/_t_all_lvspass_lnr30/k0tnanp03at11c1x5.stm
[SUCCEED]/nfs/pdx/disks/dcti_disk0078/k0_ward/k0_ward/cpark3/gmo/my_gmo/pshift_k0t_x80a1_newnames/_t_all_lvspass_lnr30/k0tnanp03at11c2x5.stm
[SUCCEED]/nfs/pdx/disks/dcti_disk0078/k0_ward/k0_ward/cpark3/gmo/my_gmo/pshift_k0t_x80a1_newnames/_t_all_lvspass_lnr30/k0tnor024at11c1x5.stm
[SUCCEED]/nfs/pdx/disks/dcti_disk0078/k0_ward/k0_ward/cpark3/gmo/my_gmo/pshift_k0t_x80a1_newnames/_t_all_lvspass_lnr30/k0tnor024at11c2x5.stm
[SUCCEED]/nfs/pdx/disks/dcti_disk0078/k0_ward/k0_ward/cpark3/gmo/my_gmo/pshift_k0t_x80a1_newnames/_t_all_lvspass_lnr30/k0tnorb02at11c1x5.stm
[SUCCEED]/nfs/pdx/disks/dcti_disk0078/k0_ward/k0_ward/cpark3/gmo/my_gmo/pshift_k0t_x80a1_newnames/_t_all_lvspass_lnr30/k0tnorb02at11c2x5.stm
[SUCCEED]/nfs/pdx/disks/dcti_disk0078/k0_ward/k0_ward/cpark3/gmo/my_gmo/pshift_k0t_x80a1_newnames/_t_all_lvspass_lnr30/k0tnorp02at11c1x5.stm
[SUCCEED]/nfs/pdx/disks/dcti_disk0078/k0_ward/k0_ward/cpark3/gmo/my_gmo/pshift_k0t_x80a1_newnames/_t_all_lvspass_lnr30/k0tnorp02at11c2x5.stm
[SUCCEED]/nfs/pdx/disks/dcti_disk0078/k0_ward/k0_ward/cpark3/gmo/my_gmo/pshift_k0t_x80a1_newnames/_t_all_lvspass_lnr30/k0tnorp02at11c4x5.stm
[SUCCEED]/nfs/pdx/disks/dcti_disk0078/k0_ward/k0_ward/cpark3/gmo/my_gmo/pshift_k0t_x80a1_newnames/_t_all_lvspass_lnr30/k0tnorp02at11c8x5.stm
[SUCCEED]/nfs/pdx/disks/dcti_disk0078/k0_ward/k0_ward/cpark3/gmo/my_gmo/pshift_k0t_x80a1_newnames/_t_all_lvspass_lnr30/k0tnorp03at12c4x5.stm
[SUCCEED]/nfs/pdx/disks/dcti_disk0078/k0_ward/k0_ward/cpark3/gmo/my_gmo/pshift_k0t_x80a1_newnames/_t_all_lvspass_lnr30/k0tnorp03at12c8x5.stm
[SUCCEED]/nfs/pdx/disks/dcti_disk0078/k0_ward/k0_ward/cpark3/gmo/my_gmo/pshift_k0t_x80a1_newnames/_t_all_lvspass_lnr30/k0tnorp03at11c1x5.stm
[SUCCEED]/nfs/pdx/disks/dcti_disk0078/k0_ward/k0_ward/cpark3/gmo/my_gmo/pshift_k0t_x80a1_newnames/_t_all_lvspass_lnr30/k0tnorp03at11c2x5.stm
[SUCCEED]/nfs/pdx/disks/dcti_disk0078/k0_ward/k0_ward/cpark3/gmo/my_gmo/pshift_k0t_x80a1_newnames/_t_all_lvspass_lnr30/k0toab012at11c1x5.stm
[SUCCEED]/nfs/pdx/disks/dcti_disk0078/k0_ward/k0_ward/cpark3/gmo/my_gmo/pshift_k0t_x80a1_newnames/_t_all_lvspass_lnr30/k0toab012at11c2x5.stm
[SUCCEED]/nfs/pdx/disks/dcti_disk0078/k0_ward/k0_ward/cpark3/gmo/my_gmo/pshift_k0t_x80a1_newnames/_t_all_lvspass_lnr30/k0toai012at11c1x5.stm
[SUCCEED]/nfs/pdx/disks/dcti_disk0078/k0_ward/k0_ward/cpark3/gmo/my_gmo/pshift_k0t_x80a1_newnames/_t_all_lvspass_lnr30/k0toai012at11c2x5.stm
[SUCCEED]/nfs/pdx/disks/dcti_disk0078/k0_ward/k0_ward/cpark3/gmo/my_gmo/pshift_k0t_x80a1_newnames/_t_all_lvspass_lnr30/k0toai012at11c4x5.stm
[SUCCEED]/nfs/pdx/disks/dcti_disk0078/k0_ward/k0_ward/cpark3/gmo/my_gmo/pshift_k0t_x80a1_newnames/_t_all_lvspass_lnr30/k0toai022at11c1x5.stm
[SUCCEED]/nfs/pdx/disks/dcti_disk0078/k0_ward/k0_ward/cpark3/gmo/my_gmo/pshift_k0t_x80a1_newnames/_t_all_lvspass_lnr30/k0toai022at11c2x5.stm
[SUCCEED]/nfs/pdx/disks/dcti_disk0078/k0_ward/k0_ward/cpark3/gmo/my_gmo/pshift_k0t_x80a1_newnames/_t_all_lvspass_lnr30/k0toai022at11c4x5.stm
[SUCCEED]/nfs/pdx/disks/dcti_disk0078/k0_ward/k0_ward/cpark3/gmo/my_gmo/pshift_k0t_x80a1_newnames/_t_all_lvspass_lnr30/k0torn002at11c1x5.stm
[SUCCEED]/nfs/pdx/disks/dcti_disk0078/k0_ward/k0_ward/cpark3/gmo/my_gmo/pshift_k0t_x80a1_newnames/_t_all_lvspass_lnr30/k0torn002at11c2x5.stm
[SUCCEED]/nfs/pdx/disks/dcti_disk0078/k0_ward/k0_ward/cpark3/gmo/my_gmo/pshift_k0t_x80a1_newnames/_t_all_lvspass_lnr30/k0trm0023at12c1x5.stm
[SUCCEED]/nfs/pdx/disks/dcti_disk0078/k0_ward/k0_ward/cpark3/gmo/my_gmo/pshift_k0t_x80a1_newnames/_t_all_lvspass_lnr30/k0trm0023at12c2x5.stm
[SUCCEED]/nfs/pdx/disks/dcti_disk0078/k0_ward/k0_ward/cpark3/gmo/my_gmo/pshift_k0t_x80a1_newnames/_t_all_lvspass_lnr30/k0txnr002at11c1x5.stm
[SUCCEED]/nfs/pdx/disks/dcti_disk0078/k0_ward/k0_ward/cpark3/gmo/my_gmo/pshift_k0t_x80a1_newnames/_t_all_lvspass_lnr30/k0txnr002at11c2x5.stm
[SUCCEED]/nfs/pdx/disks/dcti_disk0078/k0_ward/k0_ward/cpark3/gmo/my_gmo/pshift_k0t_x80a1_newnames/_t_all_lvspass_lnr30/k0txor002at11c1x5.stm
[SUCCEED]/nfs/pdx/disks/dcti_disk0078/k0_ward/k0_ward/cpark3/gmo/my_gmo/pshift_k0t_x80a1_newnames/_t_all_lvspass_lnr30/k0txor002at11c2x5.stm
