[SUCCEED]/nfs/pdx/disks/dcti_disk0078/k0_ward/k0_ward/cpark3/gmo/my_gmo/pshift_k0t_x80a1_newnames/renamed_layonly/output_lgfs/k0tzdsv22aa1n01x5.lgf
[SUCCEED]/nfs/pdx/disks/dcti_disk0078/k0_ward/k0_ward/cpark3/gmo/my_gmo/pshift_k0t_x80a1_newnames/renamed_layonly/output_lgfs/k0tydp122at11b0x5.lgf
[SUCCEED]/nfs/pdx/disks/dcti_disk0078/k0_ward/k0_ward/cpark3/gmo/my_gmo/pshift_k0t_x80a1_newnames/renamed_layonly/output_lgfs/k0tzdsv22aa1n02x5.lgf
[SUCCEED]/nfs/pdx/disks/dcti_disk0078/k0_ward/k0_ward/cpark3/gmo/my_gmo/pshift_k0t_x80a1_newnames/renamed_layonly/output_lgfs/k0tzdsv22aa1n03x5.lgf
[SUCCEED]/nfs/pdx/disks/dcti_disk0078/k0_ward/k0_ward/cpark3/gmo/my_gmo/pshift_k0t_x80a1_newnames/renamed_layonly/output_lgfs/k0tzdsv22aa1n04x5.lgf
[SUCCEED]/nfs/pdx/disks/dcti_disk0078/k0_ward/k0_ward/cpark3/gmo/my_gmo/pshift_k0t_x80a1_newnames/renamed_layonly/output_lgfs/k0tzdsv22aa1n05x5.lgf
[SUCCEED]/nfs/pdx/disks/dcti_disk0078/k0_ward/k0_ward/cpark3/gmo/my_gmo/pshift_k0t_x80a1_newnames/renamed_layonly/output_lgfs/k0tzdsv22aa1n06x5.lgf
[SUCCEED]/nfs/pdx/disks/dcti_disk0078/k0_ward/k0_ward/cpark3/gmo/my_gmo/pshift_k0t_x80a1_newnames/renamed_layonly/output_lgfs/k0tzdsv22aa1n08x5.lgf
[SUCCEED]/nfs/pdx/disks/dcti_disk0078/k0_ward/k0_ward/cpark3/gmo/my_gmo/pshift_k0t_x80a1_newnames/renamed_layonly/output_lgfs/k0tzdsv22aa1n10x5.lgf
[SUCCEED]/nfs/pdx/disks/dcti_disk0078/k0_ward/k0_ward/cpark3/gmo/my_gmo/pshift_k0t_x80a1_newnames/renamed_layonly/output_lgfs/k0tzdsv22aa1n16x5.lgf
[SUCCEED]/nfs/pdx/disks/dcti_disk0078/k0_ward/k0_ward/cpark3/gmo/my_gmo/pshift_k0t_x80a1_newnames/renamed_layonly/output_lgfs/k0tzdsv22aa1n32x5.lgf
[SUCCEED]/nfs/pdx/disks/dcti_disk0078/k0_ward/k0_ward/cpark3/gmo/my_gmo/pshift_k0t_x80a1_newnames/renamed_layonly/output_lgfs/k0tzdsv22aa1n64x5.lgf
[SUCCEED]/nfs/pdx/disks/dcti_disk0078/k0_ward/k0_ward/cpark3/gmo/my_gmo/pshift_k0t_x80a1_newnames/renamed_layonly/output_lgfs/k0tzdsv22ab1n01x5.lgf
[SUCCEED]/nfs/pdx/disks/dcti_disk0078/k0_ward/k0_ward/cpark3/gmo/my_gmo/pshift_k0t_x80a1_newnames/renamed_layonly/output_lgfs/k0tzdsv22ab1n02x5.lgf
[SUCCEED]/nfs/pdx/disks/dcti_disk0078/k0_ward/k0_ward/cpark3/gmo/my_gmo/pshift_k0t_x80a1_newnames/renamed_layonly/output_lgfs/k0tzdsv22ab1n03x5.lgf
[SUCCEED]/nfs/pdx/disks/dcti_disk0078/k0_ward/k0_ward/cpark3/gmo/my_gmo/pshift_k0t_x80a1_newnames/renamed_layonly/output_lgfs/k0tzdsv22ab1n04x5.lgf
[SUCCEED]/nfs/pdx/disks/dcti_disk0078/k0_ward/k0_ward/cpark3/gmo/my_gmo/pshift_k0t_x80a1_newnames/renamed_layonly/output_lgfs/k0tzdsv22ab1n05x5.lgf
[SUCCEED]/nfs/pdx/disks/dcti_disk0078/k0_ward/k0_ward/cpark3/gmo/my_gmo/pshift_k0t_x80a1_newnames/renamed_layonly/output_lgfs/k0tzdsv22ab1n06x5.lgf
[SUCCEED]/nfs/pdx/disks/dcti_disk0078/k0_ward/k0_ward/cpark3/gmo/my_gmo/pshift_k0t_x80a1_newnames/renamed_layonly/output_lgfs/k0tzdsv22ab1n08x5.lgf
[SUCCEED]/nfs/pdx/disks/dcti_disk0078/k0_ward/k0_ward/cpark3/gmo/my_gmo/pshift_k0t_x80a1_newnames/renamed_layonly/output_lgfs/k0tzdsv22ab1n10x5.lgf
[SUCCEED]/nfs/pdx/disks/dcti_disk0078/k0_ward/k0_ward/cpark3/gmo/my_gmo/pshift_k0t_x80a1_newnames/renamed_layonly/output_lgfs/k0tzdsv22ab1n16x5.lgf
[SUCCEED]/nfs/pdx/disks/dcti_disk0078/k0_ward/k0_ward/cpark3/gmo/my_gmo/pshift_k0t_x80a1_newnames/renamed_layonly/output_lgfs/k0tzdsv22ab1n32x5.lgf
[SUCCEED]/nfs/pdx/disks/dcti_disk0078/k0_ward/k0_ward/cpark3/gmo/my_gmo/pshift_k0t_x80a1_newnames/renamed_layonly/output_lgfs/k0tzdsv22ab1n64x5.lgf
[SUCCEED]/nfs/pdx/disks/dcti_disk0078/k0_ward/k0_ward/cpark3/gmo/my_gmo/pshift_k0t_x80a1_newnames/renamed_layonly/output_lgfs/k0tzdsv22ac1n16x5.lgf
[SUCCEED]/nfs/pdx/disks/dcti_disk0078/k0_ward/k0_ward/cpark3/gmo/my_gmo/pshift_k0t_x80a1_newnames/renamed_layonly/output_lgfs/k0tzdsv33at11c1x5.lgf
[SUCCEED]/nfs/pdx/disks/dcti_disk0078/k0_ward/k0_ward/cpark3/gmo/my_gmo/pshift_k0t_x80a1_newnames/renamed_layonly/output_lgfs/k0tzdsv33at11c2x5.lgf
[SUCCEED]/nfs/pdx/disks/dcti_disk0078/k0_ward/k0_ward/cpark3/gmo/my_gmo/pshift_k0t_x80a1_newnames/renamed_layonly/output_lgfs/k0tzdsv33at11c3x5.lgf
[SUCCEED]/nfs/pdx/disks/dcti_disk0078/k0_ward/k0_ward/cpark3/gmo/my_gmo/pshift_k0t_x80a1_newnames/renamed_layonly/output_lgfs/k0tzdsv33at11c4x5.lgf
[SUCCEED]/nfs/pdx/disks/dcti_disk0078/k0_ward/k0_ward/cpark3/gmo/my_gmo/pshift_k0t_x80a1_newnames/renamed_layonly/output_lgfs/k0tzdsv33at11c5x5.lgf
[SUCCEED]/nfs/pdx/disks/dcti_disk0078/k0_ward/k0_ward/cpark3/gmo/my_gmo/pshift_k0t_x80a1_newnames/renamed_layonly/output_lgfs/k0tzdsv33at11c6x5.lgf
[SUCCEED]/nfs/pdx/disks/dcti_disk0078/k0_ward/k0_ward/cpark3/gmo/my_gmo/pshift_k0t_x80a1_newnames/renamed_layonly/output_lgfs/k0tzdsv33at11c8x5.lgf
[SUCCEED]/nfs/pdx/disks/dcti_disk0078/k0_ward/k0_ward/cpark3/gmo/my_gmo/pshift_k0t_x80a1_newnames/renamed_layonly/output_lgfs/k0tzdsv33at11cax5.lgf
[SUCCEED]/nfs/pdx/disks/dcti_disk0078/k0_ward/k0_ward/cpark3/gmo/my_gmo/pshift_k0t_x80a1_newnames/renamed_layonly/output_lgfs/k0tzdsv22ac1n32x5.lgf
[SUCCEED]/nfs/pdx/disks/dcti_disk0078/k0_ward/k0_ward/cpark3/gmo/my_gmo/pshift_k0t_x80a1_newnames/renamed_layonly/output_lgfs/k0tzdsv22ac1n64x5.lgf
[SUCCEED]/nfs/pdx/disks/dcti_disk0078/k0_ward/k0_ward/cpark3/gmo/my_gmo/pshift_k0t_x80a1_newnames/renamed_layonly/output_lgfs/k0tzdsv22ad1n01x5.lgf
[SUCCEED]/nfs/pdx/disks/dcti_disk0078/k0_ward/k0_ward/cpark3/gmo/my_gmo/pshift_k0t_x80a1_newnames/renamed_layonly/output_lgfs/k0tzdsv22ad1n02x5.lgf
[SUCCEED]/nfs/pdx/disks/dcti_disk0078/k0_ward/k0_ward/cpark3/gmo/my_gmo/pshift_k0t_x80a1_newnames/renamed_layonly/output_lgfs/k0tzdsv22ad1n03x5.lgf
[SUCCEED]/nfs/pdx/disks/dcti_disk0078/k0_ward/k0_ward/cpark3/gmo/my_gmo/pshift_k0t_x80a1_newnames/renamed_layonly/output_lgfs/k0tzdsv22ad1n04x5.lgf
[SUCCEED]/nfs/pdx/disks/dcti_disk0078/k0_ward/k0_ward/cpark3/gmo/my_gmo/pshift_k0t_x80a1_newnames/renamed_layonly/output_lgfs/k0tzdsv22ad1n05x5.lgf
[SUCCEED]/nfs/pdx/disks/dcti_disk0078/k0_ward/k0_ward/cpark3/gmo/my_gmo/pshift_k0t_x80a1_newnames/renamed_layonly/output_lgfs/k0tzdsv22ad1n06x5.lgf
[SUCCEED]/nfs/pdx/disks/dcti_disk0078/k0_ward/k0_ward/cpark3/gmo/my_gmo/pshift_k0t_x80a1_newnames/renamed_layonly/output_lgfs/k0tzdsv22ad1n08x5.lgf
[SUCCEED]/nfs/pdx/disks/dcti_disk0078/k0_ward/k0_ward/cpark3/gmo/my_gmo/pshift_k0t_x80a1_newnames/renamed_layonly/output_lgfs/k0tzdsv22ad1n10x5.lgf
[SUCCEED]/nfs/pdx/disks/dcti_disk0078/k0_ward/k0_ward/cpark3/gmo/my_gmo/pshift_k0t_x80a1_newnames/renamed_layonly/output_lgfs/k0tzdsv22ad1n16x5.lgf
[SUCCEED]/nfs/pdx/disks/dcti_disk0078/k0_ward/k0_ward/cpark3/gmo/my_gmo/pshift_k0t_x80a1_newnames/renamed_layonly/output_lgfs/k0tzdsv22ad1n32x5.lgf
[SUCCEED]/nfs/pdx/disks/dcti_disk0078/k0_ward/k0_ward/cpark3/gmo/my_gmo/pshift_k0t_x80a1_newnames/renamed_layonly/output_lgfs/k0tzdsv22ad1n64x5.lgf
[SUCCEED]/nfs/pdx/disks/dcti_disk0078/k0_ward/k0_ward/cpark3/gmo/my_gmo/pshift_k0t_x80a1_newnames/renamed_layonly/output_lgfs/k0tzvcc00at11b0x5.lgf
[SUCCEED]/nfs/pdx/disks/dcti_disk0078/k0_ward/k0_ward/cpark3/gmo/my_gmo/pshift_k0t_x80a1_newnames/renamed_layonly/output_lgfs/k0tzvss00at11b0x5.lgf
