[SUCCEED]/nfs/pdx/disks/dcti_disk0078/k0_ward/k0_ward/cpark3/gmo/my_gmo/pshift_k0t_x80a1_newnames/renamed_laygen144/input_lgfs/k0tcinv00at11c4x5_expt_8.lgf
[SUCCEED]/nfs/pdx/disks/dcti_disk0078/k0_ward/k0_ward/cpark3/gmo/my_gmo/pshift_k0t_x80a1_newnames/renamed_laygen144/input_lgfs/k0tcinv00at11c6x5_expt_55.lgf
[SUCCEED]/nfs/pdx/disks/dcti_disk0078/k0_ward/k0_ward/cpark3/gmo/my_gmo/pshift_k0t_x80a1_newnames/renamed_laygen144/input_lgfs/k0tcinv00at11c8x5_expt_45.lgf
[SUCCEED]/nfs/pdx/disks/dcti_disk0078/k0_ward/k0_ward/cpark3/gmo/my_gmo/pshift_k0t_x80a1_newnames/renamed_laygen144/input_lgfs/k0tclb0a2at12c8x5_expt_20.lgf
[SUCCEED]/nfs/pdx/disks/dcti_disk0078/k0_ward/k0_ward/cpark3/gmo/my_gmo/pshift_k0t_x80a1_newnames/renamed_laygen144/input_lgfs/k0tfuy000at12c1x5_expt_28.lgf
[SUCCEED]/nfs/pdx/disks/dcti_disk0078/k0_ward/k0_ward/cpark3/gmo/my_gmo/pshift_k0t_x80a1_newnames/renamed_laygen144/input_lgfs/k0tfuy000at12c2x5_expt_187.lgf
[SUCCEED]/nfs/pdx/disks/dcti_disk0078/k0_ward/k0_ward/cpark3/gmo/my_gmo/pshift_k0t_x80a1_newnames/renamed_laygen144/input_lgfs/k0tfuy000at12c4x5_expt_11.lgf
[SUCCEED]/nfs/pdx/disks/dcti_disk0078/k0_ward/k0_ward/cpark3/gmo/my_gmo/pshift_k0t_x80a1_newnames/renamed_laygen144/input_lgfs/k0tfuz400at14c2x5_expt_2.lgf
[SUCCEED]/nfs/pdx/disks/dcti_disk0078/k0_ward/k0_ward/cpark3/gmo/my_gmo/pshift_k0t_x80a1_newnames/renamed_laygen144/input_lgfs/k0tfvy003at12c1x5_expt_29.lgf
[SUCCEED]/nfs/pdx/disks/dcti_disk0078/k0_ward/k0_ward/cpark3/gmo/my_gmo/pshift_k0t_x80a1_newnames/renamed_laygen144/input_lgfs/k0tfvy003at12c2x5_expt_11.lgf
[SUCCEED]/nfs/pdx/disks/dcti_disk0078/k0_ward/k0_ward/cpark3/gmo/my_gmo/pshift_k0t_x80a1_newnames/renamed_laygen144/input_lgfs/k0tfvz00bat12c1x5_expt_11.lgf
[SUCCEED]/nfs/pdx/disks/dcti_disk0078/k0_ward/k0_ward/cpark3/gmo/my_gmo/pshift_k0t_x80a1_newnames/renamed_laygen144/input_lgfs/k0tfvz00bat12c2x5_expt_5.lgf
[SUCCEED]/nfs/pdx/disks/dcti_disk0078/k0_ward/k0_ward/cpark3/gmo/my_gmo/pshift_k0t_x80a1_newnames/renamed_laygen144/input_lgfs/k0tfvz08bat12c1x5_expt_5.lgf
[SUCCEED]/nfs/pdx/disks/dcti_disk0078/k0_ward/k0_ward/cpark3/gmo/my_gmo/pshift_k0t_x80a1_newnames/renamed_laygen144/input_lgfs/k0tfvz08bat12c2x5_expt_6.lgf
[SUCCEED]/nfs/pdx/disks/dcti_disk0078/k0_ward/k0_ward/cpark3/gmo/my_gmo/pshift_k0t_x80a1_newnames/renamed_laygen144/input_lgfs/k0tmdn022at11c1x5_expt_76.lgf
[SUCCEED]/nfs/pdx/disks/dcti_disk0078/k0_ward/k0_ward/cpark3/gmo/my_gmo/pshift_k0t_x80a1_newnames/renamed_laygen144/input_lgfs/k0tmdn022at11c2x5_expt_92.lgf
[SUCCEED]/nfs/pdx/disks/dcti_disk0078/k0_ward/k0_ward/cpark3/gmo/my_gmo/pshift_k0t_x80a1_newnames/renamed_laygen144/input_lgfs/k0tnand24at11c1x5_expt_2.lgf
[SUCCEED]/nfs/pdx/disks/dcti_disk0078/k0_ward/k0_ward/cpark3/gmo/my_gmo/pshift_k0t_x80a1_newnames/renamed_laygen144/input_lgfs/k0tnor024at11c1x5_expt_1.lgf
[SUCCEED]/nfs/pdx/disks/dcti_disk0078/k0_ward/k0_ward/cpark3/gmo/my_gmo/pshift_k0t_x80a1_newnames/renamed_laygen144/input_lgfs/k0txnr002at11c1x5_expt_15.lgf
[SUCCEED]/nfs/pdx/disks/dcti_disk0078/k0_ward/k0_ward/cpark3/gmo/my_gmo/pshift_k0t_x80a1_newnames/renamed_laygen144/input_lgfs/k0txor002at11c1x5_expt_119.lgf
