-------------------------------------------------------------------------------
LgfToOas
Version 1.0

CIT application suite
Copyright 2006-2022, Intel Corporation
INTERNAL USE ONLY - NOT FOR EXTERNAL DISTRIBUTION

Run by:       cpark3
Run date:     Jul 23 2023 10:13:29
Run on:       plxchx088.pdx.intel.com
Platform:     SUSE Linux Enterprise Server 12 SP5
PID:          21753

LAYGEN:       /nfs/site/proj/cit/tools/laygen/latest/
Binary path:  /nfs/site/proj/cit/tools/laygen/latest//bin/sles12/lgf2geo
Args:         -i /nfs/pdx/disks/dcti_disk0078/k0_ward/k0_ward/cpark3/gmo/my_gmo/pshift_k0t_x80a1_newnames/renamed_laygen144/output_lgfs/k0tcinv00at11c4x5_expt_8.lgf -o /nfs/pdx/disks/dcti_disk0078/k0_ward/k0_ward/cpark3/gmo/my_gmo/pshift_k0t_x80a1_newnames/renamed_laygen144/output_stms/k0tcinv00at11c4x5_expt_8.stm --layerMap /nfs/pdx/disks/dcti_disk0078/k0_ward/k0_ward/cpark3/gmo/my_gmo/pshift_k0t_x80a1_newnames/p1280_pshift.map --oo --dbu 1e-10 
CWD:          /nfs/pdx/disks/dcti_disk0078/k0_ward/k0_ward/cpark3/gmo/my_gmo/pshift_k0t_x80a1_newnames
-----------------------------------------------------------
Compiled at:  17:26:48 on Apr 13 2022
Compiled for: gcc-x64-optimized
Compiled on:  sles12
BUILD OS:     SUSE_Linux_Enterprise_Server_12_SP5
FPU config:   895
GCC:          10.2.0
-----------------------------------------------------------
Component versions:
Boost:        1.78.0/default-SEC-no_polygon_v2
DOGS:         5.21.0 (5.21.0) with GTL 1.9.1
MKL:          2021.0.20210617 (Intel(R) Advanced Vector Extensions 2 (Intel(R) AVX2) enabled processors)
TBB:          2020.3/rev3
TCMalloc:     gperftools 2.8.1
sqlite3:      3.28.0
Prover:       21.4p6/default-SEC-v3
-----------------------------------------------------------
Entitlement:  CIT_LAYGEN_TOOL_ACCESS
Authorized:   cpark3 (CIT_LAYGEN_TOOL_ACCESS)
Expires:      Never
-----------------------------------------------------------
DINI: Setting  global hierarchy repair mode to level 1.
Could not find architecture values file at /nfs/site/proj/cit/tools/laygen/latest//collaterals//arch/k0t/k0t_arch_values.txt
LGFO: Done.
-------------------------------------------------------------------------------
LgfToOas
Version 1.0

CIT application suite
Copyright 2006-2022, Intel Corporation
INTERNAL USE ONLY - NOT FOR EXTERNAL DISTRIBUTION

Run by:       cpark3
Run date:     Jul 23 2023 10:13:29
Run on:       plxchx088.pdx.intel.com
Platform:     SUSE Linux Enterprise Server 12 SP5
PID:          21785

LAYGEN:       /nfs/site/proj/cit/tools/laygen/latest/
Binary path:  /nfs/site/proj/cit/tools/laygen/latest//bin/sles12/lgf2geo
Args:         -i /nfs/pdx/disks/dcti_disk0078/k0_ward/k0_ward/cpark3/gmo/my_gmo/pshift_k0t_x80a1_newnames/renamed_laygen144/output_lgfs/k0tcinv00at11c6x5_expt_55.lgf -o /nfs/pdx/disks/dcti_disk0078/k0_ward/k0_ward/cpark3/gmo/my_gmo/pshift_k0t_x80a1_newnames/renamed_laygen144/output_stms/k0tcinv00at11c6x5_expt_55.stm --layerMap /nfs/pdx/disks/dcti_disk0078/k0_ward/k0_ward/cpark3/gmo/my_gmo/pshift_k0t_x80a1_newnames/p1280_pshift.map --oo --dbu 1e-10 
CWD:          /nfs/pdx/disks/dcti_disk0078/k0_ward/k0_ward/cpark3/gmo/my_gmo/pshift_k0t_x80a1_newnames
-----------------------------------------------------------
Compiled at:  17:26:48 on Apr 13 2022
Compiled for: gcc-x64-optimized
Compiled on:  sles12
BUILD OS:     SUSE_Linux_Enterprise_Server_12_SP5
FPU config:   895
GCC:          10.2.0
-----------------------------------------------------------
Component versions:
Boost:        1.78.0/default-SEC-no_polygon_v2
DOGS:         5.21.0 (5.21.0) with GTL 1.9.1
MKL:          2021.0.20210617 (Intel(R) Advanced Vector Extensions 2 (Intel(R) AVX2) enabled processors)
TBB:          2020.3/rev3
TCMalloc:     gperftools 2.8.1
sqlite3:      3.28.0
Prover:       21.4p6/default-SEC-v3
-----------------------------------------------------------
Entitlement:  CIT_LAYGEN_TOOL_ACCESS
Authorized:   cpark3 (CIT_LAYGEN_TOOL_ACCESS)
Expires:      Never
-----------------------------------------------------------
DINI: Setting  global hierarchy repair mode to level 1.
Could not find architecture values file at /nfs/site/proj/cit/tools/laygen/latest//collaterals//arch/k0t/k0t_arch_values.txt
LGFO: Done.
-------------------------------------------------------------------------------
LgfToOas
Version 1.0

CIT application suite
Copyright 2006-2022, Intel Corporation
INTERNAL USE ONLY - NOT FOR EXTERNAL DISTRIBUTION

Run by:       cpark3
Run date:     Jul 23 2023 10:13:29
Run on:       plxchx088.pdx.intel.com
Platform:     SUSE Linux Enterprise Server 12 SP5
PID:          21818

LAYGEN:       /nfs/site/proj/cit/tools/laygen/latest/
Binary path:  /nfs/site/proj/cit/tools/laygen/latest//bin/sles12/lgf2geo
Args:         -i /nfs/pdx/disks/dcti_disk0078/k0_ward/k0_ward/cpark3/gmo/my_gmo/pshift_k0t_x80a1_newnames/renamed_laygen144/output_lgfs/k0tcinv00at11c8x5_expt_45.lgf -o /nfs/pdx/disks/dcti_disk0078/k0_ward/k0_ward/cpark3/gmo/my_gmo/pshift_k0t_x80a1_newnames/renamed_laygen144/output_stms/k0tcinv00at11c8x5_expt_45.stm --layerMap /nfs/pdx/disks/dcti_disk0078/k0_ward/k0_ward/cpark3/gmo/my_gmo/pshift_k0t_x80a1_newnames/p1280_pshift.map --oo --dbu 1e-10 
CWD:          /nfs/pdx/disks/dcti_disk0078/k0_ward/k0_ward/cpark3/gmo/my_gmo/pshift_k0t_x80a1_newnames
-----------------------------------------------------------
Compiled at:  17:26:48 on Apr 13 2022
Compiled for: gcc-x64-optimized
Compiled on:  sles12
BUILD OS:     SUSE_Linux_Enterprise_Server_12_SP5
FPU config:   895
GCC:          10.2.0
-----------------------------------------------------------
Component versions:
Boost:        1.78.0/default-SEC-no_polygon_v2
DOGS:         5.21.0 (5.21.0) with GTL 1.9.1
MKL:          2021.0.20210617 (Intel(R) Advanced Vector Extensions 2 (Intel(R) AVX2) enabled processors)
TBB:          2020.3/rev3
TCMalloc:     gperftools 2.8.1
sqlite3:      3.28.0
Prover:       21.4p6/default-SEC-v3
-----------------------------------------------------------
Entitlement:  CIT_LAYGEN_TOOL_ACCESS
Authorized:   cpark3 (CIT_LAYGEN_TOOL_ACCESS)
Expires:      Never
-----------------------------------------------------------
DINI: Setting  global hierarchy repair mode to level 1.
Could not find architecture values file at /nfs/site/proj/cit/tools/laygen/latest//collaterals//arch/k0t/k0t_arch_values.txt
LGFO: Done.
-------------------------------------------------------------------------------
LgfToOas
Version 1.0

CIT application suite
Copyright 2006-2022, Intel Corporation
INTERNAL USE ONLY - NOT FOR EXTERNAL DISTRIBUTION

Run by:       cpark3
Run date:     Jul 23 2023 10:13:29
Run on:       plxchx088.pdx.intel.com
Platform:     SUSE Linux Enterprise Server 12 SP5
PID:          21848

LAYGEN:       /nfs/site/proj/cit/tools/laygen/latest/
Binary path:  /nfs/site/proj/cit/tools/laygen/latest//bin/sles12/lgf2geo
Args:         -i /nfs/pdx/disks/dcti_disk0078/k0_ward/k0_ward/cpark3/gmo/my_gmo/pshift_k0t_x80a1_newnames/renamed_laygen144/output_lgfs/k0tclb0a2at12c8x5_expt_20.lgf -o /nfs/pdx/disks/dcti_disk0078/k0_ward/k0_ward/cpark3/gmo/my_gmo/pshift_k0t_x80a1_newnames/renamed_laygen144/output_stms/k0tclb0a2at12c8x5_expt_20.stm --layerMap /nfs/pdx/disks/dcti_disk0078/k0_ward/k0_ward/cpark3/gmo/my_gmo/pshift_k0t_x80a1_newnames/p1280_pshift.map --oo --dbu 1e-10 
CWD:          /nfs/pdx/disks/dcti_disk0078/k0_ward/k0_ward/cpark3/gmo/my_gmo/pshift_k0t_x80a1_newnames
-----------------------------------------------------------
Compiled at:  17:26:48 on Apr 13 2022
Compiled for: gcc-x64-optimized
Compiled on:  sles12
BUILD OS:     SUSE_Linux_Enterprise_Server_12_SP5
FPU config:   895
GCC:          10.2.0
-----------------------------------------------------------
Component versions:
Boost:        1.78.0/default-SEC-no_polygon_v2
DOGS:         5.21.0 (5.21.0) with GTL 1.9.1
MKL:          2021.0.20210617 (Intel(R) Advanced Vector Extensions 2 (Intel(R) AVX2) enabled processors)
TBB:          2020.3/rev3
TCMalloc:     gperftools 2.8.1
sqlite3:      3.28.0
Prover:       21.4p6/default-SEC-v3
-----------------------------------------------------------
Entitlement:  CIT_LAYGEN_TOOL_ACCESS
Authorized:   cpark3 (CIT_LAYGEN_TOOL_ACCESS)
Expires:      Never
-----------------------------------------------------------
DINI: Setting  global hierarchy repair mode to level 1.
Could not find architecture values file at /nfs/site/proj/cit/tools/laygen/latest//collaterals//arch/k0t/k0t_arch_values.txt
LGFO: Done.
-------------------------------------------------------------------------------
LgfToOas
Version 1.0

CIT application suite
Copyright 2006-2022, Intel Corporation
INTERNAL USE ONLY - NOT FOR EXTERNAL DISTRIBUTION

Run by:       cpark3
Run date:     Jul 23 2023 10:13:29
Run on:       plxchx088.pdx.intel.com
Platform:     SUSE Linux Enterprise Server 12 SP5
PID:          21881

LAYGEN:       /nfs/site/proj/cit/tools/laygen/latest/
Binary path:  /nfs/site/proj/cit/tools/laygen/latest//bin/sles12/lgf2geo
Args:         -i /nfs/pdx/disks/dcti_disk0078/k0_ward/k0_ward/cpark3/gmo/my_gmo/pshift_k0t_x80a1_newnames/renamed_laygen144/output_lgfs/k0tfuy000at12c1x5_expt_28.lgf -o /nfs/pdx/disks/dcti_disk0078/k0_ward/k0_ward/cpark3/gmo/my_gmo/pshift_k0t_x80a1_newnames/renamed_laygen144/output_stms/k0tfuy000at12c1x5_expt_28.stm --layerMap /nfs/pdx/disks/dcti_disk0078/k0_ward/k0_ward/cpark3/gmo/my_gmo/pshift_k0t_x80a1_newnames/p1280_pshift.map --oo --dbu 1e-10 
CWD:          /nfs/pdx/disks/dcti_disk0078/k0_ward/k0_ward/cpark3/gmo/my_gmo/pshift_k0t_x80a1_newnames
-----------------------------------------------------------
Compiled at:  17:26:48 on Apr 13 2022
Compiled for: gcc-x64-optimized
Compiled on:  sles12
BUILD OS:     SUSE_Linux_Enterprise_Server_12_SP5
FPU config:   895
GCC:          10.2.0
-----------------------------------------------------------
Component versions:
Boost:        1.78.0/default-SEC-no_polygon_v2
DOGS:         5.21.0 (5.21.0) with GTL 1.9.1
MKL:          2021.0.20210617 (Intel(R) Advanced Vector Extensions 2 (Intel(R) AVX2) enabled processors)
TBB:          2020.3/rev3
TCMalloc:     gperftools 2.8.1
sqlite3:      3.28.0
Prover:       21.4p6/default-SEC-v3
-----------------------------------------------------------
Entitlement:  CIT_LAYGEN_TOOL_ACCESS
Authorized:   cpark3 (CIT_LAYGEN_TOOL_ACCESS)
Expires:      Never
-----------------------------------------------------------
DINI: Setting  global hierarchy repair mode to level 1.
Could not find architecture values file at /nfs/site/proj/cit/tools/laygen/latest//collaterals//arch/k0t/k0t_arch_values.txt
LGFO: Done.
-------------------------------------------------------------------------------
LgfToOas
Version 1.0

CIT application suite
Copyright 2006-2022, Intel Corporation
INTERNAL USE ONLY - NOT FOR EXTERNAL DISTRIBUTION

Run by:       cpark3
Run date:     Jul 23 2023 10:13:29
Run on:       plxchx088.pdx.intel.com
Platform:     SUSE Linux Enterprise Server 12 SP5
PID:          21912

LAYGEN:       /nfs/site/proj/cit/tools/laygen/latest/
Binary path:  /nfs/site/proj/cit/tools/laygen/latest//bin/sles12/lgf2geo
Args:         -i /nfs/pdx/disks/dcti_disk0078/k0_ward/k0_ward/cpark3/gmo/my_gmo/pshift_k0t_x80a1_newnames/renamed_laygen144/output_lgfs/k0tfuy000at12c2x5_expt_187.lgf -o /nfs/pdx/disks/dcti_disk0078/k0_ward/k0_ward/cpark3/gmo/my_gmo/pshift_k0t_x80a1_newnames/renamed_laygen144/output_stms/k0tfuy000at12c2x5_expt_187.stm --layerMap /nfs/pdx/disks/dcti_disk0078/k0_ward/k0_ward/cpark3/gmo/my_gmo/pshift_k0t_x80a1_newnames/p1280_pshift.map --oo --dbu 1e-10 
CWD:          /nfs/pdx/disks/dcti_disk0078/k0_ward/k0_ward/cpark3/gmo/my_gmo/pshift_k0t_x80a1_newnames
-----------------------------------------------------------
Compiled at:  17:26:48 on Apr 13 2022
Compiled for: gcc-x64-optimized
Compiled on:  sles12
BUILD OS:     SUSE_Linux_Enterprise_Server_12_SP5
FPU config:   895
GCC:          10.2.0
-----------------------------------------------------------
Component versions:
Boost:        1.78.0/default-SEC-no_polygon_v2
DOGS:         5.21.0 (5.21.0) with GTL 1.9.1
MKL:          2021.0.20210617 (Intel(R) Advanced Vector Extensions 2 (Intel(R) AVX2) enabled processors)
TBB:          2020.3/rev3
TCMalloc:     gperftools 2.8.1
sqlite3:      3.28.0
Prover:       21.4p6/default-SEC-v3
-----------------------------------------------------------
Entitlement:  CIT_LAYGEN_TOOL_ACCESS
Authorized:   cpark3 (CIT_LAYGEN_TOOL_ACCESS)
Expires:      Never
-----------------------------------------------------------
DINI: Setting  global hierarchy repair mode to level 1.
Could not find architecture values file at /nfs/site/proj/cit/tools/laygen/latest//collaterals//arch/k0t/k0t_arch_values.txt
LGFO: Done.
-------------------------------------------------------------------------------
LgfToOas
Version 1.0

CIT application suite
Copyright 2006-2022, Intel Corporation
INTERNAL USE ONLY - NOT FOR EXTERNAL DISTRIBUTION

Run by:       cpark3
Run date:     Jul 23 2023 10:13:29
Run on:       plxchx088.pdx.intel.com
Platform:     SUSE Linux Enterprise Server 12 SP5
PID:          21945

LAYGEN:       /nfs/site/proj/cit/tools/laygen/latest/
Binary path:  /nfs/site/proj/cit/tools/laygen/latest//bin/sles12/lgf2geo
Args:         -i /nfs/pdx/disks/dcti_disk0078/k0_ward/k0_ward/cpark3/gmo/my_gmo/pshift_k0t_x80a1_newnames/renamed_laygen144/output_lgfs/k0tfuy000at12c4x5_expt_11.lgf -o /nfs/pdx/disks/dcti_disk0078/k0_ward/k0_ward/cpark3/gmo/my_gmo/pshift_k0t_x80a1_newnames/renamed_laygen144/output_stms/k0tfuy000at12c4x5_expt_11.stm --layerMap /nfs/pdx/disks/dcti_disk0078/k0_ward/k0_ward/cpark3/gmo/my_gmo/pshift_k0t_x80a1_newnames/p1280_pshift.map --oo --dbu 1e-10 
CWD:          /nfs/pdx/disks/dcti_disk0078/k0_ward/k0_ward/cpark3/gmo/my_gmo/pshift_k0t_x80a1_newnames
-----------------------------------------------------------
Compiled at:  17:26:48 on Apr 13 2022
Compiled for: gcc-x64-optimized
Compiled on:  sles12
BUILD OS:     SUSE_Linux_Enterprise_Server_12_SP5
FPU config:   895
GCC:          10.2.0
-----------------------------------------------------------
Component versions:
Boost:        1.78.0/default-SEC-no_polygon_v2
DOGS:         5.21.0 (5.21.0) with GTL 1.9.1
MKL:          2021.0.20210617 (Intel(R) Advanced Vector Extensions 2 (Intel(R) AVX2) enabled processors)
TBB:          2020.3/rev3
TCMalloc:     gperftools 2.8.1
sqlite3:      3.28.0
Prover:       21.4p6/default-SEC-v3
-----------------------------------------------------------
Entitlement:  CIT_LAYGEN_TOOL_ACCESS
Authorized:   cpark3 (CIT_LAYGEN_TOOL_ACCESS)
Expires:      Never
-----------------------------------------------------------
DINI: Setting  global hierarchy repair mode to level 1.
Could not find architecture values file at /nfs/site/proj/cit/tools/laygen/latest//collaterals//arch/k0t/k0t_arch_values.txt
LGFO: Done.
-------------------------------------------------------------------------------
LgfToOas
Version 1.0

CIT application suite
Copyright 2006-2022, Intel Corporation
INTERNAL USE ONLY - NOT FOR EXTERNAL DISTRIBUTION

Run by:       cpark3
Run date:     Jul 23 2023 10:13:29
Run on:       plxchx088.pdx.intel.com
Platform:     SUSE Linux Enterprise Server 12 SP5
PID:          21976

LAYGEN:       /nfs/site/proj/cit/tools/laygen/latest/
Binary path:  /nfs/site/proj/cit/tools/laygen/latest//bin/sles12/lgf2geo
Args:         -i /nfs/pdx/disks/dcti_disk0078/k0_ward/k0_ward/cpark3/gmo/my_gmo/pshift_k0t_x80a1_newnames/renamed_laygen144/output_lgfs/k0tfuz400at14c2x5_expt_2.lgf -o /nfs/pdx/disks/dcti_disk0078/k0_ward/k0_ward/cpark3/gmo/my_gmo/pshift_k0t_x80a1_newnames/renamed_laygen144/output_stms/k0tfuz400at14c2x5_expt_2.stm --layerMap /nfs/pdx/disks/dcti_disk0078/k0_ward/k0_ward/cpark3/gmo/my_gmo/pshift_k0t_x80a1_newnames/p1280_pshift.map --oo --dbu 1e-10 
CWD:          /nfs/pdx/disks/dcti_disk0078/k0_ward/k0_ward/cpark3/gmo/my_gmo/pshift_k0t_x80a1_newnames
-----------------------------------------------------------
Compiled at:  17:26:48 on Apr 13 2022
Compiled for: gcc-x64-optimized
Compiled on:  sles12
BUILD OS:     SUSE_Linux_Enterprise_Server_12_SP5
FPU config:   895
GCC:          10.2.0
-----------------------------------------------------------
Component versions:
Boost:        1.78.0/default-SEC-no_polygon_v2
DOGS:         5.21.0 (5.21.0) with GTL 1.9.1
MKL:          2021.0.20210617 (Intel(R) Advanced Vector Extensions 2 (Intel(R) AVX2) enabled processors)
TBB:          2020.3/rev3
TCMalloc:     gperftools 2.8.1
sqlite3:      3.28.0
Prover:       21.4p6/default-SEC-v3
-----------------------------------------------------------
Entitlement:  CIT_LAYGEN_TOOL_ACCESS
Authorized:   cpark3 (CIT_LAYGEN_TOOL_ACCESS)
Expires:      Never
-----------------------------------------------------------
DINI: Setting  global hierarchy repair mode to level 1.
Could not find architecture values file at /nfs/site/proj/cit/tools/laygen/latest//collaterals//arch/k0t/k0t_arch_values.txt
LGFO: Done.
-------------------------------------------------------------------------------
LgfToOas
Version 1.0

CIT application suite
Copyright 2006-2022, Intel Corporation
INTERNAL USE ONLY - NOT FOR EXTERNAL DISTRIBUTION

Run by:       cpark3
Run date:     Jul 23 2023 10:13:29
Run on:       plxchx088.pdx.intel.com
Platform:     SUSE Linux Enterprise Server 12 SP5
PID:          22007

LAYGEN:       /nfs/site/proj/cit/tools/laygen/latest/
Binary path:  /nfs/site/proj/cit/tools/laygen/latest//bin/sles12/lgf2geo
Args:         -i /nfs/pdx/disks/dcti_disk0078/k0_ward/k0_ward/cpark3/gmo/my_gmo/pshift_k0t_x80a1_newnames/renamed_laygen144/output_lgfs/k0tfvy003at12c1x5_expt_29.lgf -o /nfs/pdx/disks/dcti_disk0078/k0_ward/k0_ward/cpark3/gmo/my_gmo/pshift_k0t_x80a1_newnames/renamed_laygen144/output_stms/k0tfvy003at12c1x5_expt_29.stm --layerMap /nfs/pdx/disks/dcti_disk0078/k0_ward/k0_ward/cpark3/gmo/my_gmo/pshift_k0t_x80a1_newnames/p1280_pshift.map --oo --dbu 1e-10 
CWD:          /nfs/pdx/disks/dcti_disk0078/k0_ward/k0_ward/cpark3/gmo/my_gmo/pshift_k0t_x80a1_newnames
-----------------------------------------------------------
Compiled at:  17:26:48 on Apr 13 2022
Compiled for: gcc-x64-optimized
Compiled on:  sles12
BUILD OS:     SUSE_Linux_Enterprise_Server_12_SP5
FPU config:   895
GCC:          10.2.0
-----------------------------------------------------------
Component versions:
Boost:        1.78.0/default-SEC-no_polygon_v2
DOGS:         5.21.0 (5.21.0) with GTL 1.9.1
MKL:          2021.0.20210617 (Intel(R) Advanced Vector Extensions 2 (Intel(R) AVX2) enabled processors)
TBB:          2020.3/rev3
TCMalloc:     gperftools 2.8.1
sqlite3:      3.28.0
Prover:       21.4p6/default-SEC-v3
-----------------------------------------------------------
Entitlement:  CIT_LAYGEN_TOOL_ACCESS
Authorized:   cpark3 (CIT_LAYGEN_TOOL_ACCESS)
Expires:      Never
-----------------------------------------------------------
DINI: Setting  global hierarchy repair mode to level 1.
Could not find architecture values file at /nfs/site/proj/cit/tools/laygen/latest//collaterals//arch/k0t/k0t_arch_values.txt
LGFO: Done.
-------------------------------------------------------------------------------
LgfToOas
Version 1.0

CIT application suite
Copyright 2006-2022, Intel Corporation
INTERNAL USE ONLY - NOT FOR EXTERNAL DISTRIBUTION

Run by:       cpark3
Run date:     Jul 23 2023 10:13:30
Run on:       plxchx088.pdx.intel.com
Platform:     SUSE Linux Enterprise Server 12 SP5
PID:          22040

LAYGEN:       /nfs/site/proj/cit/tools/laygen/latest/
Binary path:  /nfs/site/proj/cit/tools/laygen/latest//bin/sles12/lgf2geo
Args:         -i /nfs/pdx/disks/dcti_disk0078/k0_ward/k0_ward/cpark3/gmo/my_gmo/pshift_k0t_x80a1_newnames/renamed_laygen144/output_lgfs/k0tfvy003at12c2x5_expt_11.lgf -o /nfs/pdx/disks/dcti_disk0078/k0_ward/k0_ward/cpark3/gmo/my_gmo/pshift_k0t_x80a1_newnames/renamed_laygen144/output_stms/k0tfvy003at12c2x5_expt_11.stm --layerMap /nfs/pdx/disks/dcti_disk0078/k0_ward/k0_ward/cpark3/gmo/my_gmo/pshift_k0t_x80a1_newnames/p1280_pshift.map --oo --dbu 1e-10 
CWD:          /nfs/pdx/disks/dcti_disk0078/k0_ward/k0_ward/cpark3/gmo/my_gmo/pshift_k0t_x80a1_newnames
-----------------------------------------------------------
Compiled at:  17:26:48 on Apr 13 2022
Compiled for: gcc-x64-optimized
Compiled on:  sles12
BUILD OS:     SUSE_Linux_Enterprise_Server_12_SP5
FPU config:   895
GCC:          10.2.0
-----------------------------------------------------------
Component versions:
Boost:        1.78.0/default-SEC-no_polygon_v2
DOGS:         5.21.0 (5.21.0) with GTL 1.9.1
MKL:          2021.0.20210617 (Intel(R) Advanced Vector Extensions 2 (Intel(R) AVX2) enabled processors)
TBB:          2020.3/rev3
TCMalloc:     gperftools 2.8.1
sqlite3:      3.28.0
Prover:       21.4p6/default-SEC-v3
-----------------------------------------------------------
Entitlement:  CIT_LAYGEN_TOOL_ACCESS
Authorized:   cpark3 (CIT_LAYGEN_TOOL_ACCESS)
Expires:      Never
-----------------------------------------------------------
DINI: Setting  global hierarchy repair mode to level 1.
Could not find architecture values file at /nfs/site/proj/cit/tools/laygen/latest//collaterals//arch/k0t/k0t_arch_values.txt
LGFO: Done.
-------------------------------------------------------------------------------
LgfToOas
Version 1.0

CIT application suite
Copyright 2006-2022, Intel Corporation
INTERNAL USE ONLY - NOT FOR EXTERNAL DISTRIBUTION

Run by:       cpark3
Run date:     Jul 23 2023 10:13:30
Run on:       plxchx088.pdx.intel.com
Platform:     SUSE Linux Enterprise Server 12 SP5
PID:          22073

LAYGEN:       /nfs/site/proj/cit/tools/laygen/latest/
Binary path:  /nfs/site/proj/cit/tools/laygen/latest//bin/sles12/lgf2geo
Args:         -i /nfs/pdx/disks/dcti_disk0078/k0_ward/k0_ward/cpark3/gmo/my_gmo/pshift_k0t_x80a1_newnames/renamed_laygen144/output_lgfs/k0tfvz00bat12c1x5_expt_11.lgf -o /nfs/pdx/disks/dcti_disk0078/k0_ward/k0_ward/cpark3/gmo/my_gmo/pshift_k0t_x80a1_newnames/renamed_laygen144/output_stms/k0tfvz00bat12c1x5_expt_11.stm --layerMap /nfs/pdx/disks/dcti_disk0078/k0_ward/k0_ward/cpark3/gmo/my_gmo/pshift_k0t_x80a1_newnames/p1280_pshift.map --oo --dbu 1e-10 
CWD:          /nfs/pdx/disks/dcti_disk0078/k0_ward/k0_ward/cpark3/gmo/my_gmo/pshift_k0t_x80a1_newnames
-----------------------------------------------------------
Compiled at:  17:26:48 on Apr 13 2022
Compiled for: gcc-x64-optimized
Compiled on:  sles12
BUILD OS:     SUSE_Linux_Enterprise_Server_12_SP5
FPU config:   895
GCC:          10.2.0
-----------------------------------------------------------
Component versions:
Boost:        1.78.0/default-SEC-no_polygon_v2
DOGS:         5.21.0 (5.21.0) with GTL 1.9.1
MKL:          2021.0.20210617 (Intel(R) Advanced Vector Extensions 2 (Intel(R) AVX2) enabled processors)
TBB:          2020.3/rev3
TCMalloc:     gperftools 2.8.1
sqlite3:      3.28.0
Prover:       21.4p6/default-SEC-v3
-----------------------------------------------------------
Entitlement:  CIT_LAYGEN_TOOL_ACCESS
Authorized:   cpark3 (CIT_LAYGEN_TOOL_ACCESS)
Expires:      Never
-----------------------------------------------------------
DINI: Setting  global hierarchy repair mode to level 1.
Could not find architecture values file at /nfs/site/proj/cit/tools/laygen/latest//collaterals//arch/k0t/k0t_arch_values.txt
LGFO: Done.
-------------------------------------------------------------------------------
LgfToOas
Version 1.0

CIT application suite
Copyright 2006-2022, Intel Corporation
INTERNAL USE ONLY - NOT FOR EXTERNAL DISTRIBUTION

Run by:       cpark3
Run date:     Jul 23 2023 10:13:30
Run on:       plxchx088.pdx.intel.com
Platform:     SUSE Linux Enterprise Server 12 SP5
PID:          22103

LAYGEN:       /nfs/site/proj/cit/tools/laygen/latest/
Binary path:  /nfs/site/proj/cit/tools/laygen/latest//bin/sles12/lgf2geo
Args:         -i /nfs/pdx/disks/dcti_disk0078/k0_ward/k0_ward/cpark3/gmo/my_gmo/pshift_k0t_x80a1_newnames/renamed_laygen144/output_lgfs/k0tfvz00bat12c2x5_expt_5.lgf -o /nfs/pdx/disks/dcti_disk0078/k0_ward/k0_ward/cpark3/gmo/my_gmo/pshift_k0t_x80a1_newnames/renamed_laygen144/output_stms/k0tfvz00bat12c2x5_expt_5.stm --layerMap /nfs/pdx/disks/dcti_disk0078/k0_ward/k0_ward/cpark3/gmo/my_gmo/pshift_k0t_x80a1_newnames/p1280_pshift.map --oo --dbu 1e-10 
CWD:          /nfs/pdx/disks/dcti_disk0078/k0_ward/k0_ward/cpark3/gmo/my_gmo/pshift_k0t_x80a1_newnames
-----------------------------------------------------------
Compiled at:  17:26:48 on Apr 13 2022
Compiled for: gcc-x64-optimized
Compiled on:  sles12
BUILD OS:     SUSE_Linux_Enterprise_Server_12_SP5
FPU config:   895
GCC:          10.2.0
-----------------------------------------------------------
Component versions:
Boost:        1.78.0/default-SEC-no_polygon_v2
DOGS:         5.21.0 (5.21.0) with GTL 1.9.1
MKL:          2021.0.20210617 (Intel(R) Advanced Vector Extensions 2 (Intel(R) AVX2) enabled processors)
TBB:          2020.3/rev3
TCMalloc:     gperftools 2.8.1
sqlite3:      3.28.0
Prover:       21.4p6/default-SEC-v3
-----------------------------------------------------------
Entitlement:  CIT_LAYGEN_TOOL_ACCESS
Authorized:   cpark3 (CIT_LAYGEN_TOOL_ACCESS)
Expires:      Never
-----------------------------------------------------------
DINI: Setting  global hierarchy repair mode to level 1.
Could not find architecture values file at /nfs/site/proj/cit/tools/laygen/latest//collaterals//arch/k0t/k0t_arch_values.txt
LGFO: Done.
-------------------------------------------------------------------------------
LgfToOas
Version 1.0

CIT application suite
Copyright 2006-2022, Intel Corporation
INTERNAL USE ONLY - NOT FOR EXTERNAL DISTRIBUTION

Run by:       cpark3
Run date:     Jul 23 2023 10:13:30
Run on:       plxchx088.pdx.intel.com
Platform:     SUSE Linux Enterprise Server 12 SP5
PID:          22133

LAYGEN:       /nfs/site/proj/cit/tools/laygen/latest/
Binary path:  /nfs/site/proj/cit/tools/laygen/latest//bin/sles12/lgf2geo
Args:         -i /nfs/pdx/disks/dcti_disk0078/k0_ward/k0_ward/cpark3/gmo/my_gmo/pshift_k0t_x80a1_newnames/renamed_laygen144/output_lgfs/k0tfvz08bat12c1x5_expt_5.lgf -o /nfs/pdx/disks/dcti_disk0078/k0_ward/k0_ward/cpark3/gmo/my_gmo/pshift_k0t_x80a1_newnames/renamed_laygen144/output_stms/k0tfvz08bat12c1x5_expt_5.stm --layerMap /nfs/pdx/disks/dcti_disk0078/k0_ward/k0_ward/cpark3/gmo/my_gmo/pshift_k0t_x80a1_newnames/p1280_pshift.map --oo --dbu 1e-10 
CWD:          /nfs/pdx/disks/dcti_disk0078/k0_ward/k0_ward/cpark3/gmo/my_gmo/pshift_k0t_x80a1_newnames
-----------------------------------------------------------
Compiled at:  17:26:48 on Apr 13 2022
Compiled for: gcc-x64-optimized
Compiled on:  sles12
BUILD OS:     SUSE_Linux_Enterprise_Server_12_SP5
FPU config:   895
GCC:          10.2.0
-----------------------------------------------------------
Component versions:
Boost:        1.78.0/default-SEC-no_polygon_v2
DOGS:         5.21.0 (5.21.0) with GTL 1.9.1
MKL:          2021.0.20210617 (Intel(R) Advanced Vector Extensions 2 (Intel(R) AVX2) enabled processors)
TBB:          2020.3/rev3
TCMalloc:     gperftools 2.8.1
sqlite3:      3.28.0
Prover:       21.4p6/default-SEC-v3
-----------------------------------------------------------
Entitlement:  CIT_LAYGEN_TOOL_ACCESS
Authorized:   cpark3 (CIT_LAYGEN_TOOL_ACCESS)
Expires:      Never
-----------------------------------------------------------
DINI: Setting  global hierarchy repair mode to level 1.
Could not find architecture values file at /nfs/site/proj/cit/tools/laygen/latest//collaterals//arch/k0t/k0t_arch_values.txt
LGFO: Done.
-------------------------------------------------------------------------------
LgfToOas
Version 1.0

CIT application suite
Copyright 2006-2022, Intel Corporation
INTERNAL USE ONLY - NOT FOR EXTERNAL DISTRIBUTION

Run by:       cpark3
Run date:     Jul 23 2023 10:13:30
Run on:       plxchx088.pdx.intel.com
Platform:     SUSE Linux Enterprise Server 12 SP5
PID:          22215

LAYGEN:       /nfs/site/proj/cit/tools/laygen/latest/
Binary path:  /nfs/site/proj/cit/tools/laygen/latest//bin/sles12/lgf2geo
Args:         -i /nfs/pdx/disks/dcti_disk0078/k0_ward/k0_ward/cpark3/gmo/my_gmo/pshift_k0t_x80a1_newnames/renamed_laygen144/output_lgfs/k0tfvz08bat12c2x5_expt_6.lgf -o /nfs/pdx/disks/dcti_disk0078/k0_ward/k0_ward/cpark3/gmo/my_gmo/pshift_k0t_x80a1_newnames/renamed_laygen144/output_stms/k0tfvz08bat12c2x5_expt_6.stm --layerMap /nfs/pdx/disks/dcti_disk0078/k0_ward/k0_ward/cpark3/gmo/my_gmo/pshift_k0t_x80a1_newnames/p1280_pshift.map --oo --dbu 1e-10 
CWD:          /nfs/pdx/disks/dcti_disk0078/k0_ward/k0_ward/cpark3/gmo/my_gmo/pshift_k0t_x80a1_newnames
-----------------------------------------------------------
Compiled at:  17:26:48 on Apr 13 2022
Compiled for: gcc-x64-optimized
Compiled on:  sles12
BUILD OS:     SUSE_Linux_Enterprise_Server_12_SP5
FPU config:   895
GCC:          10.2.0
-----------------------------------------------------------
Component versions:
Boost:        1.78.0/default-SEC-no_polygon_v2
DOGS:         5.21.0 (5.21.0) with GTL 1.9.1
MKL:          2021.0.20210617 (Intel(R) Advanced Vector Extensions 2 (Intel(R) AVX2) enabled processors)
TBB:          2020.3/rev3
TCMalloc:     gperftools 2.8.1
sqlite3:      3.28.0
Prover:       21.4p6/default-SEC-v3
-----------------------------------------------------------
Entitlement:  CIT_LAYGEN_TOOL_ACCESS
Authorized:   cpark3 (CIT_LAYGEN_TOOL_ACCESS)
Expires:      Never
-----------------------------------------------------------
DINI: Setting  global hierarchy repair mode to level 1.
Could not find architecture values file at /nfs/site/proj/cit/tools/laygen/latest//collaterals//arch/k0t/k0t_arch_values.txt
LGFO: Done.
-------------------------------------------------------------------------------
LgfToOas
Version 1.0

CIT application suite
Copyright 2006-2022, Intel Corporation
INTERNAL USE ONLY - NOT FOR EXTERNAL DISTRIBUTION

Run by:       cpark3
Run date:     Jul 23 2023 10:13:30
Run on:       plxchx088.pdx.intel.com
Platform:     SUSE Linux Enterprise Server 12 SP5
PID:          22271

LAYGEN:       /nfs/site/proj/cit/tools/laygen/latest/
Binary path:  /nfs/site/proj/cit/tools/laygen/latest//bin/sles12/lgf2geo
Args:         -i /nfs/pdx/disks/dcti_disk0078/k0_ward/k0_ward/cpark3/gmo/my_gmo/pshift_k0t_x80a1_newnames/renamed_laygen144/output_lgfs/k0tmdn022at11c1x5_expt_76.lgf -o /nfs/pdx/disks/dcti_disk0078/k0_ward/k0_ward/cpark3/gmo/my_gmo/pshift_k0t_x80a1_newnames/renamed_laygen144/output_stms/k0tmdn022at11c1x5_expt_76.stm --layerMap /nfs/pdx/disks/dcti_disk0078/k0_ward/k0_ward/cpark3/gmo/my_gmo/pshift_k0t_x80a1_newnames/p1280_pshift.map --oo --dbu 1e-10 
CWD:          /nfs/pdx/disks/dcti_disk0078/k0_ward/k0_ward/cpark3/gmo/my_gmo/pshift_k0t_x80a1_newnames
-----------------------------------------------------------
Compiled at:  17:26:48 on Apr 13 2022
Compiled for: gcc-x64-optimized
Compiled on:  sles12
BUILD OS:     SUSE_Linux_Enterprise_Server_12_SP5
FPU config:   895
GCC:          10.2.0
-----------------------------------------------------------
Component versions:
Boost:        1.78.0/default-SEC-no_polygon_v2
DOGS:         5.21.0 (5.21.0) with GTL 1.9.1
MKL:          2021.0.20210617 (Intel(R) Advanced Vector Extensions 2 (Intel(R) AVX2) enabled processors)
TBB:          2020.3/rev3
TCMalloc:     gperftools 2.8.1
sqlite3:      3.28.0
Prover:       21.4p6/default-SEC-v3
-----------------------------------------------------------
Entitlement:  CIT_LAYGEN_TOOL_ACCESS
Authorized:   cpark3 (CIT_LAYGEN_TOOL_ACCESS)
Expires:      Never
-----------------------------------------------------------
DINI: Setting  global hierarchy repair mode to level 1.
Could not find architecture values file at /nfs/site/proj/cit/tools/laygen/latest//collaterals//arch/k0t/k0t_arch_values.txt
LGFO: Done.
-------------------------------------------------------------------------------
LgfToOas
Version 1.0

CIT application suite
Copyright 2006-2022, Intel Corporation
INTERNAL USE ONLY - NOT FOR EXTERNAL DISTRIBUTION

Run by:       cpark3
Run date:     Jul 23 2023 10:13:30
Run on:       plxchx088.pdx.intel.com
Platform:     SUSE Linux Enterprise Server 12 SP5
PID:          22308

LAYGEN:       /nfs/site/proj/cit/tools/laygen/latest/
Binary path:  /nfs/site/proj/cit/tools/laygen/latest//bin/sles12/lgf2geo
Args:         -i /nfs/pdx/disks/dcti_disk0078/k0_ward/k0_ward/cpark3/gmo/my_gmo/pshift_k0t_x80a1_newnames/renamed_laygen144/output_lgfs/k0tmdn022at11c2x5_expt_92.lgf -o /nfs/pdx/disks/dcti_disk0078/k0_ward/k0_ward/cpark3/gmo/my_gmo/pshift_k0t_x80a1_newnames/renamed_laygen144/output_stms/k0tmdn022at11c2x5_expt_92.stm --layerMap /nfs/pdx/disks/dcti_disk0078/k0_ward/k0_ward/cpark3/gmo/my_gmo/pshift_k0t_x80a1_newnames/p1280_pshift.map --oo --dbu 1e-10 
CWD:          /nfs/pdx/disks/dcti_disk0078/k0_ward/k0_ward/cpark3/gmo/my_gmo/pshift_k0t_x80a1_newnames
-----------------------------------------------------------
Compiled at:  17:26:48 on Apr 13 2022
Compiled for: gcc-x64-optimized
Compiled on:  sles12
BUILD OS:     SUSE_Linux_Enterprise_Server_12_SP5
FPU config:   895
GCC:          10.2.0
-----------------------------------------------------------
Component versions:
Boost:        1.78.0/default-SEC-no_polygon_v2
DOGS:         5.21.0 (5.21.0) with GTL 1.9.1
MKL:          2021.0.20210617 (Intel(R) Advanced Vector Extensions 2 (Intel(R) AVX2) enabled processors)
TBB:          2020.3/rev3
TCMalloc:     gperftools 2.8.1
sqlite3:      3.28.0
Prover:       21.4p6/default-SEC-v3
-----------------------------------------------------------
Entitlement:  CIT_LAYGEN_TOOL_ACCESS
Authorized:   cpark3 (CIT_LAYGEN_TOOL_ACCESS)
Expires:      Never
-----------------------------------------------------------
DINI: Setting  global hierarchy repair mode to level 1.
Could not find architecture values file at /nfs/site/proj/cit/tools/laygen/latest//collaterals//arch/k0t/k0t_arch_values.txt
LGFO: Done.
-------------------------------------------------------------------------------
LgfToOas
Version 1.0

CIT application suite
Copyright 2006-2022, Intel Corporation
INTERNAL USE ONLY - NOT FOR EXTERNAL DISTRIBUTION

Run by:       cpark3
Run date:     Jul 23 2023 10:13:30
Run on:       plxchx088.pdx.intel.com
Platform:     SUSE Linux Enterprise Server 12 SP5
PID:          22338

LAYGEN:       /nfs/site/proj/cit/tools/laygen/latest/
Binary path:  /nfs/site/proj/cit/tools/laygen/latest//bin/sles12/lgf2geo
Args:         -i /nfs/pdx/disks/dcti_disk0078/k0_ward/k0_ward/cpark3/gmo/my_gmo/pshift_k0t_x80a1_newnames/renamed_laygen144/output_lgfs/k0tnand24at11c1x5_expt_2.lgf -o /nfs/pdx/disks/dcti_disk0078/k0_ward/k0_ward/cpark3/gmo/my_gmo/pshift_k0t_x80a1_newnames/renamed_laygen144/output_stms/k0tnand24at11c1x5_expt_2.stm --layerMap /nfs/pdx/disks/dcti_disk0078/k0_ward/k0_ward/cpark3/gmo/my_gmo/pshift_k0t_x80a1_newnames/p1280_pshift.map --oo --dbu 1e-10 
CWD:          /nfs/pdx/disks/dcti_disk0078/k0_ward/k0_ward/cpark3/gmo/my_gmo/pshift_k0t_x80a1_newnames
-----------------------------------------------------------
Compiled at:  17:26:48 on Apr 13 2022
Compiled for: gcc-x64-optimized
Compiled on:  sles12
BUILD OS:     SUSE_Linux_Enterprise_Server_12_SP5
FPU config:   895
GCC:          10.2.0
-----------------------------------------------------------
Component versions:
Boost:        1.78.0/default-SEC-no_polygon_v2
DOGS:         5.21.0 (5.21.0) with GTL 1.9.1
MKL:          2021.0.20210617 (Intel(R) Advanced Vector Extensions 2 (Intel(R) AVX2) enabled processors)
TBB:          2020.3/rev3
TCMalloc:     gperftools 2.8.1
sqlite3:      3.28.0
Prover:       21.4p6/default-SEC-v3
-----------------------------------------------------------
Entitlement:  CIT_LAYGEN_TOOL_ACCESS
Authorized:   cpark3 (CIT_LAYGEN_TOOL_ACCESS)
Expires:      Never
-----------------------------------------------------------
DINI: Setting  global hierarchy repair mode to level 1.
Could not find architecture values file at /nfs/site/proj/cit/tools/laygen/latest//collaterals//arch/k0t/k0t_arch_values.txt
LGFO: Done.
-------------------------------------------------------------------------------
LgfToOas
Version 1.0

CIT application suite
Copyright 2006-2022, Intel Corporation
INTERNAL USE ONLY - NOT FOR EXTERNAL DISTRIBUTION

Run by:       cpark3
Run date:     Jul 23 2023 10:13:30
Run on:       plxchx088.pdx.intel.com
Platform:     SUSE Linux Enterprise Server 12 SP5
PID:          22369

LAYGEN:       /nfs/site/proj/cit/tools/laygen/latest/
Binary path:  /nfs/site/proj/cit/tools/laygen/latest//bin/sles12/lgf2geo
Args:         -i /nfs/pdx/disks/dcti_disk0078/k0_ward/k0_ward/cpark3/gmo/my_gmo/pshift_k0t_x80a1_newnames/renamed_laygen144/output_lgfs/k0tnor024at11c1x5_expt_1.lgf -o /nfs/pdx/disks/dcti_disk0078/k0_ward/k0_ward/cpark3/gmo/my_gmo/pshift_k0t_x80a1_newnames/renamed_laygen144/output_stms/k0tnor024at11c1x5_expt_1.stm --layerMap /nfs/pdx/disks/dcti_disk0078/k0_ward/k0_ward/cpark3/gmo/my_gmo/pshift_k0t_x80a1_newnames/p1280_pshift.map --oo --dbu 1e-10 
CWD:          /nfs/pdx/disks/dcti_disk0078/k0_ward/k0_ward/cpark3/gmo/my_gmo/pshift_k0t_x80a1_newnames
-----------------------------------------------------------
Compiled at:  17:26:48 on Apr 13 2022
Compiled for: gcc-x64-optimized
Compiled on:  sles12
BUILD OS:     SUSE_Linux_Enterprise_Server_12_SP5
FPU config:   895
GCC:          10.2.0
-----------------------------------------------------------
Component versions:
Boost:        1.78.0/default-SEC-no_polygon_v2
DOGS:         5.21.0 (5.21.0) with GTL 1.9.1
MKL:          2021.0.20210617 (Intel(R) Advanced Vector Extensions 2 (Intel(R) AVX2) enabled processors)
TBB:          2020.3/rev3
TCMalloc:     gperftools 2.8.1
sqlite3:      3.28.0
Prover:       21.4p6/default-SEC-v3
-----------------------------------------------------------
Entitlement:  CIT_LAYGEN_TOOL_ACCESS
Authorized:   cpark3 (CIT_LAYGEN_TOOL_ACCESS)
Expires:      Never
-----------------------------------------------------------
DINI: Setting  global hierarchy repair mode to level 1.
Could not find architecture values file at /nfs/site/proj/cit/tools/laygen/latest//collaterals//arch/k0t/k0t_arch_values.txt
LGFO: Done.
-------------------------------------------------------------------------------
LgfToOas
Version 1.0

CIT application suite
Copyright 2006-2022, Intel Corporation
INTERNAL USE ONLY - NOT FOR EXTERNAL DISTRIBUTION

Run by:       cpark3
Run date:     Jul 23 2023 10:13:31
Run on:       plxchx088.pdx.intel.com
Platform:     SUSE Linux Enterprise Server 12 SP5
PID:          22401

LAYGEN:       /nfs/site/proj/cit/tools/laygen/latest/
Binary path:  /nfs/site/proj/cit/tools/laygen/latest//bin/sles12/lgf2geo
Args:         -i /nfs/pdx/disks/dcti_disk0078/k0_ward/k0_ward/cpark3/gmo/my_gmo/pshift_k0t_x80a1_newnames/renamed_laygen144/output_lgfs/k0txnr002at11c1x5_expt_15.lgf -o /nfs/pdx/disks/dcti_disk0078/k0_ward/k0_ward/cpark3/gmo/my_gmo/pshift_k0t_x80a1_newnames/renamed_laygen144/output_stms/k0txnr002at11c1x5_expt_15.stm --layerMap /nfs/pdx/disks/dcti_disk0078/k0_ward/k0_ward/cpark3/gmo/my_gmo/pshift_k0t_x80a1_newnames/p1280_pshift.map --oo --dbu 1e-10 
CWD:          /nfs/pdx/disks/dcti_disk0078/k0_ward/k0_ward/cpark3/gmo/my_gmo/pshift_k0t_x80a1_newnames
-----------------------------------------------------------
Compiled at:  17:26:48 on Apr 13 2022
Compiled for: gcc-x64-optimized
Compiled on:  sles12
BUILD OS:     SUSE_Linux_Enterprise_Server_12_SP5
FPU config:   895
GCC:          10.2.0
-----------------------------------------------------------
Component versions:
Boost:        1.78.0/default-SEC-no_polygon_v2
DOGS:         5.21.0 (5.21.0) with GTL 1.9.1
MKL:          2021.0.20210617 (Intel(R) Advanced Vector Extensions 2 (Intel(R) AVX2) enabled processors)
TBB:          2020.3/rev3
TCMalloc:     gperftools 2.8.1
sqlite3:      3.28.0
Prover:       21.4p6/default-SEC-v3
-----------------------------------------------------------
Entitlement:  CIT_LAYGEN_TOOL_ACCESS
Authorized:   cpark3 (CIT_LAYGEN_TOOL_ACCESS)
Expires:      Never
-----------------------------------------------------------
DINI: Setting  global hierarchy repair mode to level 1.
Could not find architecture values file at /nfs/site/proj/cit/tools/laygen/latest//collaterals//arch/k0t/k0t_arch_values.txt
LGFO: Done.
-------------------------------------------------------------------------------
LgfToOas
Version 1.0

CIT application suite
Copyright 2006-2022, Intel Corporation
INTERNAL USE ONLY - NOT FOR EXTERNAL DISTRIBUTION

Run by:       cpark3
Run date:     Jul 23 2023 10:13:31
Run on:       plxchx088.pdx.intel.com
Platform:     SUSE Linux Enterprise Server 12 SP5
PID:          22432

LAYGEN:       /nfs/site/proj/cit/tools/laygen/latest/
Binary path:  /nfs/site/proj/cit/tools/laygen/latest//bin/sles12/lgf2geo
Args:         -i /nfs/pdx/disks/dcti_disk0078/k0_ward/k0_ward/cpark3/gmo/my_gmo/pshift_k0t_x80a1_newnames/renamed_laygen144/output_lgfs/k0txor002at11c1x5_expt_119.lgf -o /nfs/pdx/disks/dcti_disk0078/k0_ward/k0_ward/cpark3/gmo/my_gmo/pshift_k0t_x80a1_newnames/renamed_laygen144/output_stms/k0txor002at11c1x5_expt_119.stm --layerMap /nfs/pdx/disks/dcti_disk0078/k0_ward/k0_ward/cpark3/gmo/my_gmo/pshift_k0t_x80a1_newnames/p1280_pshift.map --oo --dbu 1e-10 
CWD:          /nfs/pdx/disks/dcti_disk0078/k0_ward/k0_ward/cpark3/gmo/my_gmo/pshift_k0t_x80a1_newnames
-----------------------------------------------------------
Compiled at:  17:26:48 on Apr 13 2022
Compiled for: gcc-x64-optimized
Compiled on:  sles12
BUILD OS:     SUSE_Linux_Enterprise_Server_12_SP5
FPU config:   895
GCC:          10.2.0
-----------------------------------------------------------
Component versions:
Boost:        1.78.0/default-SEC-no_polygon_v2
DOGS:         5.21.0 (5.21.0) with GTL 1.9.1
MKL:          2021.0.20210617 (Intel(R) Advanced Vector Extensions 2 (Intel(R) AVX2) enabled processors)
TBB:          2020.3/rev3
TCMalloc:     gperftools 2.8.1
sqlite3:      3.28.0
Prover:       21.4p6/default-SEC-v3
-----------------------------------------------------------
Entitlement:  CIT_LAYGEN_TOOL_ACCESS
Authorized:   cpark3 (CIT_LAYGEN_TOOL_ACCESS)
Expires:      Never
-----------------------------------------------------------
DINI: Setting  global hierarchy repair mode to level 1.
Could not find architecture values file at /nfs/site/proj/cit/tools/laygen/latest//collaterals//arch/k0t/k0t_arch_values.txt
LGFO: Done.
