argc = 9
input_dir = /nfs/pdx/disks/dcti_disk0078/k0_ward/k0_ward/cpark3/gmo/my_gmo/pshift_k0t_x80a1_newnames/renamed_newb/input_lgfs
output_dir = /nfs/pdx/disks/dcti_disk0078/k0_ward/k0_ward/cpark3/gmo/my_gmo/pshift_k0t_x80a1_newnames/renamed_newb/output_lgfs
output_format = 
shift_spec = /nfs/pdx/disks/dcti_disk0078/k0_ward/k0_ward/cpark3/gmo/my_gmo/pshift_k0t_x80a1_newnames/rename_only.txt
source_arch = 
target_arch = 
cell_map = /nfs/pdx/disks/dcti_disk0078/k0_ward/k0_ward/cpark3/gmo/my_gmo/pshift_k0t_x80a1_newnames/oldb2newb.map
k0tand002at1n02b5  k0tand002at11b1x5
k0taob012at1n02b5  k0taob012at11b1x5
k0taoi012at1n02b5  k0taoi012at11b1x5
k0taoi022at1n02b5  k0taoi022at11b1x5
k0tbfm201at1n02b5  k0tbfm201at11b1x5
k0tbfm201at1n04b5  k0tbfm201at11b2x5
k0tbfn000at1n02b5  k0tbfn000at11b1x5
k0tbfn000at1n04b5  k0tbfn000at11b2x5
k0tcbf000at1n02b5  k0tcbf000at11b1x5
k0tcbf000at1n04b5  k0tcbf000at11b2x5
k0tcilb05at1n04b5  k0tcilb05at11b2x5
k0tcinv00at1n02b4  k0tcinv00at11b1x5
k0tcinv00at1n04b5  k0tcinv00at11b2x5
k0tclb0a2at1n02b5  k0tclb0a2at11b1x5
k0tclb0a2at1n04b5  k0tclb0a2at11b2x5
k0tfuy000at1d02b6  k0tfuy000at12b1x5
k0tfuy000at1d04b5  k0tfuy000at12b2x5
k0tfuz200at1d02b6  k0tfuz200at12b1x5
k0tfuz200at1d04b5  k0tfuz200at12b2x5
k0tfuz400at1q02b6  k0tfuz400at14b1x5
k0tfuz400at1q04b5  k0tfuz400at14b2x5
k0tfvy003at1d02b6  k0tfvy003at12b1x5
k0tfvy003at1d04b5  k0tfvy003at12b2x5
k0tfvz00bat1d02b6  k0tfvz00bat12b1x5
k0tfvz00bat1d04b5  k0tfvz00bat12b2x5
k0tfvz08bat1d02b6  k0tfvz08bat12b1x5
k0tfvz08bat1d04b5  k0tfvz08bat12b2x5
k0tfvz203at1d02b6  k0tfvz203at12b1x5
k0tfvz203at1d04b5  k0tfvz203at12b2x5
k0tfvz403at1q02b6  k0tfvz403at14b1x5
k0tfvz403at1q04b5  k0tfvz403at14b2x5
k0tinv000at1n02b5  k0tinv000at11b1x5
k0tinv000at1n04b5  k0tinv000at11b2x5
k0tlsn000at1n02b5  k0tlsn000at11b1x5
k0tlsn000at1n04b5  k0tlsn000at11b2x5
k0tlsn080at1n02b5  k0tlsn080at11b1x5
k0tlsn080at1n04b5  k0tlsn080at11b2x5
k0tltn400at1q02b5  k0tltn400at14b1x5
k0tmbn022at1n02b5  k0tmbn022at11b1x5
k0tmbn022at1n04b5  k0tmbn022at11b2x5
k0tmdn022at1n02b5  k0tmdn022at11b1x5
k0tnanb02at1n02b5  k0tnanb02at11b1x5
k0tnand04at1n02b5  k0tnanp04at11b1x5
k0tnanp02at1n02b5  k0tnanp02at11b1x5
k0tnanp02at1n04b5  k0tnanp02at11b2x5
k0tnanp03at1n02b5  k0tnanp03at11b1x5
k0tnor044at1n02b5  k0tnorp04at11b1x5
k0tnorb02at1n02b5  k0tnorb02at11b1x5
k0tnorp02at1n02b5  k0tnorp02at11b1x5
k0tnorp02at1n04b5  k0tnorp02at11b2x5
k0tnorp03at1n02b5  k0tnorp03at11b1x5
k0toab012at1n02b5  k0toab012at11b1x5
k0toai012at1n02b5  k0toai012at11b1x5
k0toai022at1n02b5  k0toai022at11b1x5
k0torn002at1n02b5  k0torn002at11b1x5
k0trm0023at1d02b5  k0trm0023at12b1x5
k0ttihi00at1n02b5  k0ttihi00at11b1x5
k0ttilo00at1n02b5  k0ttilo00at11b1x5
k0txnr002at1n02b5  k0txnr002at11b1x5
k0txor002at1n02b5  k0txor002at11b1x5
start to process LGF files in /nfs/pdx/disks/dcti_disk0078/k0_ward/k0_ward/cpark3/gmo/my_gmo/pshift_k0t_x80a1_newnames/renamed_newb/input_lgfs


/nfs/pdx/disks/dcti_disk0078/k0_ward/k0_ward/cpark3/gmo/my_gmo/pshift_k0t_x80a1_newnames/renamed_newb/input_lgfs/k0tand002at1n02b5.lgf
write results to /nfs/pdx/disks/dcti_disk0078/k0_ward/k0_ward/cpark3/gmo/my_gmo/pshift_k0t_x80a1_newnames/renamed_newb/output_lgfs///k0tand002at1n02b5.lgf


/nfs/pdx/disks/dcti_disk0078/k0_ward/k0_ward/cpark3/gmo/my_gmo/pshift_k0t_x80a1_newnames/renamed_newb/input_lgfs/k0tand002at1n04b5.lgf
write results to /nfs/pdx/disks/dcti_disk0078/k0_ward/k0_ward/cpark3/gmo/my_gmo/pshift_k0t_x80a1_newnames/renamed_newb/output_lgfs///k0tand002at1n04b5.lgf


/nfs/pdx/disks/dcti_disk0078/k0_ward/k0_ward/cpark3/gmo/my_gmo/pshift_k0t_x80a1_newnames/renamed_newb/input_lgfs/k0taob012at1n02b5.lgf
write results to /nfs/pdx/disks/dcti_disk0078/k0_ward/k0_ward/cpark3/gmo/my_gmo/pshift_k0t_x80a1_newnames/renamed_newb/output_lgfs///k0taob012at1n02b5.lgf


/nfs/pdx/disks/dcti_disk0078/k0_ward/k0_ward/cpark3/gmo/my_gmo/pshift_k0t_x80a1_newnames/renamed_newb/input_lgfs/k0taob012at1n04b5.lgf
write results to /nfs/pdx/disks/dcti_disk0078/k0_ward/k0_ward/cpark3/gmo/my_gmo/pshift_k0t_x80a1_newnames/renamed_newb/output_lgfs///k0taob012at1n04b5.lgf


/nfs/pdx/disks/dcti_disk0078/k0_ward/k0_ward/cpark3/gmo/my_gmo/pshift_k0t_x80a1_newnames/renamed_newb/input_lgfs/k0taoi012at1n02b5.lgf
write results to /nfs/pdx/disks/dcti_disk0078/k0_ward/k0_ward/cpark3/gmo/my_gmo/pshift_k0t_x80a1_newnames/renamed_newb/output_lgfs///k0taoi012at1n02b5.lgf


/nfs/pdx/disks/dcti_disk0078/k0_ward/k0_ward/cpark3/gmo/my_gmo/pshift_k0t_x80a1_newnames/renamed_newb/input_lgfs/k0taoi012at1n04b5.lgf
write results to /nfs/pdx/disks/dcti_disk0078/k0_ward/k0_ward/cpark3/gmo/my_gmo/pshift_k0t_x80a1_newnames/renamed_newb/output_lgfs///k0taoi012at1n04b5.lgf


/nfs/pdx/disks/dcti_disk0078/k0_ward/k0_ward/cpark3/gmo/my_gmo/pshift_k0t_x80a1_newnames/renamed_newb/input_lgfs/k0taoi012at1n08b5.lgf
write results to /nfs/pdx/disks/dcti_disk0078/k0_ward/k0_ward/cpark3/gmo/my_gmo/pshift_k0t_x80a1_newnames/renamed_newb/output_lgfs///k0taoi012at1n08b5.lgf


/nfs/pdx/disks/dcti_disk0078/k0_ward/k0_ward/cpark3/gmo/my_gmo/pshift_k0t_x80a1_newnames/renamed_newb/input_lgfs/k0taoi022at1n02b5.lgf
write results to /nfs/pdx/disks/dcti_disk0078/k0_ward/k0_ward/cpark3/gmo/my_gmo/pshift_k0t_x80a1_newnames/renamed_newb/output_lgfs///k0taoi022at1n02b5.lgf


/nfs/pdx/disks/dcti_disk0078/k0_ward/k0_ward/cpark3/gmo/my_gmo/pshift_k0t_x80a1_newnames/renamed_newb/input_lgfs/k0taoi022at1n04b5.lgf
write results to /nfs/pdx/disks/dcti_disk0078/k0_ward/k0_ward/cpark3/gmo/my_gmo/pshift_k0t_x80a1_newnames/renamed_newb/output_lgfs///k0taoi022at1n04b5.lgf


/nfs/pdx/disks/dcti_disk0078/k0_ward/k0_ward/cpark3/gmo/my_gmo/pshift_k0t_x80a1_newnames/renamed_newb/input_lgfs/k0taoi022at1n08b5.lgf
write results to /nfs/pdx/disks/dcti_disk0078/k0_ward/k0_ward/cpark3/gmo/my_gmo/pshift_k0t_x80a1_newnames/renamed_newb/output_lgfs///k0taoi022at1n08b5.lgf


/nfs/pdx/disks/dcti_disk0078/k0_ward/k0_ward/cpark3/gmo/my_gmo/pshift_k0t_x80a1_newnames/renamed_newb/input_lgfs/k0tbfm201at1n02b5.lgf
write results to /nfs/pdx/disks/dcti_disk0078/k0_ward/k0_ward/cpark3/gmo/my_gmo/pshift_k0t_x80a1_newnames/renamed_newb/output_lgfs///k0tbfm201at1n02b5.lgf


/nfs/pdx/disks/dcti_disk0078/k0_ward/k0_ward/cpark3/gmo/my_gmo/pshift_k0t_x80a1_newnames/renamed_newb/input_lgfs/k0tbfm201at1n04b5.lgf
write results to /nfs/pdx/disks/dcti_disk0078/k0_ward/k0_ward/cpark3/gmo/my_gmo/pshift_k0t_x80a1_newnames/renamed_newb/output_lgfs///k0tbfm201at1n04b5.lgf


/nfs/pdx/disks/dcti_disk0078/k0_ward/k0_ward/cpark3/gmo/my_gmo/pshift_k0t_x80a1_newnames/renamed_newb/input_lgfs/k0tbfn000at1n02b5.lgf
write results to /nfs/pdx/disks/dcti_disk0078/k0_ward/k0_ward/cpark3/gmo/my_gmo/pshift_k0t_x80a1_newnames/renamed_newb/output_lgfs///k0tbfn000at1n02b5.lgf


/nfs/pdx/disks/dcti_disk0078/k0_ward/k0_ward/cpark3/gmo/my_gmo/pshift_k0t_x80a1_newnames/renamed_newb/input_lgfs/k0tbfn000at1n04b5.lgf
write results to /nfs/pdx/disks/dcti_disk0078/k0_ward/k0_ward/cpark3/gmo/my_gmo/pshift_k0t_x80a1_newnames/renamed_newb/output_lgfs///k0tbfn000at1n04b5.lgf


/nfs/pdx/disks/dcti_disk0078/k0_ward/k0_ward/cpark3/gmo/my_gmo/pshift_k0t_x80a1_newnames/renamed_newb/input_lgfs/k0tbfn000at1n06b5.lgf
write results to /nfs/pdx/disks/dcti_disk0078/k0_ward/k0_ward/cpark3/gmo/my_gmo/pshift_k0t_x80a1_newnames/renamed_newb/output_lgfs///k0tbfn000at1n06b5.lgf


/nfs/pdx/disks/dcti_disk0078/k0_ward/k0_ward/cpark3/gmo/my_gmo/pshift_k0t_x80a1_newnames/renamed_newb/input_lgfs/k0tbfn000at1n08b6.lgf
write results to /nfs/pdx/disks/dcti_disk0078/k0_ward/k0_ward/cpark3/gmo/my_gmo/pshift_k0t_x80a1_newnames/renamed_newb/output_lgfs///k0tbfn000at1n08b6.lgf


/nfs/pdx/disks/dcti_disk0078/k0_ward/k0_ward/cpark3/gmo/my_gmo/pshift_k0t_x80a1_newnames/renamed_newb/input_lgfs/k0tbfn000at1n12b5.lgf
write results to /nfs/pdx/disks/dcti_disk0078/k0_ward/k0_ward/cpark3/gmo/my_gmo/pshift_k0t_x80a1_newnames/renamed_newb/output_lgfs///k0tbfn000at1n12b5.lgf


/nfs/pdx/disks/dcti_disk0078/k0_ward/k0_ward/cpark3/gmo/my_gmo/pshift_k0t_x80a1_newnames/renamed_newb/input_lgfs/k0tbfn000at1n16b5.lgf
write results to /nfs/pdx/disks/dcti_disk0078/k0_ward/k0_ward/cpark3/gmo/my_gmo/pshift_k0t_x80a1_newnames/renamed_newb/output_lgfs///k0tbfn000at1n16b5.lgf


/nfs/pdx/disks/dcti_disk0078/k0_ward/k0_ward/cpark3/gmo/my_gmo/pshift_k0t_x80a1_newnames/renamed_newb/input_lgfs/k0tcbf000at1d24b5.lgf
write results to /nfs/pdx/disks/dcti_disk0078/k0_ward/k0_ward/cpark3/gmo/my_gmo/pshift_k0t_x80a1_newnames/renamed_newb/output_lgfs///k0tcbf000at1d24b5.lgf


/nfs/pdx/disks/dcti_disk0078/k0_ward/k0_ward/cpark3/gmo/my_gmo/pshift_k0t_x80a1_newnames/renamed_newb/input_lgfs/k0tcbf000at1d32b5.lgf
write results to /nfs/pdx/disks/dcti_disk0078/k0_ward/k0_ward/cpark3/gmo/my_gmo/pshift_k0t_x80a1_newnames/renamed_newb/output_lgfs///k0tcbf000at1d32b5.lgf


/nfs/pdx/disks/dcti_disk0078/k0_ward/k0_ward/cpark3/gmo/my_gmo/pshift_k0t_x80a1_newnames/renamed_newb/input_lgfs/k0tcbf000at1n02b5.lgf
write results to /nfs/pdx/disks/dcti_disk0078/k0_ward/k0_ward/cpark3/gmo/my_gmo/pshift_k0t_x80a1_newnames/renamed_newb/output_lgfs///k0tcbf000at1n02b5.lgf


/nfs/pdx/disks/dcti_disk0078/k0_ward/k0_ward/cpark3/gmo/my_gmo/pshift_k0t_x80a1_newnames/renamed_newb/input_lgfs/k0tcbf000at1n04b5.lgf
write results to /nfs/pdx/disks/dcti_disk0078/k0_ward/k0_ward/cpark3/gmo/my_gmo/pshift_k0t_x80a1_newnames/renamed_newb/output_lgfs///k0tcbf000at1n04b5.lgf


/nfs/pdx/disks/dcti_disk0078/k0_ward/k0_ward/cpark3/gmo/my_gmo/pshift_k0t_x80a1_newnames/renamed_newb/input_lgfs/k0tcbf000at1n08b5.lgf
write results to /nfs/pdx/disks/dcti_disk0078/k0_ward/k0_ward/cpark3/gmo/my_gmo/pshift_k0t_x80a1_newnames/renamed_newb/output_lgfs///k0tcbf000at1n08b5.lgf


/nfs/pdx/disks/dcti_disk0078/k0_ward/k0_ward/cpark3/gmo/my_gmo/pshift_k0t_x80a1_newnames/renamed_newb/input_lgfs/k0tcbf000at1n12b5.lgf
write results to /nfs/pdx/disks/dcti_disk0078/k0_ward/k0_ward/cpark3/gmo/my_gmo/pshift_k0t_x80a1_newnames/renamed_newb/output_lgfs///k0tcbf000at1n12b5.lgf


/nfs/pdx/disks/dcti_disk0078/k0_ward/k0_ward/cpark3/gmo/my_gmo/pshift_k0t_x80a1_newnames/renamed_newb/input_lgfs/k0tcbf000at1n16b5.lgf
write results to /nfs/pdx/disks/dcti_disk0078/k0_ward/k0_ward/cpark3/gmo/my_gmo/pshift_k0t_x80a1_newnames/renamed_newb/output_lgfs///k0tcbf000at1n16b5.lgf


/nfs/pdx/disks/dcti_disk0078/k0_ward/k0_ward/cpark3/gmo/my_gmo/pshift_k0t_x80a1_newnames/renamed_newb/input_lgfs/k0tcilb05at1n02b5.lgf
write results to /nfs/pdx/disks/dcti_disk0078/k0_ward/k0_ward/cpark3/gmo/my_gmo/pshift_k0t_x80a1_newnames/renamed_newb/output_lgfs///k0tcilb05at1n02b5.lgf


/nfs/pdx/disks/dcti_disk0078/k0_ward/k0_ward/cpark3/gmo/my_gmo/pshift_k0t_x80a1_newnames/renamed_newb/input_lgfs/k0tcilb05at1n04b5.lgf
write results to /nfs/pdx/disks/dcti_disk0078/k0_ward/k0_ward/cpark3/gmo/my_gmo/pshift_k0t_x80a1_newnames/renamed_newb/output_lgfs///k0tcilb05at1n04b5.lgf


/nfs/pdx/disks/dcti_disk0078/k0_ward/k0_ward/cpark3/gmo/my_gmo/pshift_k0t_x80a1_newnames/renamed_newb/input_lgfs/k0tcilb05at1n08b5.lgf
write results to /nfs/pdx/disks/dcti_disk0078/k0_ward/k0_ward/cpark3/gmo/my_gmo/pshift_k0t_x80a1_newnames/renamed_newb/output_lgfs///k0tcilb05at1n08b5.lgf


/nfs/pdx/disks/dcti_disk0078/k0_ward/k0_ward/cpark3/gmo/my_gmo/pshift_k0t_x80a1_newnames/renamed_newb/input_lgfs/k0tcilb05at1n16b5.lgf
write results to /nfs/pdx/disks/dcti_disk0078/k0_ward/k0_ward/cpark3/gmo/my_gmo/pshift_k0t_x80a1_newnames/renamed_newb/output_lgfs///k0tcilb05at1n16b5.lgf


/nfs/pdx/disks/dcti_disk0078/k0_ward/k0_ward/cpark3/gmo/my_gmo/pshift_k0t_x80a1_newnames/renamed_newb/input_lgfs/k0tcilb05at1n28b5.lgf
write results to /nfs/pdx/disks/dcti_disk0078/k0_ward/k0_ward/cpark3/gmo/my_gmo/pshift_k0t_x80a1_newnames/renamed_newb/output_lgfs///k0tcilb05at1n28b5.lgf


/nfs/pdx/disks/dcti_disk0078/k0_ward/k0_ward/cpark3/gmo/my_gmo/pshift_k0t_x80a1_newnames/renamed_newb/input_lgfs/k0tcinv00at1d32b5.lgf
write results to /nfs/pdx/disks/dcti_disk0078/k0_ward/k0_ward/cpark3/gmo/my_gmo/pshift_k0t_x80a1_newnames/renamed_newb/output_lgfs///k0tcinv00at1d32b5.lgf


/nfs/pdx/disks/dcti_disk0078/k0_ward/k0_ward/cpark3/gmo/my_gmo/pshift_k0t_x80a1_newnames/renamed_newb/input_lgfs/k0tcinv00at1n02b4.lgf
write results to /nfs/pdx/disks/dcti_disk0078/k0_ward/k0_ward/cpark3/gmo/my_gmo/pshift_k0t_x80a1_newnames/renamed_newb/output_lgfs///k0tcinv00at1n02b4.lgf


/nfs/pdx/disks/dcti_disk0078/k0_ward/k0_ward/cpark3/gmo/my_gmo/pshift_k0t_x80a1_newnames/renamed_newb/input_lgfs/k0tcinv00at1n04b5.lgf
write results to /nfs/pdx/disks/dcti_disk0078/k0_ward/k0_ward/cpark3/gmo/my_gmo/pshift_k0t_x80a1_newnames/renamed_newb/output_lgfs///k0tcinv00at1n04b5.lgf


/nfs/pdx/disks/dcti_disk0078/k0_ward/k0_ward/cpark3/gmo/my_gmo/pshift_k0t_x80a1_newnames/renamed_newb/input_lgfs/k0tcinv00at1n08b5.lgf
write results to /nfs/pdx/disks/dcti_disk0078/k0_ward/k0_ward/cpark3/gmo/my_gmo/pshift_k0t_x80a1_newnames/renamed_newb/output_lgfs///k0tcinv00at1n08b5.lgf


/nfs/pdx/disks/dcti_disk0078/k0_ward/k0_ward/cpark3/gmo/my_gmo/pshift_k0t_x80a1_newnames/renamed_newb/input_lgfs/k0tcinv00at1n12b5.lgf
write results to /nfs/pdx/disks/dcti_disk0078/k0_ward/k0_ward/cpark3/gmo/my_gmo/pshift_k0t_x80a1_newnames/renamed_newb/output_lgfs///k0tcinv00at1n12b5.lgf


/nfs/pdx/disks/dcti_disk0078/k0_ward/k0_ward/cpark3/gmo/my_gmo/pshift_k0t_x80a1_newnames/renamed_newb/input_lgfs/k0tcinv00at1n16b5.lgf
write results to /nfs/pdx/disks/dcti_disk0078/k0_ward/k0_ward/cpark3/gmo/my_gmo/pshift_k0t_x80a1_newnames/renamed_newb/output_lgfs///k0tcinv00at1n16b5.lgf


/nfs/pdx/disks/dcti_disk0078/k0_ward/k0_ward/cpark3/gmo/my_gmo/pshift_k0t_x80a1_newnames/renamed_newb/input_lgfs/k0tcinv00at1n24b5.lgf
write results to /nfs/pdx/disks/dcti_disk0078/k0_ward/k0_ward/cpark3/gmo/my_gmo/pshift_k0t_x80a1_newnames/renamed_newb/output_lgfs///k0tcinv00at1n24b5.lgf


/nfs/pdx/disks/dcti_disk0078/k0_ward/k0_ward/cpark3/gmo/my_gmo/pshift_k0t_x80a1_newnames/renamed_newb/input_lgfs/k0tclb0a2at1d16b5.lgf
write results to /nfs/pdx/disks/dcti_disk0078/k0_ward/k0_ward/cpark3/gmo/my_gmo/pshift_k0t_x80a1_newnames/renamed_newb/output_lgfs///k0tclb0a2at1d16b5.lgf


/nfs/pdx/disks/dcti_disk0078/k0_ward/k0_ward/cpark3/gmo/my_gmo/pshift_k0t_x80a1_newnames/renamed_newb/input_lgfs/k0tclb0a2at1n02b5.lgf
write results to /nfs/pdx/disks/dcti_disk0078/k0_ward/k0_ward/cpark3/gmo/my_gmo/pshift_k0t_x80a1_newnames/renamed_newb/output_lgfs///k0tclb0a2at1n02b5.lgf


/nfs/pdx/disks/dcti_disk0078/k0_ward/k0_ward/cpark3/gmo/my_gmo/pshift_k0t_x80a1_newnames/renamed_newb/input_lgfs/k0tclb0a2at1n04b5.lgf
write results to /nfs/pdx/disks/dcti_disk0078/k0_ward/k0_ward/cpark3/gmo/my_gmo/pshift_k0t_x80a1_newnames/renamed_newb/output_lgfs///k0tclb0a2at1n04b5.lgf


/nfs/pdx/disks/dcti_disk0078/k0_ward/k0_ward/cpark3/gmo/my_gmo/pshift_k0t_x80a1_newnames/renamed_newb/input_lgfs/k0tclb0a2at1n08b5.lgf
write results to /nfs/pdx/disks/dcti_disk0078/k0_ward/k0_ward/cpark3/gmo/my_gmo/pshift_k0t_x80a1_newnames/renamed_newb/output_lgfs///k0tclb0a2at1n08b5.lgf


/nfs/pdx/disks/dcti_disk0078/k0_ward/k0_ward/cpark3/gmo/my_gmo/pshift_k0t_x80a1_newnames/renamed_newb/input_lgfs/k0tclb0a2at1n12b5.lgf
write results to /nfs/pdx/disks/dcti_disk0078/k0_ward/k0_ward/cpark3/gmo/my_gmo/pshift_k0t_x80a1_newnames/renamed_newb/output_lgfs///k0tclb0a2at1n12b5.lgf


/nfs/pdx/disks/dcti_disk0078/k0_ward/k0_ward/cpark3/gmo/my_gmo/pshift_k0t_x80a1_newnames/renamed_newb/input_lgfs/k0tfuy000at1d02b6.lgf
write results to /nfs/pdx/disks/dcti_disk0078/k0_ward/k0_ward/cpark3/gmo/my_gmo/pshift_k0t_x80a1_newnames/renamed_newb/output_lgfs///k0tfuy000at1d02b6.lgf


/nfs/pdx/disks/dcti_disk0078/k0_ward/k0_ward/cpark3/gmo/my_gmo/pshift_k0t_x80a1_newnames/renamed_newb/input_lgfs/k0tfuy000at1d04b5.lgf
write results to /nfs/pdx/disks/dcti_disk0078/k0_ward/k0_ward/cpark3/gmo/my_gmo/pshift_k0t_x80a1_newnames/renamed_newb/output_lgfs///k0tfuy000at1d04b5.lgf


/nfs/pdx/disks/dcti_disk0078/k0_ward/k0_ward/cpark3/gmo/my_gmo/pshift_k0t_x80a1_newnames/renamed_newb/input_lgfs/k0tfuy000at1d08b5.lgf
write results to /nfs/pdx/disks/dcti_disk0078/k0_ward/k0_ward/cpark3/gmo/my_gmo/pshift_k0t_x80a1_newnames/renamed_newb/output_lgfs///k0tfuy000at1d08b5.lgf


/nfs/pdx/disks/dcti_disk0078/k0_ward/k0_ward/cpark3/gmo/my_gmo/pshift_k0t_x80a1_newnames/renamed_newb/input_lgfs/k0tfuz200at1d02b6.lgf
write results to /nfs/pdx/disks/dcti_disk0078/k0_ward/k0_ward/cpark3/gmo/my_gmo/pshift_k0t_x80a1_newnames/renamed_newb/output_lgfs///k0tfuz200at1d02b6.lgf


/nfs/pdx/disks/dcti_disk0078/k0_ward/k0_ward/cpark3/gmo/my_gmo/pshift_k0t_x80a1_newnames/renamed_newb/input_lgfs/k0tfuz200at1d04b5.lgf
write results to /nfs/pdx/disks/dcti_disk0078/k0_ward/k0_ward/cpark3/gmo/my_gmo/pshift_k0t_x80a1_newnames/renamed_newb/output_lgfs///k0tfuz200at1d04b5.lgf


/nfs/pdx/disks/dcti_disk0078/k0_ward/k0_ward/cpark3/gmo/my_gmo/pshift_k0t_x80a1_newnames/renamed_newb/input_lgfs/k0tfuz400at1q02b6.lgf
write results to /nfs/pdx/disks/dcti_disk0078/k0_ward/k0_ward/cpark3/gmo/my_gmo/pshift_k0t_x80a1_newnames/renamed_newb/output_lgfs///k0tfuz400at1q02b6.lgf


/nfs/pdx/disks/dcti_disk0078/k0_ward/k0_ward/cpark3/gmo/my_gmo/pshift_k0t_x80a1_newnames/renamed_newb/input_lgfs/k0tfuz400at1q04b5.lgf
write results to /nfs/pdx/disks/dcti_disk0078/k0_ward/k0_ward/cpark3/gmo/my_gmo/pshift_k0t_x80a1_newnames/renamed_newb/output_lgfs///k0tfuz400at1q04b5.lgf


/nfs/pdx/disks/dcti_disk0078/k0_ward/k0_ward/cpark3/gmo/my_gmo/pshift_k0t_x80a1_newnames/renamed_newb/input_lgfs/k0tfvy003at1d02b6.lgf
write results to /nfs/pdx/disks/dcti_disk0078/k0_ward/k0_ward/cpark3/gmo/my_gmo/pshift_k0t_x80a1_newnames/renamed_newb/output_lgfs///k0tfvy003at1d02b6.lgf


/nfs/pdx/disks/dcti_disk0078/k0_ward/k0_ward/cpark3/gmo/my_gmo/pshift_k0t_x80a1_newnames/renamed_newb/input_lgfs/k0tfvy003at1d04b5.lgf
write results to /nfs/pdx/disks/dcti_disk0078/k0_ward/k0_ward/cpark3/gmo/my_gmo/pshift_k0t_x80a1_newnames/renamed_newb/output_lgfs///k0tfvy003at1d04b5.lgf


/nfs/pdx/disks/dcti_disk0078/k0_ward/k0_ward/cpark3/gmo/my_gmo/pshift_k0t_x80a1_newnames/renamed_newb/input_lgfs/k0tfvz00bat1d02b6.lgf
write results to /nfs/pdx/disks/dcti_disk0078/k0_ward/k0_ward/cpark3/gmo/my_gmo/pshift_k0t_x80a1_newnames/renamed_newb/output_lgfs///k0tfvz00bat1d02b6.lgf


/nfs/pdx/disks/dcti_disk0078/k0_ward/k0_ward/cpark3/gmo/my_gmo/pshift_k0t_x80a1_newnames/renamed_newb/input_lgfs/k0tfvz00bat1d04b5.lgf
write results to /nfs/pdx/disks/dcti_disk0078/k0_ward/k0_ward/cpark3/gmo/my_gmo/pshift_k0t_x80a1_newnames/renamed_newb/output_lgfs///k0tfvz00bat1d04b5.lgf


/nfs/pdx/disks/dcti_disk0078/k0_ward/k0_ward/cpark3/gmo/my_gmo/pshift_k0t_x80a1_newnames/renamed_newb/input_lgfs/k0tfvz08bat1d02b6.lgf
write results to /nfs/pdx/disks/dcti_disk0078/k0_ward/k0_ward/cpark3/gmo/my_gmo/pshift_k0t_x80a1_newnames/renamed_newb/output_lgfs///k0tfvz08bat1d02b6.lgf


/nfs/pdx/disks/dcti_disk0078/k0_ward/k0_ward/cpark3/gmo/my_gmo/pshift_k0t_x80a1_newnames/renamed_newb/input_lgfs/k0tfvz08bat1d04b5.lgf
write results to /nfs/pdx/disks/dcti_disk0078/k0_ward/k0_ward/cpark3/gmo/my_gmo/pshift_k0t_x80a1_newnames/renamed_newb/output_lgfs///k0tfvz08bat1d04b5.lgf


/nfs/pdx/disks/dcti_disk0078/k0_ward/k0_ward/cpark3/gmo/my_gmo/pshift_k0t_x80a1_newnames/renamed_newb/input_lgfs/k0tfvz203at1d02b6.lgf
write results to /nfs/pdx/disks/dcti_disk0078/k0_ward/k0_ward/cpark3/gmo/my_gmo/pshift_k0t_x80a1_newnames/renamed_newb/output_lgfs///k0tfvz203at1d02b6.lgf


/nfs/pdx/disks/dcti_disk0078/k0_ward/k0_ward/cpark3/gmo/my_gmo/pshift_k0t_x80a1_newnames/renamed_newb/input_lgfs/k0tfvz203at1d04b5.lgf
write results to /nfs/pdx/disks/dcti_disk0078/k0_ward/k0_ward/cpark3/gmo/my_gmo/pshift_k0t_x80a1_newnames/renamed_newb/output_lgfs///k0tfvz203at1d04b5.lgf


/nfs/pdx/disks/dcti_disk0078/k0_ward/k0_ward/cpark3/gmo/my_gmo/pshift_k0t_x80a1_newnames/renamed_newb/input_lgfs/k0tfvz403at1q02b6.lgf
write results to /nfs/pdx/disks/dcti_disk0078/k0_ward/k0_ward/cpark3/gmo/my_gmo/pshift_k0t_x80a1_newnames/renamed_newb/output_lgfs///k0tfvz403at1q02b6.lgf


/nfs/pdx/disks/dcti_disk0078/k0_ward/k0_ward/cpark3/gmo/my_gmo/pshift_k0t_x80a1_newnames/renamed_newb/input_lgfs/k0tfvz403at1q04b5.lgf
write results to /nfs/pdx/disks/dcti_disk0078/k0_ward/k0_ward/cpark3/gmo/my_gmo/pshift_k0t_x80a1_newnames/renamed_newb/output_lgfs///k0tfvz403at1q04b5.lgf


/nfs/pdx/disks/dcti_disk0078/k0_ward/k0_ward/cpark3/gmo/my_gmo/pshift_k0t_x80a1_newnames/renamed_newb/input_lgfs/k0tinv000at1n02b5.lgf
write results to /nfs/pdx/disks/dcti_disk0078/k0_ward/k0_ward/cpark3/gmo/my_gmo/pshift_k0t_x80a1_newnames/renamed_newb/output_lgfs///k0tinv000at1n02b5.lgf


/nfs/pdx/disks/dcti_disk0078/k0_ward/k0_ward/cpark3/gmo/my_gmo/pshift_k0t_x80a1_newnames/renamed_newb/input_lgfs/k0tinv000at1n04b5.lgf
write results to /nfs/pdx/disks/dcti_disk0078/k0_ward/k0_ward/cpark3/gmo/my_gmo/pshift_k0t_x80a1_newnames/renamed_newb/output_lgfs///k0tinv000at1n04b5.lgf


/nfs/pdx/disks/dcti_disk0078/k0_ward/k0_ward/cpark3/gmo/my_gmo/pshift_k0t_x80a1_newnames/renamed_newb/input_lgfs/k0tinv000at1n06b5.lgf
write results to /nfs/pdx/disks/dcti_disk0078/k0_ward/k0_ward/cpark3/gmo/my_gmo/pshift_k0t_x80a1_newnames/renamed_newb/output_lgfs///k0tinv000at1n06b5.lgf


/nfs/pdx/disks/dcti_disk0078/k0_ward/k0_ward/cpark3/gmo/my_gmo/pshift_k0t_x80a1_newnames/renamed_newb/input_lgfs/k0tinv000at1n08b5.lgf
write results to /nfs/pdx/disks/dcti_disk0078/k0_ward/k0_ward/cpark3/gmo/my_gmo/pshift_k0t_x80a1_newnames/renamed_newb/output_lgfs///k0tinv000at1n08b5.lgf


/nfs/pdx/disks/dcti_disk0078/k0_ward/k0_ward/cpark3/gmo/my_gmo/pshift_k0t_x80a1_newnames/renamed_newb/input_lgfs/k0tinv000at1n12b5.lgf
write results to /nfs/pdx/disks/dcti_disk0078/k0_ward/k0_ward/cpark3/gmo/my_gmo/pshift_k0t_x80a1_newnames/renamed_newb/output_lgfs///k0tinv000at1n12b5.lgf


/nfs/pdx/disks/dcti_disk0078/k0_ward/k0_ward/cpark3/gmo/my_gmo/pshift_k0t_x80a1_newnames/renamed_newb/input_lgfs/k0tinv000at1n16b5.lgf
write results to /nfs/pdx/disks/dcti_disk0078/k0_ward/k0_ward/cpark3/gmo/my_gmo/pshift_k0t_x80a1_newnames/renamed_newb/output_lgfs///k0tinv000at1n16b5.lgf


/nfs/pdx/disks/dcti_disk0078/k0_ward/k0_ward/cpark3/gmo/my_gmo/pshift_k0t_x80a1_newnames/renamed_newb/input_lgfs/k0tinv000at1n24b5.lgf
write results to /nfs/pdx/disks/dcti_disk0078/k0_ward/k0_ward/cpark3/gmo/my_gmo/pshift_k0t_x80a1_newnames/renamed_newb/output_lgfs///k0tinv000at1n24b5.lgf


/nfs/pdx/disks/dcti_disk0078/k0_ward/k0_ward/cpark3/gmo/my_gmo/pshift_k0t_x80a1_newnames/renamed_newb/input_lgfs/k0tlsn000at1n02b5.lgf
write results to /nfs/pdx/disks/dcti_disk0078/k0_ward/k0_ward/cpark3/gmo/my_gmo/pshift_k0t_x80a1_newnames/renamed_newb/output_lgfs///k0tlsn000at1n02b5.lgf


/nfs/pdx/disks/dcti_disk0078/k0_ward/k0_ward/cpark3/gmo/my_gmo/pshift_k0t_x80a1_newnames/renamed_newb/input_lgfs/k0tlsn000at1n04b5.lgf
write results to /nfs/pdx/disks/dcti_disk0078/k0_ward/k0_ward/cpark3/gmo/my_gmo/pshift_k0t_x80a1_newnames/renamed_newb/output_lgfs///k0tlsn000at1n04b5.lgf


/nfs/pdx/disks/dcti_disk0078/k0_ward/k0_ward/cpark3/gmo/my_gmo/pshift_k0t_x80a1_newnames/renamed_newb/input_lgfs/k0tlsn080at1n02b5.lgf
write results to /nfs/pdx/disks/dcti_disk0078/k0_ward/k0_ward/cpark3/gmo/my_gmo/pshift_k0t_x80a1_newnames/renamed_newb/output_lgfs///k0tlsn080at1n02b5.lgf


/nfs/pdx/disks/dcti_disk0078/k0_ward/k0_ward/cpark3/gmo/my_gmo/pshift_k0t_x80a1_newnames/renamed_newb/input_lgfs/k0tlsn080at1n04b5.lgf
write results to /nfs/pdx/disks/dcti_disk0078/k0_ward/k0_ward/cpark3/gmo/my_gmo/pshift_k0t_x80a1_newnames/renamed_newb/output_lgfs///k0tlsn080at1n04b5.lgf


/nfs/pdx/disks/dcti_disk0078/k0_ward/k0_ward/cpark3/gmo/my_gmo/pshift_k0t_x80a1_newnames/renamed_newb/input_lgfs/k0tmbn022at1n02b5.lgf
write results to /nfs/pdx/disks/dcti_disk0078/k0_ward/k0_ward/cpark3/gmo/my_gmo/pshift_k0t_x80a1_newnames/renamed_newb/output_lgfs///k0tmbn022at1n02b5.lgf


/nfs/pdx/disks/dcti_disk0078/k0_ward/k0_ward/cpark3/gmo/my_gmo/pshift_k0t_x80a1_newnames/renamed_newb/input_lgfs/k0tmbn022at1n04b5.lgf
write results to /nfs/pdx/disks/dcti_disk0078/k0_ward/k0_ward/cpark3/gmo/my_gmo/pshift_k0t_x80a1_newnames/renamed_newb/output_lgfs///k0tmbn022at1n04b5.lgf


/nfs/pdx/disks/dcti_disk0078/k0_ward/k0_ward/cpark3/gmo/my_gmo/pshift_k0t_x80a1_newnames/renamed_newb/input_lgfs/k0tmdn022at1d08b5.lgf
write results to /nfs/pdx/disks/dcti_disk0078/k0_ward/k0_ward/cpark3/gmo/my_gmo/pshift_k0t_x80a1_newnames/renamed_newb/output_lgfs///k0tmdn022at1d08b5.lgf


/nfs/pdx/disks/dcti_disk0078/k0_ward/k0_ward/cpark3/gmo/my_gmo/pshift_k0t_x80a1_newnames/renamed_newb/input_lgfs/k0tmdn022at1n02b5.lgf
write results to /nfs/pdx/disks/dcti_disk0078/k0_ward/k0_ward/cpark3/gmo/my_gmo/pshift_k0t_x80a1_newnames/renamed_newb/output_lgfs///k0tmdn022at1n02b5.lgf


/nfs/pdx/disks/dcti_disk0078/k0_ward/k0_ward/cpark3/gmo/my_gmo/pshift_k0t_x80a1_newnames/renamed_newb/input_lgfs/k0tmdn022at1n04b5.lgf
write results to /nfs/pdx/disks/dcti_disk0078/k0_ward/k0_ward/cpark3/gmo/my_gmo/pshift_k0t_x80a1_newnames/renamed_newb/output_lgfs///k0tmdn022at1n04b5.lgf


/nfs/pdx/disks/dcti_disk0078/k0_ward/k0_ward/cpark3/gmo/my_gmo/pshift_k0t_x80a1_newnames/renamed_newb/input_lgfs/k0tnanb02at1n02b5.lgf
write results to /nfs/pdx/disks/dcti_disk0078/k0_ward/k0_ward/cpark3/gmo/my_gmo/pshift_k0t_x80a1_newnames/renamed_newb/output_lgfs///k0tnanb02at1n02b5.lgf


/nfs/pdx/disks/dcti_disk0078/k0_ward/k0_ward/cpark3/gmo/my_gmo/pshift_k0t_x80a1_newnames/renamed_newb/input_lgfs/k0tnanb02at1n04b5.lgf
write results to /nfs/pdx/disks/dcti_disk0078/k0_ward/k0_ward/cpark3/gmo/my_gmo/pshift_k0t_x80a1_newnames/renamed_newb/output_lgfs///k0tnanb02at1n04b5.lgf


/nfs/pdx/disks/dcti_disk0078/k0_ward/k0_ward/cpark3/gmo/my_gmo/pshift_k0t_x80a1_newnames/renamed_newb/input_lgfs/k0tnand04at1n02b5.lgf
write results to /nfs/pdx/disks/dcti_disk0078/k0_ward/k0_ward/cpark3/gmo/my_gmo/pshift_k0t_x80a1_newnames/renamed_newb/output_lgfs///k0tnand04at1n02b5.lgf


/nfs/pdx/disks/dcti_disk0078/k0_ward/k0_ward/cpark3/gmo/my_gmo/pshift_k0t_x80a1_newnames/renamed_newb/input_lgfs/k0tnand04at1n04b5.lgf
write results to /nfs/pdx/disks/dcti_disk0078/k0_ward/k0_ward/cpark3/gmo/my_gmo/pshift_k0t_x80a1_newnames/renamed_newb/output_lgfs///k0tnand04at1n04b5.lgf


/nfs/pdx/disks/dcti_disk0078/k0_ward/k0_ward/cpark3/gmo/my_gmo/pshift_k0t_x80a1_newnames/renamed_newb/input_lgfs/k0tnanp02at1n02b5.lgf
write results to /nfs/pdx/disks/dcti_disk0078/k0_ward/k0_ward/cpark3/gmo/my_gmo/pshift_k0t_x80a1_newnames/renamed_newb/output_lgfs///k0tnanp02at1n02b5.lgf


/nfs/pdx/disks/dcti_disk0078/k0_ward/k0_ward/cpark3/gmo/my_gmo/pshift_k0t_x80a1_newnames/renamed_newb/input_lgfs/k0tnanp02at1n04b5.lgf
write results to /nfs/pdx/disks/dcti_disk0078/k0_ward/k0_ward/cpark3/gmo/my_gmo/pshift_k0t_x80a1_newnames/renamed_newb/output_lgfs///k0tnanp02at1n04b5.lgf


/nfs/pdx/disks/dcti_disk0078/k0_ward/k0_ward/cpark3/gmo/my_gmo/pshift_k0t_x80a1_newnames/renamed_newb/input_lgfs/k0tnanp02at1n08b5.lgf
write results to /nfs/pdx/disks/dcti_disk0078/k0_ward/k0_ward/cpark3/gmo/my_gmo/pshift_k0t_x80a1_newnames/renamed_newb/output_lgfs///k0tnanp02at1n08b5.lgf


/nfs/pdx/disks/dcti_disk0078/k0_ward/k0_ward/cpark3/gmo/my_gmo/pshift_k0t_x80a1_newnames/renamed_newb/input_lgfs/k0tnanp02at1n16b5.lgf
write results to /nfs/pdx/disks/dcti_disk0078/k0_ward/k0_ward/cpark3/gmo/my_gmo/pshift_k0t_x80a1_newnames/renamed_newb/output_lgfs///k0tnanp02at1n16b5.lgf


/nfs/pdx/disks/dcti_disk0078/k0_ward/k0_ward/cpark3/gmo/my_gmo/pshift_k0t_x80a1_newnames/renamed_newb/input_lgfs/k0tnanp03at1d08b5.lgf
write results to /nfs/pdx/disks/dcti_disk0078/k0_ward/k0_ward/cpark3/gmo/my_gmo/pshift_k0t_x80a1_newnames/renamed_newb/output_lgfs///k0tnanp03at1d08b5.lgf


/nfs/pdx/disks/dcti_disk0078/k0_ward/k0_ward/cpark3/gmo/my_gmo/pshift_k0t_x80a1_newnames/renamed_newb/input_lgfs/k0tnanp03at1d16b5.lgf
write results to /nfs/pdx/disks/dcti_disk0078/k0_ward/k0_ward/cpark3/gmo/my_gmo/pshift_k0t_x80a1_newnames/renamed_newb/output_lgfs///k0tnanp03at1d16b5.lgf


/nfs/pdx/disks/dcti_disk0078/k0_ward/k0_ward/cpark3/gmo/my_gmo/pshift_k0t_x80a1_newnames/renamed_newb/input_lgfs/k0tnanp03at1n02b5.lgf
write results to /nfs/pdx/disks/dcti_disk0078/k0_ward/k0_ward/cpark3/gmo/my_gmo/pshift_k0t_x80a1_newnames/renamed_newb/output_lgfs///k0tnanp03at1n02b5.lgf


/nfs/pdx/disks/dcti_disk0078/k0_ward/k0_ward/cpark3/gmo/my_gmo/pshift_k0t_x80a1_newnames/renamed_newb/input_lgfs/k0tnanp03at1n04b5.lgf
write results to /nfs/pdx/disks/dcti_disk0078/k0_ward/k0_ward/cpark3/gmo/my_gmo/pshift_k0t_x80a1_newnames/renamed_newb/output_lgfs///k0tnanp03at1n04b5.lgf


/nfs/pdx/disks/dcti_disk0078/k0_ward/k0_ward/cpark3/gmo/my_gmo/pshift_k0t_x80a1_newnames/renamed_newb/input_lgfs/k0tnor044at1n02b5.lgf
write results to /nfs/pdx/disks/dcti_disk0078/k0_ward/k0_ward/cpark3/gmo/my_gmo/pshift_k0t_x80a1_newnames/renamed_newb/output_lgfs///k0tnor044at1n02b5.lgf


/nfs/pdx/disks/dcti_disk0078/k0_ward/k0_ward/cpark3/gmo/my_gmo/pshift_k0t_x80a1_newnames/renamed_newb/input_lgfs/k0tnor044at1n04b5.lgf
write results to /nfs/pdx/disks/dcti_disk0078/k0_ward/k0_ward/cpark3/gmo/my_gmo/pshift_k0t_x80a1_newnames/renamed_newb/output_lgfs///k0tnor044at1n04b5.lgf


/nfs/pdx/disks/dcti_disk0078/k0_ward/k0_ward/cpark3/gmo/my_gmo/pshift_k0t_x80a1_newnames/renamed_newb/input_lgfs/k0tnorb02at1n02b5.lgf
write results to /nfs/pdx/disks/dcti_disk0078/k0_ward/k0_ward/cpark3/gmo/my_gmo/pshift_k0t_x80a1_newnames/renamed_newb/output_lgfs///k0tnorb02at1n02b5.lgf


/nfs/pdx/disks/dcti_disk0078/k0_ward/k0_ward/cpark3/gmo/my_gmo/pshift_k0t_x80a1_newnames/renamed_newb/input_lgfs/k0tnorb02at1n04b5.lgf
write results to /nfs/pdx/disks/dcti_disk0078/k0_ward/k0_ward/cpark3/gmo/my_gmo/pshift_k0t_x80a1_newnames/renamed_newb/output_lgfs///k0tnorb02at1n04b5.lgf


/nfs/pdx/disks/dcti_disk0078/k0_ward/k0_ward/cpark3/gmo/my_gmo/pshift_k0t_x80a1_newnames/renamed_newb/input_lgfs/k0tnorp02at1n02b5.lgf
write results to /nfs/pdx/disks/dcti_disk0078/k0_ward/k0_ward/cpark3/gmo/my_gmo/pshift_k0t_x80a1_newnames/renamed_newb/output_lgfs///k0tnorp02at1n02b5.lgf


/nfs/pdx/disks/dcti_disk0078/k0_ward/k0_ward/cpark3/gmo/my_gmo/pshift_k0t_x80a1_newnames/renamed_newb/input_lgfs/k0tnorp02at1n04b5.lgf
write results to /nfs/pdx/disks/dcti_disk0078/k0_ward/k0_ward/cpark3/gmo/my_gmo/pshift_k0t_x80a1_newnames/renamed_newb/output_lgfs///k0tnorp02at1n04b5.lgf


/nfs/pdx/disks/dcti_disk0078/k0_ward/k0_ward/cpark3/gmo/my_gmo/pshift_k0t_x80a1_newnames/renamed_newb/input_lgfs/k0tnorp02at1n08b5.lgf
write results to /nfs/pdx/disks/dcti_disk0078/k0_ward/k0_ward/cpark3/gmo/my_gmo/pshift_k0t_x80a1_newnames/renamed_newb/output_lgfs///k0tnorp02at1n08b5.lgf


/nfs/pdx/disks/dcti_disk0078/k0_ward/k0_ward/cpark3/gmo/my_gmo/pshift_k0t_x80a1_newnames/renamed_newb/input_lgfs/k0tnorp02at1n16b5.lgf
write results to /nfs/pdx/disks/dcti_disk0078/k0_ward/k0_ward/cpark3/gmo/my_gmo/pshift_k0t_x80a1_newnames/renamed_newb/output_lgfs///k0tnorp02at1n16b5.lgf


/nfs/pdx/disks/dcti_disk0078/k0_ward/k0_ward/cpark3/gmo/my_gmo/pshift_k0t_x80a1_newnames/renamed_newb/input_lgfs/k0tnorp03at1d08b5.lgf
write results to /nfs/pdx/disks/dcti_disk0078/k0_ward/k0_ward/cpark3/gmo/my_gmo/pshift_k0t_x80a1_newnames/renamed_newb/output_lgfs///k0tnorp03at1d08b5.lgf


/nfs/pdx/disks/dcti_disk0078/k0_ward/k0_ward/cpark3/gmo/my_gmo/pshift_k0t_x80a1_newnames/renamed_newb/input_lgfs/k0tnorp03at1d16b5.lgf
write results to /nfs/pdx/disks/dcti_disk0078/k0_ward/k0_ward/cpark3/gmo/my_gmo/pshift_k0t_x80a1_newnames/renamed_newb/output_lgfs///k0tnorp03at1d16b5.lgf


/nfs/pdx/disks/dcti_disk0078/k0_ward/k0_ward/cpark3/gmo/my_gmo/pshift_k0t_x80a1_newnames/renamed_newb/input_lgfs/k0tnorp03at1n02b5.lgf
write results to /nfs/pdx/disks/dcti_disk0078/k0_ward/k0_ward/cpark3/gmo/my_gmo/pshift_k0t_x80a1_newnames/renamed_newb/output_lgfs///k0tnorp03at1n02b5.lgf


/nfs/pdx/disks/dcti_disk0078/k0_ward/k0_ward/cpark3/gmo/my_gmo/pshift_k0t_x80a1_newnames/renamed_newb/input_lgfs/k0tnorp03at1n04b5.lgf
write results to /nfs/pdx/disks/dcti_disk0078/k0_ward/k0_ward/cpark3/gmo/my_gmo/pshift_k0t_x80a1_newnames/renamed_newb/output_lgfs///k0tnorp03at1n04b5.lgf


/nfs/pdx/disks/dcti_disk0078/k0_ward/k0_ward/cpark3/gmo/my_gmo/pshift_k0t_x80a1_newnames/renamed_newb/input_lgfs/k0toab012at1n02b5.lgf
write results to /nfs/pdx/disks/dcti_disk0078/k0_ward/k0_ward/cpark3/gmo/my_gmo/pshift_k0t_x80a1_newnames/renamed_newb/output_lgfs///k0toab012at1n02b5.lgf


/nfs/pdx/disks/dcti_disk0078/k0_ward/k0_ward/cpark3/gmo/my_gmo/pshift_k0t_x80a1_newnames/renamed_newb/input_lgfs/k0toab012at1n04b5.lgf
write results to /nfs/pdx/disks/dcti_disk0078/k0_ward/k0_ward/cpark3/gmo/my_gmo/pshift_k0t_x80a1_newnames/renamed_newb/output_lgfs///k0toab012at1n04b5.lgf


/nfs/pdx/disks/dcti_disk0078/k0_ward/k0_ward/cpark3/gmo/my_gmo/pshift_k0t_x80a1_newnames/renamed_newb/input_lgfs/k0toai012at1n02b5.lgf
write results to /nfs/pdx/disks/dcti_disk0078/k0_ward/k0_ward/cpark3/gmo/my_gmo/pshift_k0t_x80a1_newnames/renamed_newb/output_lgfs///k0toai012at1n02b5.lgf


/nfs/pdx/disks/dcti_disk0078/k0_ward/k0_ward/cpark3/gmo/my_gmo/pshift_k0t_x80a1_newnames/renamed_newb/input_lgfs/k0toai012at1n04b5.lgf
write results to /nfs/pdx/disks/dcti_disk0078/k0_ward/k0_ward/cpark3/gmo/my_gmo/pshift_k0t_x80a1_newnames/renamed_newb/output_lgfs///k0toai012at1n04b5.lgf


/nfs/pdx/disks/dcti_disk0078/k0_ward/k0_ward/cpark3/gmo/my_gmo/pshift_k0t_x80a1_newnames/renamed_newb/input_lgfs/k0toai012at1n08b5.lgf
write results to /nfs/pdx/disks/dcti_disk0078/k0_ward/k0_ward/cpark3/gmo/my_gmo/pshift_k0t_x80a1_newnames/renamed_newb/output_lgfs///k0toai012at1n08b5.lgf


/nfs/pdx/disks/dcti_disk0078/k0_ward/k0_ward/cpark3/gmo/my_gmo/pshift_k0t_x80a1_newnames/renamed_newb/input_lgfs/k0toai022at1n02b5.lgf
write results to /nfs/pdx/disks/dcti_disk0078/k0_ward/k0_ward/cpark3/gmo/my_gmo/pshift_k0t_x80a1_newnames/renamed_newb/output_lgfs///k0toai022at1n02b5.lgf


/nfs/pdx/disks/dcti_disk0078/k0_ward/k0_ward/cpark3/gmo/my_gmo/pshift_k0t_x80a1_newnames/renamed_newb/input_lgfs/k0toai022at1n04b5.lgf
write results to /nfs/pdx/disks/dcti_disk0078/k0_ward/k0_ward/cpark3/gmo/my_gmo/pshift_k0t_x80a1_newnames/renamed_newb/output_lgfs///k0toai022at1n04b5.lgf


/nfs/pdx/disks/dcti_disk0078/k0_ward/k0_ward/cpark3/gmo/my_gmo/pshift_k0t_x80a1_newnames/renamed_newb/input_lgfs/k0toai022at1n08b5.lgf
write results to /nfs/pdx/disks/dcti_disk0078/k0_ward/k0_ward/cpark3/gmo/my_gmo/pshift_k0t_x80a1_newnames/renamed_newb/output_lgfs///k0toai022at1n08b5.lgf


/nfs/pdx/disks/dcti_disk0078/k0_ward/k0_ward/cpark3/gmo/my_gmo/pshift_k0t_x80a1_newnames/renamed_newb/input_lgfs/k0torn002at1n02b5.lgf
write results to /nfs/pdx/disks/dcti_disk0078/k0_ward/k0_ward/cpark3/gmo/my_gmo/pshift_k0t_x80a1_newnames/renamed_newb/output_lgfs///k0torn002at1n02b5.lgf


/nfs/pdx/disks/dcti_disk0078/k0_ward/k0_ward/cpark3/gmo/my_gmo/pshift_k0t_x80a1_newnames/renamed_newb/input_lgfs/k0torn002at1n04b5.lgf
write results to /nfs/pdx/disks/dcti_disk0078/k0_ward/k0_ward/cpark3/gmo/my_gmo/pshift_k0t_x80a1_newnames/renamed_newb/output_lgfs///k0torn002at1n04b5.lgf


/nfs/pdx/disks/dcti_disk0078/k0_ward/k0_ward/cpark3/gmo/my_gmo/pshift_k0t_x80a1_newnames/renamed_newb/input_lgfs/k0trm0023at1d02b5.lgf
write results to /nfs/pdx/disks/dcti_disk0078/k0_ward/k0_ward/cpark3/gmo/my_gmo/pshift_k0t_x80a1_newnames/renamed_newb/output_lgfs///k0trm0023at1d02b5.lgf


/nfs/pdx/disks/dcti_disk0078/k0_ward/k0_ward/cpark3/gmo/my_gmo/pshift_k0t_x80a1_newnames/renamed_newb/input_lgfs/k0trm0023at1d04b5.lgf
write results to /nfs/pdx/disks/dcti_disk0078/k0_ward/k0_ward/cpark3/gmo/my_gmo/pshift_k0t_x80a1_newnames/renamed_newb/output_lgfs///k0trm0023at1d04b5.lgf


/nfs/pdx/disks/dcti_disk0078/k0_ward/k0_ward/cpark3/gmo/my_gmo/pshift_k0t_x80a1_newnames/renamed_newb/input_lgfs/k0txnr002at1n02b5.lgf
write results to /nfs/pdx/disks/dcti_disk0078/k0_ward/k0_ward/cpark3/gmo/my_gmo/pshift_k0t_x80a1_newnames/renamed_newb/output_lgfs///k0txnr002at1n02b5.lgf


/nfs/pdx/disks/dcti_disk0078/k0_ward/k0_ward/cpark3/gmo/my_gmo/pshift_k0t_x80a1_newnames/renamed_newb/input_lgfs/k0txnr002at1n04b5.lgf
write results to /nfs/pdx/disks/dcti_disk0078/k0_ward/k0_ward/cpark3/gmo/my_gmo/pshift_k0t_x80a1_newnames/renamed_newb/output_lgfs///k0txnr002at1n04b5.lgf


/nfs/pdx/disks/dcti_disk0078/k0_ward/k0_ward/cpark3/gmo/my_gmo/pshift_k0t_x80a1_newnames/renamed_newb/input_lgfs/k0txor002at1n02b5.lgf
write results to /nfs/pdx/disks/dcti_disk0078/k0_ward/k0_ward/cpark3/gmo/my_gmo/pshift_k0t_x80a1_newnames/renamed_newb/output_lgfs///k0txor002at1n02b5.lgf


/nfs/pdx/disks/dcti_disk0078/k0_ward/k0_ward/cpark3/gmo/my_gmo/pshift_k0t_x80a1_newnames/renamed_newb/input_lgfs/k0txor002at1n04b5.lgf
write results to /nfs/pdx/disks/dcti_disk0078/k0_ward/k0_ward/cpark3/gmo/my_gmo/pshift_k0t_x80a1_newnames/renamed_newb/output_lgfs///k0txor002at1n04b5.lgf


/nfs/pdx/disks/dcti_disk0078/k0_ward/k0_ward/cpark3/gmo/my_gmo/pshift_k0t_x80a1_newnames/renamed_newb/input_lgfs/k0tfuy000at1d02b5.lgf
write results to /nfs/pdx/disks/dcti_disk0078/k0_ward/k0_ward/cpark3/gmo/my_gmo/pshift_k0t_x80a1_newnames/renamed_newb/output_lgfs///k0tfuy000at1d02b5.lgf


/nfs/pdx/disks/dcti_disk0078/k0_ward/k0_ward/cpark3/gmo/my_gmo/pshift_k0t_x80a1_newnames/renamed_newb/input_lgfs/k0tltn400at1q02b5.lgf
write results to /nfs/pdx/disks/dcti_disk0078/k0_ward/k0_ward/cpark3/gmo/my_gmo/pshift_k0t_x80a1_newnames/renamed_newb/output_lgfs///k0tltn400at1q02b5.lgf


/nfs/pdx/disks/dcti_disk0078/k0_ward/k0_ward/cpark3/gmo/my_gmo/pshift_k0t_x80a1_newnames/renamed_newb/input_lgfs/k0ttihi00at1n02b5.lgf
write results to /nfs/pdx/disks/dcti_disk0078/k0_ward/k0_ward/cpark3/gmo/my_gmo/pshift_k0t_x80a1_newnames/renamed_newb/output_lgfs///k0ttihi00at1n02b5.lgf


/nfs/pdx/disks/dcti_disk0078/k0_ward/k0_ward/cpark3/gmo/my_gmo/pshift_k0t_x80a1_newnames/renamed_newb/input_lgfs/k0ttilo00at1n02b5.lgf
write results to /nfs/pdx/disks/dcti_disk0078/k0_ward/k0_ward/cpark3/gmo/my_gmo/pshift_k0t_x80a1_newnames/renamed_newb/output_lgfs///k0ttilo00at1n02b5.lgf
