argc = 9
input_dir = /nfs/pdx/disks/dcti_disk0078/k0_ward/k0_ward/cpark3/gmo/my_gmo/pshift_k0t_x80a1_newnames/renamed_laygen126/input_lgfs
output_dir = /nfs/pdx/disks/dcti_disk0078/k0_ward/k0_ward/cpark3/gmo/my_gmo/pshift_k0t_x80a1_newnames/renamed_laygen126/output_lgfs
output_format = 
shift_spec = /nfs/pdx/disks/dcti_disk0078/k0_ward/k0_ward/cpark3/gmo/my_gmo/pshift_k0t_x80a1_newnames/rename_only.txt
source_arch = 
target_arch = 
cell_map = /nfs/pdx/disks/dcti_disk0078/k0_ward/k0_ward/cpark3/gmo/my_gmo/pshift_k0t_x80a1_newnames/laygen126.map
k0mand002at11c2x5        k0tand002at11c2x5
k0mbfn000at11c1x5               k0tbfn000at11c1x5              
k0mbfn000at11c2x5               k0tbfn000at11c2x5 
k0mcbf000at12cgx5     k0tcbf000at12cgx5
k0mcilb05at11c4x5     k0tcilb05at11c4x5
k0mlsn000at11c2x5       k0tlsn000at11c2x5
k0mmbn022at11c2x5               k0tmbn022at11c2x5              
k0mmdn022at11c1x5               k0tmdn022at11c1x5              
k0mmdn022at11c2x5               k0tmdn022at11c2x5              
k0mmdn022at12c4x5               k0tmdn022at12c4x5              
k0mnanb02at11c1x5        k0tnanb02at11c1x5
k0mnanp03at12c4x5               k0tnanp03at12c4x5 
k0mnanp03at12c8x5       k0tnanp03at12c8x5
k0mnorb02at11c1x5        k0tnorb02at11c1x5
k0mnorp03at12c4x5               k0tnorp03at12c4x5 
k0mnorp03at12c8x5        k0tnorp03at12c8x5
k0morn002at11c2x5               k0torn002at11c2x5              
k0mrm0023at12c1x5               k0trm0023at12c1x5              
k0mrm0023at12c2x5               k0trm0023at12c2x5              
k0mxnr002at11c1x5               k0txnr002at11c1x5              
k0mxor002at11c1x5               k0txor002at11c1x5              
start to process LGF files in /nfs/pdx/disks/dcti_disk0078/k0_ward/k0_ward/cpark3/gmo/my_gmo/pshift_k0t_x80a1_newnames/renamed_laygen126/input_lgfs


/nfs/pdx/disks/dcti_disk0078/k0_ward/k0_ward/cpark3/gmo/my_gmo/pshift_k0t_x80a1_newnames/renamed_laygen126/input_lgfs/k0mcbf000at12cgx5.lgf
write results to /nfs/pdx/disks/dcti_disk0078/k0_ward/k0_ward/cpark3/gmo/my_gmo/pshift_k0t_x80a1_newnames/renamed_laygen126/output_lgfs///k0mcbf000at12cgx5.lgf


/nfs/pdx/disks/dcti_disk0078/k0_ward/k0_ward/cpark3/gmo/my_gmo/pshift_k0t_x80a1_newnames/renamed_laygen126/input_lgfs/k0mbfn000at11c1x5.lgf
write results to /nfs/pdx/disks/dcti_disk0078/k0_ward/k0_ward/cpark3/gmo/my_gmo/pshift_k0t_x80a1_newnames/renamed_laygen126/output_lgfs///k0mbfn000at11c1x5.lgf


/nfs/pdx/disks/dcti_disk0078/k0_ward/k0_ward/cpark3/gmo/my_gmo/pshift_k0t_x80a1_newnames/renamed_laygen126/input_lgfs/k0mbfn000at11c2x5.lgf
write results to /nfs/pdx/disks/dcti_disk0078/k0_ward/k0_ward/cpark3/gmo/my_gmo/pshift_k0t_x80a1_newnames/renamed_laygen126/output_lgfs///k0mbfn000at11c2x5.lgf


/nfs/pdx/disks/dcti_disk0078/k0_ward/k0_ward/cpark3/gmo/my_gmo/pshift_k0t_x80a1_newnames/renamed_laygen126/input_lgfs/k0mcilb05at11c4x5.lgf
write results to /nfs/pdx/disks/dcti_disk0078/k0_ward/k0_ward/cpark3/gmo/my_gmo/pshift_k0t_x80a1_newnames/renamed_laygen126/output_lgfs///k0mcilb05at11c4x5.lgf


/nfs/pdx/disks/dcti_disk0078/k0_ward/k0_ward/cpark3/gmo/my_gmo/pshift_k0t_x80a1_newnames/renamed_laygen126/input_lgfs/k0mnanb02at11c1x5.lgf
write results to /nfs/pdx/disks/dcti_disk0078/k0_ward/k0_ward/cpark3/gmo/my_gmo/pshift_k0t_x80a1_newnames/renamed_laygen126/output_lgfs///k0mnanb02at11c1x5.lgf


/nfs/pdx/disks/dcti_disk0078/k0_ward/k0_ward/cpark3/gmo/my_gmo/pshift_k0t_x80a1_newnames/renamed_laygen126/input_lgfs/k0mnanp03at12c8x5.lgf
write results to /nfs/pdx/disks/dcti_disk0078/k0_ward/k0_ward/cpark3/gmo/my_gmo/pshift_k0t_x80a1_newnames/renamed_laygen126/output_lgfs///k0mnanp03at12c8x5.lgf


/nfs/pdx/disks/dcti_disk0078/k0_ward/k0_ward/cpark3/gmo/my_gmo/pshift_k0t_x80a1_newnames/renamed_laygen126/input_lgfs/k0mmbn022at11c2x5.lgf
write results to /nfs/pdx/disks/dcti_disk0078/k0_ward/k0_ward/cpark3/gmo/my_gmo/pshift_k0t_x80a1_newnames/renamed_laygen126/output_lgfs///k0mmbn022at11c2x5.lgf


/nfs/pdx/disks/dcti_disk0078/k0_ward/k0_ward/cpark3/gmo/my_gmo/pshift_k0t_x80a1_newnames/renamed_laygen126/input_lgfs/k0mmdn022at11c1x5.lgf
write results to /nfs/pdx/disks/dcti_disk0078/k0_ward/k0_ward/cpark3/gmo/my_gmo/pshift_k0t_x80a1_newnames/renamed_laygen126/output_lgfs///k0mmdn022at11c1x5.lgf


/nfs/pdx/disks/dcti_disk0078/k0_ward/k0_ward/cpark3/gmo/my_gmo/pshift_k0t_x80a1_newnames/renamed_laygen126/input_lgfs/k0mmdn022at11c2x5.lgf
write results to /nfs/pdx/disks/dcti_disk0078/k0_ward/k0_ward/cpark3/gmo/my_gmo/pshift_k0t_x80a1_newnames/renamed_laygen126/output_lgfs///k0mmdn022at11c2x5.lgf


/nfs/pdx/disks/dcti_disk0078/k0_ward/k0_ward/cpark3/gmo/my_gmo/pshift_k0t_x80a1_newnames/renamed_laygen126/input_lgfs/k0mmdn022at12c4x5.lgf
write results to /nfs/pdx/disks/dcti_disk0078/k0_ward/k0_ward/cpark3/gmo/my_gmo/pshift_k0t_x80a1_newnames/renamed_laygen126/output_lgfs///k0mmdn022at12c4x5.lgf


/nfs/pdx/disks/dcti_disk0078/k0_ward/k0_ward/cpark3/gmo/my_gmo/pshift_k0t_x80a1_newnames/renamed_laygen126/input_lgfs/k0mnanp03at12c4x5.lgf
write results to /nfs/pdx/disks/dcti_disk0078/k0_ward/k0_ward/cpark3/gmo/my_gmo/pshift_k0t_x80a1_newnames/renamed_laygen126/output_lgfs///k0mnanp03at12c4x5.lgf


/nfs/pdx/disks/dcti_disk0078/k0_ward/k0_ward/cpark3/gmo/my_gmo/pshift_k0t_x80a1_newnames/renamed_laygen126/input_lgfs/k0mnorb02at11c1x5.lgf
write results to /nfs/pdx/disks/dcti_disk0078/k0_ward/k0_ward/cpark3/gmo/my_gmo/pshift_k0t_x80a1_newnames/renamed_laygen126/output_lgfs///k0mnorb02at11c1x5.lgf


/nfs/pdx/disks/dcti_disk0078/k0_ward/k0_ward/cpark3/gmo/my_gmo/pshift_k0t_x80a1_newnames/renamed_laygen126/input_lgfs/k0mnorp03at12c8x5.lgf
write results to /nfs/pdx/disks/dcti_disk0078/k0_ward/k0_ward/cpark3/gmo/my_gmo/pshift_k0t_x80a1_newnames/renamed_laygen126/output_lgfs///k0mnorp03at12c8x5.lgf


/nfs/pdx/disks/dcti_disk0078/k0_ward/k0_ward/cpark3/gmo/my_gmo/pshift_k0t_x80a1_newnames/renamed_laygen126/input_lgfs/k0mnorp03at12c4x5.lgf
write results to /nfs/pdx/disks/dcti_disk0078/k0_ward/k0_ward/cpark3/gmo/my_gmo/pshift_k0t_x80a1_newnames/renamed_laygen126/output_lgfs///k0mnorp03at12c4x5.lgf


/nfs/pdx/disks/dcti_disk0078/k0_ward/k0_ward/cpark3/gmo/my_gmo/pshift_k0t_x80a1_newnames/renamed_laygen126/input_lgfs/k0mlsn000at11c2x5.lgf
write results to /nfs/pdx/disks/dcti_disk0078/k0_ward/k0_ward/cpark3/gmo/my_gmo/pshift_k0t_x80a1_newnames/renamed_laygen126/output_lgfs///k0mlsn000at11c2x5.lgf


/nfs/pdx/disks/dcti_disk0078/k0_ward/k0_ward/cpark3/gmo/my_gmo/pshift_k0t_x80a1_newnames/renamed_laygen126/input_lgfs/k0morn002at11c2x5.lgf
write results to /nfs/pdx/disks/dcti_disk0078/k0_ward/k0_ward/cpark3/gmo/my_gmo/pshift_k0t_x80a1_newnames/renamed_laygen126/output_lgfs///k0morn002at11c2x5.lgf


/nfs/pdx/disks/dcti_disk0078/k0_ward/k0_ward/cpark3/gmo/my_gmo/pshift_k0t_x80a1_newnames/renamed_laygen126/input_lgfs/k0mrm0023at12c1x5.lgf
write results to /nfs/pdx/disks/dcti_disk0078/k0_ward/k0_ward/cpark3/gmo/my_gmo/pshift_k0t_x80a1_newnames/renamed_laygen126/output_lgfs///k0mrm0023at12c1x5.lgf


/nfs/pdx/disks/dcti_disk0078/k0_ward/k0_ward/cpark3/gmo/my_gmo/pshift_k0t_x80a1_newnames/renamed_laygen126/input_lgfs/k0mrm0023at12c2x5.lgf
write results to /nfs/pdx/disks/dcti_disk0078/k0_ward/k0_ward/cpark3/gmo/my_gmo/pshift_k0t_x80a1_newnames/renamed_laygen126/output_lgfs///k0mrm0023at12c2x5.lgf


/nfs/pdx/disks/dcti_disk0078/k0_ward/k0_ward/cpark3/gmo/my_gmo/pshift_k0t_x80a1_newnames/renamed_laygen126/input_lgfs/k0mxnr002at11c1x5.lgf
write results to /nfs/pdx/disks/dcti_disk0078/k0_ward/k0_ward/cpark3/gmo/my_gmo/pshift_k0t_x80a1_newnames/renamed_laygen126/output_lgfs///k0mxnr002at11c1x5.lgf


/nfs/pdx/disks/dcti_disk0078/k0_ward/k0_ward/cpark3/gmo/my_gmo/pshift_k0t_x80a1_newnames/renamed_laygen126/input_lgfs/k0mxor002at11c1x5.lgf
write results to /nfs/pdx/disks/dcti_disk0078/k0_ward/k0_ward/cpark3/gmo/my_gmo/pshift_k0t_x80a1_newnames/renamed_laygen126/output_lgfs///k0mxor002at11c1x5.lgf


/nfs/pdx/disks/dcti_disk0078/k0_ward/k0_ward/cpark3/gmo/my_gmo/pshift_k0t_x80a1_newnames/renamed_laygen126/input_lgfs/k0mand002at11c2x5.lgf
write results to /nfs/pdx/disks/dcti_disk0078/k0_ward/k0_ward/cpark3/gmo/my_gmo/pshift_k0t_x80a1_newnames/renamed_laygen126/output_lgfs///k0mand002at11c2x5.lgf
