-------------------------------------------------------------------------------
LgfToOas
Version 1.0

CIT application suite
Copyright 2006-2022, Intel Corporation
INTERNAL USE ONLY - NOT FOR EXTERNAL DISTRIBUTION

Run by:       cpark3
Run date:     Jul 21 2023 07:19:40
Run on:       plxchx088.pdx.intel.com
Platform:     SUSE Linux Enterprise Server 12 SP5
PID:          28613

LAYGEN:       /nfs/site/proj/cit/tools/laygen/latest/
Binary path:  /nfs/site/proj/cit/tools/laygen/latest//bin/sles12/lgf2geo
Args:         -i /nfs/pdx/disks/dcti_disk0078/k0_ward/k0_ward/cpark3/gmo/my_gmo/pshift_k0t_x80a1_newnames/renamed_laygen126/output_lgfs/k0tcbf000at12cgx5.lgf -o /nfs/pdx/disks/dcti_disk0078/k0_ward/k0_ward/cpark3/gmo/my_gmo/pshift_k0t_x80a1_newnames/renamed_laygen126/output_stms/k0tcbf000at12cgx5.stm --layerMap /nfs/pdx/disks/dcti_disk0078/k0_ward/k0_ward/cpark3/gmo/my_gmo/pshift_k0t_x80a1_newnames/p1280_pshift.map --oo --dbu 1e-10 
CWD:          /nfs/pdx/disks/dcti_disk0078/k0_ward/k0_ward/cpark3/gmo/my_gmo/pshift_k0t_x80a1_newnames
-----------------------------------------------------------
Compiled at:  17:26:48 on Apr 13 2022
Compiled for: gcc-x64-optimized
Compiled on:  sles12
BUILD OS:     SUSE_Linux_Enterprise_Server_12_SP5
FPU config:   895
GCC:          10.2.0
-----------------------------------------------------------
Component versions:
Boost:        1.78.0/default-SEC-no_polygon_v2
DOGS:         5.21.0 (5.21.0) with GTL 1.9.1
MKL:          2021.0.20210617 (Intel(R) Advanced Vector Extensions 2 (Intel(R) AVX2) enabled processors)
TBB:          2020.3/rev3
TCMalloc:     gperftools 2.8.1
sqlite3:      3.28.0
Prover:       21.4p6/default-SEC-v3
-----------------------------------------------------------
Entitlement:  CIT_LAYGEN_TOOL_ACCESS
Authorized:   cpark3 (CIT_LAYGEN_TOOL_ACCESS)
Expires:      Never
-----------------------------------------------------------
DINI: Setting  global hierarchy repair mode to level 1.
Could not find architecture values file at /nfs/site/proj/cit/tools/laygen/latest//collaterals//arch/k0t/k0t_arch_values.txt
LGFO: Done.
-------------------------------------------------------------------------------
LgfToOas
Version 1.0

CIT application suite
Copyright 2006-2022, Intel Corporation
INTERNAL USE ONLY - NOT FOR EXTERNAL DISTRIBUTION

Run by:       cpark3
Run date:     Jul 21 2023 07:19:40
Run on:       plxchx088.pdx.intel.com
Platform:     SUSE Linux Enterprise Server 12 SP5
PID:          28644

LAYGEN:       /nfs/site/proj/cit/tools/laygen/latest/
Binary path:  /nfs/site/proj/cit/tools/laygen/latest//bin/sles12/lgf2geo
Args:         -i /nfs/pdx/disks/dcti_disk0078/k0_ward/k0_ward/cpark3/gmo/my_gmo/pshift_k0t_x80a1_newnames/renamed_laygen126/output_lgfs/k0tbfn000at11c1x5.lgf -o /nfs/pdx/disks/dcti_disk0078/k0_ward/k0_ward/cpark3/gmo/my_gmo/pshift_k0t_x80a1_newnames/renamed_laygen126/output_stms/k0tbfn000at11c1x5.stm --layerMap /nfs/pdx/disks/dcti_disk0078/k0_ward/k0_ward/cpark3/gmo/my_gmo/pshift_k0t_x80a1_newnames/p1280_pshift.map --oo --dbu 1e-10 
CWD:          /nfs/pdx/disks/dcti_disk0078/k0_ward/k0_ward/cpark3/gmo/my_gmo/pshift_k0t_x80a1_newnames
-----------------------------------------------------------
Compiled at:  17:26:48 on Apr 13 2022
Compiled for: gcc-x64-optimized
Compiled on:  sles12
BUILD OS:     SUSE_Linux_Enterprise_Server_12_SP5
FPU config:   895
GCC:          10.2.0
-----------------------------------------------------------
Component versions:
Boost:        1.78.0/default-SEC-no_polygon_v2
DOGS:         5.21.0 (5.21.0) with GTL 1.9.1
MKL:          2021.0.20210617 (Intel(R) Advanced Vector Extensions 2 (Intel(R) AVX2) enabled processors)
TBB:          2020.3/rev3
TCMalloc:     gperftools 2.8.1
sqlite3:      3.28.0
Prover:       21.4p6/default-SEC-v3
-----------------------------------------------------------
Entitlement:  CIT_LAYGEN_TOOL_ACCESS
Authorized:   cpark3 (CIT_LAYGEN_TOOL_ACCESS)
Expires:      Never
-----------------------------------------------------------
DINI: Setting  global hierarchy repair mode to level 1.
Could not find architecture values file at /nfs/site/proj/cit/tools/laygen/latest//collaterals//arch/k0t/k0t_arch_values.txt
LGFO: Done.
-------------------------------------------------------------------------------
LgfToOas
Version 1.0

CIT application suite
Copyright 2006-2022, Intel Corporation
INTERNAL USE ONLY - NOT FOR EXTERNAL DISTRIBUTION

Run by:       cpark3
Run date:     Jul 21 2023 07:19:40
Run on:       plxchx088.pdx.intel.com
Platform:     SUSE Linux Enterprise Server 12 SP5
PID:          28674

LAYGEN:       /nfs/site/proj/cit/tools/laygen/latest/
Binary path:  /nfs/site/proj/cit/tools/laygen/latest//bin/sles12/lgf2geo
Args:         -i /nfs/pdx/disks/dcti_disk0078/k0_ward/k0_ward/cpark3/gmo/my_gmo/pshift_k0t_x80a1_newnames/renamed_laygen126/output_lgfs/k0tbfn000at11c2x5.lgf -o /nfs/pdx/disks/dcti_disk0078/k0_ward/k0_ward/cpark3/gmo/my_gmo/pshift_k0t_x80a1_newnames/renamed_laygen126/output_stms/k0tbfn000at11c2x5.stm --layerMap /nfs/pdx/disks/dcti_disk0078/k0_ward/k0_ward/cpark3/gmo/my_gmo/pshift_k0t_x80a1_newnames/p1280_pshift.map --oo --dbu 1e-10 
CWD:          /nfs/pdx/disks/dcti_disk0078/k0_ward/k0_ward/cpark3/gmo/my_gmo/pshift_k0t_x80a1_newnames
-----------------------------------------------------------
Compiled at:  17:26:48 on Apr 13 2022
Compiled for: gcc-x64-optimized
Compiled on:  sles12
BUILD OS:     SUSE_Linux_Enterprise_Server_12_SP5
FPU config:   895
GCC:          10.2.0
-----------------------------------------------------------
Component versions:
Boost:        1.78.0/default-SEC-no_polygon_v2
DOGS:         5.21.0 (5.21.0) with GTL 1.9.1
MKL:          2021.0.20210617 (Intel(R) Advanced Vector Extensions 2 (Intel(R) AVX2) enabled processors)
TBB:          2020.3/rev3
TCMalloc:     gperftools 2.8.1
sqlite3:      3.28.0
Prover:       21.4p6/default-SEC-v3
-----------------------------------------------------------
Entitlement:  CIT_LAYGEN_TOOL_ACCESS
Authorized:   cpark3 (CIT_LAYGEN_TOOL_ACCESS)
Expires:      Never
-----------------------------------------------------------
DINI: Setting  global hierarchy repair mode to level 1.
Could not find architecture values file at /nfs/site/proj/cit/tools/laygen/latest//collaterals//arch/k0t/k0t_arch_values.txt
LGFO: Done.
-------------------------------------------------------------------------------
LgfToOas
Version 1.0

CIT application suite
Copyright 2006-2022, Intel Corporation
INTERNAL USE ONLY - NOT FOR EXTERNAL DISTRIBUTION

Run by:       cpark3
Run date:     Jul 21 2023 07:19:40
Run on:       plxchx088.pdx.intel.com
Platform:     SUSE Linux Enterprise Server 12 SP5
PID:          28706

LAYGEN:       /nfs/site/proj/cit/tools/laygen/latest/
Binary path:  /nfs/site/proj/cit/tools/laygen/latest//bin/sles12/lgf2geo
Args:         -i /nfs/pdx/disks/dcti_disk0078/k0_ward/k0_ward/cpark3/gmo/my_gmo/pshift_k0t_x80a1_newnames/renamed_laygen126/output_lgfs/k0tcilb05at11c4x5.lgf -o /nfs/pdx/disks/dcti_disk0078/k0_ward/k0_ward/cpark3/gmo/my_gmo/pshift_k0t_x80a1_newnames/renamed_laygen126/output_stms/k0tcilb05at11c4x5.stm --layerMap /nfs/pdx/disks/dcti_disk0078/k0_ward/k0_ward/cpark3/gmo/my_gmo/pshift_k0t_x80a1_newnames/p1280_pshift.map --oo --dbu 1e-10 
CWD:          /nfs/pdx/disks/dcti_disk0078/k0_ward/k0_ward/cpark3/gmo/my_gmo/pshift_k0t_x80a1_newnames
-----------------------------------------------------------
Compiled at:  17:26:48 on Apr 13 2022
Compiled for: gcc-x64-optimized
Compiled on:  sles12
BUILD OS:     SUSE_Linux_Enterprise_Server_12_SP5
FPU config:   895
GCC:          10.2.0
-----------------------------------------------------------
Component versions:
Boost:        1.78.0/default-SEC-no_polygon_v2
DOGS:         5.21.0 (5.21.0) with GTL 1.9.1
MKL:          2021.0.20210617 (Intel(R) Advanced Vector Extensions 2 (Intel(R) AVX2) enabled processors)
TBB:          2020.3/rev3
TCMalloc:     gperftools 2.8.1
sqlite3:      3.28.0
Prover:       21.4p6/default-SEC-v3
-----------------------------------------------------------
Entitlement:  CIT_LAYGEN_TOOL_ACCESS
Authorized:   cpark3 (CIT_LAYGEN_TOOL_ACCESS)
Expires:      Never
-----------------------------------------------------------
DINI: Setting  global hierarchy repair mode to level 1.
Could not find architecture values file at /nfs/site/proj/cit/tools/laygen/latest//collaterals//arch/k0t/k0t_arch_values.txt
LGFO: Done.
-------------------------------------------------------------------------------
LgfToOas
Version 1.0

CIT application suite
Copyright 2006-2022, Intel Corporation
INTERNAL USE ONLY - NOT FOR EXTERNAL DISTRIBUTION

Run by:       cpark3
Run date:     Jul 21 2023 07:19:40
Run on:       plxchx088.pdx.intel.com
Platform:     SUSE Linux Enterprise Server 12 SP5
PID:          28738

LAYGEN:       /nfs/site/proj/cit/tools/laygen/latest/
Binary path:  /nfs/site/proj/cit/tools/laygen/latest//bin/sles12/lgf2geo
Args:         -i /nfs/pdx/disks/dcti_disk0078/k0_ward/k0_ward/cpark3/gmo/my_gmo/pshift_k0t_x80a1_newnames/renamed_laygen126/output_lgfs/k0tnanb02at11c1x5.lgf -o /nfs/pdx/disks/dcti_disk0078/k0_ward/k0_ward/cpark3/gmo/my_gmo/pshift_k0t_x80a1_newnames/renamed_laygen126/output_stms/k0tnanb02at11c1x5.stm --layerMap /nfs/pdx/disks/dcti_disk0078/k0_ward/k0_ward/cpark3/gmo/my_gmo/pshift_k0t_x80a1_newnames/p1280_pshift.map --oo --dbu 1e-10 
CWD:          /nfs/pdx/disks/dcti_disk0078/k0_ward/k0_ward/cpark3/gmo/my_gmo/pshift_k0t_x80a1_newnames
-----------------------------------------------------------
Compiled at:  17:26:48 on Apr 13 2022
Compiled for: gcc-x64-optimized
Compiled on:  sles12
BUILD OS:     SUSE_Linux_Enterprise_Server_12_SP5
FPU config:   895
GCC:          10.2.0
-----------------------------------------------------------
Component versions:
Boost:        1.78.0/default-SEC-no_polygon_v2
DOGS:         5.21.0 (5.21.0) with GTL 1.9.1
MKL:          2021.0.20210617 (Intel(R) Advanced Vector Extensions 2 (Intel(R) AVX2) enabled processors)
TBB:          2020.3/rev3
TCMalloc:     gperftools 2.8.1
sqlite3:      3.28.0
Prover:       21.4p6/default-SEC-v3
-----------------------------------------------------------
Entitlement:  CIT_LAYGEN_TOOL_ACCESS
Authorized:   cpark3 (CIT_LAYGEN_TOOL_ACCESS)
Expires:      Never
-----------------------------------------------------------
DINI: Setting  global hierarchy repair mode to level 1.
Could not find architecture values file at /nfs/site/proj/cit/tools/laygen/latest//collaterals//arch/k0t/k0t_arch_values.txt
LGFO: Done.
-------------------------------------------------------------------------------
LgfToOas
Version 1.0

CIT application suite
Copyright 2006-2022, Intel Corporation
INTERNAL USE ONLY - NOT FOR EXTERNAL DISTRIBUTION

Run by:       cpark3
Run date:     Jul 21 2023 07:19:40
Run on:       plxchx088.pdx.intel.com
Platform:     SUSE Linux Enterprise Server 12 SP5
PID:          28772

LAYGEN:       /nfs/site/proj/cit/tools/laygen/latest/
Binary path:  /nfs/site/proj/cit/tools/laygen/latest//bin/sles12/lgf2geo
Args:         -i /nfs/pdx/disks/dcti_disk0078/k0_ward/k0_ward/cpark3/gmo/my_gmo/pshift_k0t_x80a1_newnames/renamed_laygen126/output_lgfs/k0tnanp03at12c8x5.lgf -o /nfs/pdx/disks/dcti_disk0078/k0_ward/k0_ward/cpark3/gmo/my_gmo/pshift_k0t_x80a1_newnames/renamed_laygen126/output_stms/k0tnanp03at12c8x5.stm --layerMap /nfs/pdx/disks/dcti_disk0078/k0_ward/k0_ward/cpark3/gmo/my_gmo/pshift_k0t_x80a1_newnames/p1280_pshift.map --oo --dbu 1e-10 
CWD:          /nfs/pdx/disks/dcti_disk0078/k0_ward/k0_ward/cpark3/gmo/my_gmo/pshift_k0t_x80a1_newnames
-----------------------------------------------------------
Compiled at:  17:26:48 on Apr 13 2022
Compiled for: gcc-x64-optimized
Compiled on:  sles12
BUILD OS:     SUSE_Linux_Enterprise_Server_12_SP5
FPU config:   895
GCC:          10.2.0
-----------------------------------------------------------
Component versions:
Boost:        1.78.0/default-SEC-no_polygon_v2
DOGS:         5.21.0 (5.21.0) with GTL 1.9.1
MKL:          2021.0.20210617 (Intel(R) Advanced Vector Extensions 2 (Intel(R) AVX2) enabled processors)
TBB:          2020.3/rev3
TCMalloc:     gperftools 2.8.1
sqlite3:      3.28.0
Prover:       21.4p6/default-SEC-v3
-----------------------------------------------------------
Entitlement:  CIT_LAYGEN_TOOL_ACCESS
Authorized:   cpark3 (CIT_LAYGEN_TOOL_ACCESS)
Expires:      Never
-----------------------------------------------------------
DINI: Setting  global hierarchy repair mode to level 1.
Could not find architecture values file at /nfs/site/proj/cit/tools/laygen/latest//collaterals//arch/k0t/k0t_arch_values.txt
LGFO: Done.
-------------------------------------------------------------------------------
LgfToOas
Version 1.0

CIT application suite
Copyright 2006-2022, Intel Corporation
INTERNAL USE ONLY - NOT FOR EXTERNAL DISTRIBUTION

Run by:       cpark3
Run date:     Jul 21 2023 07:19:40
Run on:       plxchx088.pdx.intel.com
Platform:     SUSE Linux Enterprise Server 12 SP5
PID:          28807

LAYGEN:       /nfs/site/proj/cit/tools/laygen/latest/
Binary path:  /nfs/site/proj/cit/tools/laygen/latest//bin/sles12/lgf2geo
Args:         -i /nfs/pdx/disks/dcti_disk0078/k0_ward/k0_ward/cpark3/gmo/my_gmo/pshift_k0t_x80a1_newnames/renamed_laygen126/output_lgfs/k0tmbn022at11c2x5.lgf -o /nfs/pdx/disks/dcti_disk0078/k0_ward/k0_ward/cpark3/gmo/my_gmo/pshift_k0t_x80a1_newnames/renamed_laygen126/output_stms/k0tmbn022at11c2x5.stm --layerMap /nfs/pdx/disks/dcti_disk0078/k0_ward/k0_ward/cpark3/gmo/my_gmo/pshift_k0t_x80a1_newnames/p1280_pshift.map --oo --dbu 1e-10 
CWD:          /nfs/pdx/disks/dcti_disk0078/k0_ward/k0_ward/cpark3/gmo/my_gmo/pshift_k0t_x80a1_newnames
-----------------------------------------------------------
Compiled at:  17:26:48 on Apr 13 2022
Compiled for: gcc-x64-optimized
Compiled on:  sles12
BUILD OS:     SUSE_Linux_Enterprise_Server_12_SP5
FPU config:   895
GCC:          10.2.0
-----------------------------------------------------------
Component versions:
Boost:        1.78.0/default-SEC-no_polygon_v2
DOGS:         5.21.0 (5.21.0) with GTL 1.9.1
MKL:          2021.0.20210617 (Intel(R) Advanced Vector Extensions 2 (Intel(R) AVX2) enabled processors)
TBB:          2020.3/rev3
TCMalloc:     gperftools 2.8.1
sqlite3:      3.28.0
Prover:       21.4p6/default-SEC-v3
-----------------------------------------------------------
Entitlement:  CIT_LAYGEN_TOOL_ACCESS
Authorized:   cpark3 (CIT_LAYGEN_TOOL_ACCESS)
Expires:      Never
-----------------------------------------------------------
DINI: Setting  global hierarchy repair mode to level 1.
Could not find architecture values file at /nfs/site/proj/cit/tools/laygen/latest//collaterals//arch/k0t/k0t_arch_values.txt
LGFO: Done.
-------------------------------------------------------------------------------
LgfToOas
Version 1.0

CIT application suite
Copyright 2006-2022, Intel Corporation
INTERNAL USE ONLY - NOT FOR EXTERNAL DISTRIBUTION

Run by:       cpark3
Run date:     Jul 21 2023 07:19:41
Run on:       plxchx088.pdx.intel.com
Platform:     SUSE Linux Enterprise Server 12 SP5
PID:          28837

LAYGEN:       /nfs/site/proj/cit/tools/laygen/latest/
Binary path:  /nfs/site/proj/cit/tools/laygen/latest//bin/sles12/lgf2geo
Args:         -i /nfs/pdx/disks/dcti_disk0078/k0_ward/k0_ward/cpark3/gmo/my_gmo/pshift_k0t_x80a1_newnames/renamed_laygen126/output_lgfs/k0tmdn022at11c1x5.lgf -o /nfs/pdx/disks/dcti_disk0078/k0_ward/k0_ward/cpark3/gmo/my_gmo/pshift_k0t_x80a1_newnames/renamed_laygen126/output_stms/k0tmdn022at11c1x5.stm --layerMap /nfs/pdx/disks/dcti_disk0078/k0_ward/k0_ward/cpark3/gmo/my_gmo/pshift_k0t_x80a1_newnames/p1280_pshift.map --oo --dbu 1e-10 
CWD:          /nfs/pdx/disks/dcti_disk0078/k0_ward/k0_ward/cpark3/gmo/my_gmo/pshift_k0t_x80a1_newnames
-----------------------------------------------------------
Compiled at:  17:26:48 on Apr 13 2022
Compiled for: gcc-x64-optimized
Compiled on:  sles12
BUILD OS:     SUSE_Linux_Enterprise_Server_12_SP5
FPU config:   895
GCC:          10.2.0
-----------------------------------------------------------
Component versions:
Boost:        1.78.0/default-SEC-no_polygon_v2
DOGS:         5.21.0 (5.21.0) with GTL 1.9.1
MKL:          2021.0.20210617 (Intel(R) Advanced Vector Extensions 2 (Intel(R) AVX2) enabled processors)
TBB:          2020.3/rev3
TCMalloc:     gperftools 2.8.1
sqlite3:      3.28.0
Prover:       21.4p6/default-SEC-v3
-----------------------------------------------------------
Entitlement:  CIT_LAYGEN_TOOL_ACCESS
Authorized:   cpark3 (CIT_LAYGEN_TOOL_ACCESS)
Expires:      Never
-----------------------------------------------------------
DINI: Setting  global hierarchy repair mode to level 1.
Could not find architecture values file at /nfs/site/proj/cit/tools/laygen/latest//collaterals//arch/k0t/k0t_arch_values.txt
LGFO: Done.
-------------------------------------------------------------------------------
LgfToOas
Version 1.0

CIT application suite
Copyright 2006-2022, Intel Corporation
INTERNAL USE ONLY - NOT FOR EXTERNAL DISTRIBUTION

Run by:       cpark3
Run date:     Jul 21 2023 07:19:41
Run on:       plxchx088.pdx.intel.com
Platform:     SUSE Linux Enterprise Server 12 SP5
PID:          28873

LAYGEN:       /nfs/site/proj/cit/tools/laygen/latest/
Binary path:  /nfs/site/proj/cit/tools/laygen/latest//bin/sles12/lgf2geo
Args:         -i /nfs/pdx/disks/dcti_disk0078/k0_ward/k0_ward/cpark3/gmo/my_gmo/pshift_k0t_x80a1_newnames/renamed_laygen126/output_lgfs/k0tmdn022at11c2x5.lgf -o /nfs/pdx/disks/dcti_disk0078/k0_ward/k0_ward/cpark3/gmo/my_gmo/pshift_k0t_x80a1_newnames/renamed_laygen126/output_stms/k0tmdn022at11c2x5.stm --layerMap /nfs/pdx/disks/dcti_disk0078/k0_ward/k0_ward/cpark3/gmo/my_gmo/pshift_k0t_x80a1_newnames/p1280_pshift.map --oo --dbu 1e-10 
CWD:          /nfs/pdx/disks/dcti_disk0078/k0_ward/k0_ward/cpark3/gmo/my_gmo/pshift_k0t_x80a1_newnames
-----------------------------------------------------------
Compiled at:  17:26:48 on Apr 13 2022
Compiled for: gcc-x64-optimized
Compiled on:  sles12
BUILD OS:     SUSE_Linux_Enterprise_Server_12_SP5
FPU config:   895
GCC:          10.2.0
-----------------------------------------------------------
Component versions:
Boost:        1.78.0/default-SEC-no_polygon_v2
DOGS:         5.21.0 (5.21.0) with GTL 1.9.1
MKL:          2021.0.20210617 (Intel(R) Advanced Vector Extensions 2 (Intel(R) AVX2) enabled processors)
TBB:          2020.3/rev3
TCMalloc:     gperftools 2.8.1
sqlite3:      3.28.0
Prover:       21.4p6/default-SEC-v3
-----------------------------------------------------------
Entitlement:  CIT_LAYGEN_TOOL_ACCESS
Authorized:   cpark3 (CIT_LAYGEN_TOOL_ACCESS)
Expires:      Never
-----------------------------------------------------------
DINI: Setting  global hierarchy repair mode to level 1.
Could not find architecture values file at /nfs/site/proj/cit/tools/laygen/latest//collaterals//arch/k0t/k0t_arch_values.txt
LGFO: Done.
-------------------------------------------------------------------------------
LgfToOas
Version 1.0

CIT application suite
Copyright 2006-2022, Intel Corporation
INTERNAL USE ONLY - NOT FOR EXTERNAL DISTRIBUTION

Run by:       cpark3
Run date:     Jul 21 2023 07:19:41
Run on:       plxchx088.pdx.intel.com
Platform:     SUSE Linux Enterprise Server 12 SP5
PID:          28905

LAYGEN:       /nfs/site/proj/cit/tools/laygen/latest/
Binary path:  /nfs/site/proj/cit/tools/laygen/latest//bin/sles12/lgf2geo
Args:         -i /nfs/pdx/disks/dcti_disk0078/k0_ward/k0_ward/cpark3/gmo/my_gmo/pshift_k0t_x80a1_newnames/renamed_laygen126/output_lgfs/k0tmdn022at12c4x5.lgf -o /nfs/pdx/disks/dcti_disk0078/k0_ward/k0_ward/cpark3/gmo/my_gmo/pshift_k0t_x80a1_newnames/renamed_laygen126/output_stms/k0tmdn022at12c4x5.stm --layerMap /nfs/pdx/disks/dcti_disk0078/k0_ward/k0_ward/cpark3/gmo/my_gmo/pshift_k0t_x80a1_newnames/p1280_pshift.map --oo --dbu 1e-10 
CWD:          /nfs/pdx/disks/dcti_disk0078/k0_ward/k0_ward/cpark3/gmo/my_gmo/pshift_k0t_x80a1_newnames
-----------------------------------------------------------
Compiled at:  17:26:48 on Apr 13 2022
Compiled for: gcc-x64-optimized
Compiled on:  sles12
BUILD OS:     SUSE_Linux_Enterprise_Server_12_SP5
FPU config:   895
GCC:          10.2.0
-----------------------------------------------------------
Component versions:
Boost:        1.78.0/default-SEC-no_polygon_v2
DOGS:         5.21.0 (5.21.0) with GTL 1.9.1
MKL:          2021.0.20210617 (Intel(R) Advanced Vector Extensions 2 (Intel(R) AVX2) enabled processors)
TBB:          2020.3/rev3
TCMalloc:     gperftools 2.8.1
sqlite3:      3.28.0
Prover:       21.4p6/default-SEC-v3
-----------------------------------------------------------
Entitlement:  CIT_LAYGEN_TOOL_ACCESS
Authorized:   cpark3 (CIT_LAYGEN_TOOL_ACCESS)
Expires:      Never
-----------------------------------------------------------
DINI: Setting  global hierarchy repair mode to level 1.
Could not find architecture values file at /nfs/site/proj/cit/tools/laygen/latest//collaterals//arch/k0t/k0t_arch_values.txt
LGFO: Done.
-------------------------------------------------------------------------------
LgfToOas
Version 1.0

CIT application suite
Copyright 2006-2022, Intel Corporation
INTERNAL USE ONLY - NOT FOR EXTERNAL DISTRIBUTION

Run by:       cpark3
Run date:     Jul 21 2023 07:19:41
Run on:       plxchx088.pdx.intel.com
Platform:     SUSE Linux Enterprise Server 12 SP5
PID:          28935

LAYGEN:       /nfs/site/proj/cit/tools/laygen/latest/
Binary path:  /nfs/site/proj/cit/tools/laygen/latest//bin/sles12/lgf2geo
Args:         -i /nfs/pdx/disks/dcti_disk0078/k0_ward/k0_ward/cpark3/gmo/my_gmo/pshift_k0t_x80a1_newnames/renamed_laygen126/output_lgfs/k0tnanp03at12c4x5.lgf -o /nfs/pdx/disks/dcti_disk0078/k0_ward/k0_ward/cpark3/gmo/my_gmo/pshift_k0t_x80a1_newnames/renamed_laygen126/output_stms/k0tnanp03at12c4x5.stm --layerMap /nfs/pdx/disks/dcti_disk0078/k0_ward/k0_ward/cpark3/gmo/my_gmo/pshift_k0t_x80a1_newnames/p1280_pshift.map --oo --dbu 1e-10 
CWD:          /nfs/pdx/disks/dcti_disk0078/k0_ward/k0_ward/cpark3/gmo/my_gmo/pshift_k0t_x80a1_newnames
-----------------------------------------------------------
Compiled at:  17:26:48 on Apr 13 2022
Compiled for: gcc-x64-optimized
Compiled on:  sles12
BUILD OS:     SUSE_Linux_Enterprise_Server_12_SP5
FPU config:   895
GCC:          10.2.0
-----------------------------------------------------------
Component versions:
Boost:        1.78.0/default-SEC-no_polygon_v2
DOGS:         5.21.0 (5.21.0) with GTL 1.9.1
MKL:          2021.0.20210617 (Intel(R) Advanced Vector Extensions 2 (Intel(R) AVX2) enabled processors)
TBB:          2020.3/rev3
TCMalloc:     gperftools 2.8.1
sqlite3:      3.28.0
Prover:       21.4p6/default-SEC-v3
-----------------------------------------------------------
Entitlement:  CIT_LAYGEN_TOOL_ACCESS
Authorized:   cpark3 (CIT_LAYGEN_TOOL_ACCESS)
Expires:      Never
-----------------------------------------------------------
DINI: Setting  global hierarchy repair mode to level 1.
Could not find architecture values file at /nfs/site/proj/cit/tools/laygen/latest//collaterals//arch/k0t/k0t_arch_values.txt
LGFO: Done.
-------------------------------------------------------------------------------
LgfToOas
Version 1.0

CIT application suite
Copyright 2006-2022, Intel Corporation
INTERNAL USE ONLY - NOT FOR EXTERNAL DISTRIBUTION

Run by:       cpark3
Run date:     Jul 21 2023 07:19:41
Run on:       plxchx088.pdx.intel.com
Platform:     SUSE Linux Enterprise Server 12 SP5
PID:          28968

LAYGEN:       /nfs/site/proj/cit/tools/laygen/latest/
Binary path:  /nfs/site/proj/cit/tools/laygen/latest//bin/sles12/lgf2geo
Args:         -i /nfs/pdx/disks/dcti_disk0078/k0_ward/k0_ward/cpark3/gmo/my_gmo/pshift_k0t_x80a1_newnames/renamed_laygen126/output_lgfs/k0tnorb02at11c1x5.lgf -o /nfs/pdx/disks/dcti_disk0078/k0_ward/k0_ward/cpark3/gmo/my_gmo/pshift_k0t_x80a1_newnames/renamed_laygen126/output_stms/k0tnorb02at11c1x5.stm --layerMap /nfs/pdx/disks/dcti_disk0078/k0_ward/k0_ward/cpark3/gmo/my_gmo/pshift_k0t_x80a1_newnames/p1280_pshift.map --oo --dbu 1e-10 
CWD:          /nfs/pdx/disks/dcti_disk0078/k0_ward/k0_ward/cpark3/gmo/my_gmo/pshift_k0t_x80a1_newnames
-----------------------------------------------------------
Compiled at:  17:26:48 on Apr 13 2022
Compiled for: gcc-x64-optimized
Compiled on:  sles12
BUILD OS:     SUSE_Linux_Enterprise_Server_12_SP5
FPU config:   895
GCC:          10.2.0
-----------------------------------------------------------
Component versions:
Boost:        1.78.0/default-SEC-no_polygon_v2
DOGS:         5.21.0 (5.21.0) with GTL 1.9.1
MKL:          2021.0.20210617 (Intel(R) Advanced Vector Extensions 2 (Intel(R) AVX2) enabled processors)
TBB:          2020.3/rev3
TCMalloc:     gperftools 2.8.1
sqlite3:      3.28.0
Prover:       21.4p6/default-SEC-v3
-----------------------------------------------------------
Entitlement:  CIT_LAYGEN_TOOL_ACCESS
Authorized:   cpark3 (CIT_LAYGEN_TOOL_ACCESS)
Expires:      Never
-----------------------------------------------------------
DINI: Setting  global hierarchy repair mode to level 1.
Could not find architecture values file at /nfs/site/proj/cit/tools/laygen/latest//collaterals//arch/k0t/k0t_arch_values.txt
LGFO: Done.
-------------------------------------------------------------------------------
LgfToOas
Version 1.0

CIT application suite
Copyright 2006-2022, Intel Corporation
INTERNAL USE ONLY - NOT FOR EXTERNAL DISTRIBUTION

Run by:       cpark3
Run date:     Jul 21 2023 07:19:41
Run on:       plxchx088.pdx.intel.com
Platform:     SUSE Linux Enterprise Server 12 SP5
PID:          29010

LAYGEN:       /nfs/site/proj/cit/tools/laygen/latest/
Binary path:  /nfs/site/proj/cit/tools/laygen/latest//bin/sles12/lgf2geo
Args:         -i /nfs/pdx/disks/dcti_disk0078/k0_ward/k0_ward/cpark3/gmo/my_gmo/pshift_k0t_x80a1_newnames/renamed_laygen126/output_lgfs/k0tnorp03at12c8x5.lgf -o /nfs/pdx/disks/dcti_disk0078/k0_ward/k0_ward/cpark3/gmo/my_gmo/pshift_k0t_x80a1_newnames/renamed_laygen126/output_stms/k0tnorp03at12c8x5.stm --layerMap /nfs/pdx/disks/dcti_disk0078/k0_ward/k0_ward/cpark3/gmo/my_gmo/pshift_k0t_x80a1_newnames/p1280_pshift.map --oo --dbu 1e-10 
CWD:          /nfs/pdx/disks/dcti_disk0078/k0_ward/k0_ward/cpark3/gmo/my_gmo/pshift_k0t_x80a1_newnames
-----------------------------------------------------------
Compiled at:  17:26:48 on Apr 13 2022
Compiled for: gcc-x64-optimized
Compiled on:  sles12
BUILD OS:     SUSE_Linux_Enterprise_Server_12_SP5
FPU config:   895
GCC:          10.2.0
-----------------------------------------------------------
Component versions:
Boost:        1.78.0/default-SEC-no_polygon_v2
DOGS:         5.21.0 (5.21.0) with GTL 1.9.1
MKL:          2021.0.20210617 (Intel(R) Advanced Vector Extensions 2 (Intel(R) AVX2) enabled processors)
TBB:          2020.3/rev3
TCMalloc:     gperftools 2.8.1
sqlite3:      3.28.0
Prover:       21.4p6/default-SEC-v3
-----------------------------------------------------------
Entitlement:  CIT_LAYGEN_TOOL_ACCESS
Authorized:   cpark3 (CIT_LAYGEN_TOOL_ACCESS)
Expires:      Never
-----------------------------------------------------------
DINI: Setting  global hierarchy repair mode to level 1.
Could not find architecture values file at /nfs/site/proj/cit/tools/laygen/latest//collaterals//arch/k0t/k0t_arch_values.txt
LGFO: Done.
-------------------------------------------------------------------------------
LgfToOas
Version 1.0

CIT application suite
Copyright 2006-2022, Intel Corporation
INTERNAL USE ONLY - NOT FOR EXTERNAL DISTRIBUTION

Run by:       cpark3
Run date:     Jul 21 2023 07:19:41
Run on:       plxchx088.pdx.intel.com
Platform:     SUSE Linux Enterprise Server 12 SP5
PID:          29046

LAYGEN:       /nfs/site/proj/cit/tools/laygen/latest/
Binary path:  /nfs/site/proj/cit/tools/laygen/latest//bin/sles12/lgf2geo
Args:         -i /nfs/pdx/disks/dcti_disk0078/k0_ward/k0_ward/cpark3/gmo/my_gmo/pshift_k0t_x80a1_newnames/renamed_laygen126/output_lgfs/k0tnorp03at12c4x5.lgf -o /nfs/pdx/disks/dcti_disk0078/k0_ward/k0_ward/cpark3/gmo/my_gmo/pshift_k0t_x80a1_newnames/renamed_laygen126/output_stms/k0tnorp03at12c4x5.stm --layerMap /nfs/pdx/disks/dcti_disk0078/k0_ward/k0_ward/cpark3/gmo/my_gmo/pshift_k0t_x80a1_newnames/p1280_pshift.map --oo --dbu 1e-10 
CWD:          /nfs/pdx/disks/dcti_disk0078/k0_ward/k0_ward/cpark3/gmo/my_gmo/pshift_k0t_x80a1_newnames
-----------------------------------------------------------
Compiled at:  17:26:48 on Apr 13 2022
Compiled for: gcc-x64-optimized
Compiled on:  sles12
BUILD OS:     SUSE_Linux_Enterprise_Server_12_SP5
FPU config:   895
GCC:          10.2.0
-----------------------------------------------------------
Component versions:
Boost:        1.78.0/default-SEC-no_polygon_v2
DOGS:         5.21.0 (5.21.0) with GTL 1.9.1
MKL:          2021.0.20210617 (Intel(R) Advanced Vector Extensions 2 (Intel(R) AVX2) enabled processors)
TBB:          2020.3/rev3
TCMalloc:     gperftools 2.8.1
sqlite3:      3.28.0
Prover:       21.4p6/default-SEC-v3
-----------------------------------------------------------
Entitlement:  CIT_LAYGEN_TOOL_ACCESS
Authorized:   cpark3 (CIT_LAYGEN_TOOL_ACCESS)
Expires:      Never
-----------------------------------------------------------
DINI: Setting  global hierarchy repair mode to level 1.
Could not find architecture values file at /nfs/site/proj/cit/tools/laygen/latest//collaterals//arch/k0t/k0t_arch_values.txt
LGFO: Done.
-------------------------------------------------------------------------------
LgfToOas
Version 1.0

CIT application suite
Copyright 2006-2022, Intel Corporation
INTERNAL USE ONLY - NOT FOR EXTERNAL DISTRIBUTION

Run by:       cpark3
Run date:     Jul 21 2023 07:19:41
Run on:       plxchx088.pdx.intel.com
Platform:     SUSE Linux Enterprise Server 12 SP5
PID:          29076

LAYGEN:       /nfs/site/proj/cit/tools/laygen/latest/
Binary path:  /nfs/site/proj/cit/tools/laygen/latest//bin/sles12/lgf2geo
Args:         -i /nfs/pdx/disks/dcti_disk0078/k0_ward/k0_ward/cpark3/gmo/my_gmo/pshift_k0t_x80a1_newnames/renamed_laygen126/output_lgfs/k0tlsn000at11c2x5.lgf -o /nfs/pdx/disks/dcti_disk0078/k0_ward/k0_ward/cpark3/gmo/my_gmo/pshift_k0t_x80a1_newnames/renamed_laygen126/output_stms/k0tlsn000at11c2x5.stm --layerMap /nfs/pdx/disks/dcti_disk0078/k0_ward/k0_ward/cpark3/gmo/my_gmo/pshift_k0t_x80a1_newnames/p1280_pshift.map --oo --dbu 1e-10 
CWD:          /nfs/pdx/disks/dcti_disk0078/k0_ward/k0_ward/cpark3/gmo/my_gmo/pshift_k0t_x80a1_newnames
-----------------------------------------------------------
Compiled at:  17:26:48 on Apr 13 2022
Compiled for: gcc-x64-optimized
Compiled on:  sles12
BUILD OS:     SUSE_Linux_Enterprise_Server_12_SP5
FPU config:   895
GCC:          10.2.0
-----------------------------------------------------------
Component versions:
Boost:        1.78.0/default-SEC-no_polygon_v2
DOGS:         5.21.0 (5.21.0) with GTL 1.9.1
MKL:          2021.0.20210617 (Intel(R) Advanced Vector Extensions 2 (Intel(R) AVX2) enabled processors)
TBB:          2020.3/rev3
TCMalloc:     gperftools 2.8.1
sqlite3:      3.28.0
Prover:       21.4p6/default-SEC-v3
-----------------------------------------------------------
Entitlement:  CIT_LAYGEN_TOOL_ACCESS
Authorized:   cpark3 (CIT_LAYGEN_TOOL_ACCESS)
Expires:      Never
-----------------------------------------------------------
DINI: Setting  global hierarchy repair mode to level 1.
Could not find architecture values file at /nfs/site/proj/cit/tools/laygen/latest//collaterals//arch/k0t/k0t_arch_values.txt
LGFO: Done.
-------------------------------------------------------------------------------
LgfToOas
Version 1.0

CIT application suite
Copyright 2006-2022, Intel Corporation
INTERNAL USE ONLY - NOT FOR EXTERNAL DISTRIBUTION

Run by:       cpark3
Run date:     Jul 21 2023 07:19:42
Run on:       plxchx088.pdx.intel.com
Platform:     SUSE Linux Enterprise Server 12 SP5
PID:          29107

LAYGEN:       /nfs/site/proj/cit/tools/laygen/latest/
Binary path:  /nfs/site/proj/cit/tools/laygen/latest//bin/sles12/lgf2geo
Args:         -i /nfs/pdx/disks/dcti_disk0078/k0_ward/k0_ward/cpark3/gmo/my_gmo/pshift_k0t_x80a1_newnames/renamed_laygen126/output_lgfs/k0torn002at11c2x5.lgf -o /nfs/pdx/disks/dcti_disk0078/k0_ward/k0_ward/cpark3/gmo/my_gmo/pshift_k0t_x80a1_newnames/renamed_laygen126/output_stms/k0torn002at11c2x5.stm --layerMap /nfs/pdx/disks/dcti_disk0078/k0_ward/k0_ward/cpark3/gmo/my_gmo/pshift_k0t_x80a1_newnames/p1280_pshift.map --oo --dbu 1e-10 
CWD:          /nfs/pdx/disks/dcti_disk0078/k0_ward/k0_ward/cpark3/gmo/my_gmo/pshift_k0t_x80a1_newnames
-----------------------------------------------------------
Compiled at:  17:26:48 on Apr 13 2022
Compiled for: gcc-x64-optimized
Compiled on:  sles12
BUILD OS:     SUSE_Linux_Enterprise_Server_12_SP5
FPU config:   895
GCC:          10.2.0
-----------------------------------------------------------
Component versions:
Boost:        1.78.0/default-SEC-no_polygon_v2
DOGS:         5.21.0 (5.21.0) with GTL 1.9.1
MKL:          2021.0.20210617 (Intel(R) Advanced Vector Extensions 2 (Intel(R) AVX2) enabled processors)
TBB:          2020.3/rev3
TCMalloc:     gperftools 2.8.1
sqlite3:      3.28.0
Prover:       21.4p6/default-SEC-v3
-----------------------------------------------------------
Entitlement:  CIT_LAYGEN_TOOL_ACCESS
Authorized:   cpark3 (CIT_LAYGEN_TOOL_ACCESS)
Expires:      Never
-----------------------------------------------------------
DINI: Setting  global hierarchy repair mode to level 1.
Could not find architecture values file at /nfs/site/proj/cit/tools/laygen/latest//collaterals//arch/k0t/k0t_arch_values.txt
LGFO: Done.
-------------------------------------------------------------------------------
LgfToOas
Version 1.0

CIT application suite
Copyright 2006-2022, Intel Corporation
INTERNAL USE ONLY - NOT FOR EXTERNAL DISTRIBUTION

Run by:       cpark3
Run date:     Jul 21 2023 07:19:42
Run on:       plxchx088.pdx.intel.com
Platform:     SUSE Linux Enterprise Server 12 SP5
PID:          29138

LAYGEN:       /nfs/site/proj/cit/tools/laygen/latest/
Binary path:  /nfs/site/proj/cit/tools/laygen/latest//bin/sles12/lgf2geo
Args:         -i /nfs/pdx/disks/dcti_disk0078/k0_ward/k0_ward/cpark3/gmo/my_gmo/pshift_k0t_x80a1_newnames/renamed_laygen126/output_lgfs/k0trm0023at12c1x5.lgf -o /nfs/pdx/disks/dcti_disk0078/k0_ward/k0_ward/cpark3/gmo/my_gmo/pshift_k0t_x80a1_newnames/renamed_laygen126/output_stms/k0trm0023at12c1x5.stm --layerMap /nfs/pdx/disks/dcti_disk0078/k0_ward/k0_ward/cpark3/gmo/my_gmo/pshift_k0t_x80a1_newnames/p1280_pshift.map --oo --dbu 1e-10 
CWD:          /nfs/pdx/disks/dcti_disk0078/k0_ward/k0_ward/cpark3/gmo/my_gmo/pshift_k0t_x80a1_newnames
-----------------------------------------------------------
Compiled at:  17:26:48 on Apr 13 2022
Compiled for: gcc-x64-optimized
Compiled on:  sles12
BUILD OS:     SUSE_Linux_Enterprise_Server_12_SP5
FPU config:   895
GCC:          10.2.0
-----------------------------------------------------------
Component versions:
Boost:        1.78.0/default-SEC-no_polygon_v2
DOGS:         5.21.0 (5.21.0) with GTL 1.9.1
MKL:          2021.0.20210617 (Intel(R) Advanced Vector Extensions 2 (Intel(R) AVX2) enabled processors)
TBB:          2020.3/rev3
TCMalloc:     gperftools 2.8.1
sqlite3:      3.28.0
Prover:       21.4p6/default-SEC-v3
-----------------------------------------------------------
Entitlement:  CIT_LAYGEN_TOOL_ACCESS
Authorized:   cpark3 (CIT_LAYGEN_TOOL_ACCESS)
Expires:      Never
-----------------------------------------------------------
DINI: Setting  global hierarchy repair mode to level 1.
Could not find architecture values file at /nfs/site/proj/cit/tools/laygen/latest//collaterals//arch/k0t/k0t_arch_values.txt
LGFO: Done.
-------------------------------------------------------------------------------
LgfToOas
Version 1.0

CIT application suite
Copyright 2006-2022, Intel Corporation
INTERNAL USE ONLY - NOT FOR EXTERNAL DISTRIBUTION

Run by:       cpark3
Run date:     Jul 21 2023 07:19:42
Run on:       plxchx088.pdx.intel.com
Platform:     SUSE Linux Enterprise Server 12 SP5
PID:          29171

LAYGEN:       /nfs/site/proj/cit/tools/laygen/latest/
Binary path:  /nfs/site/proj/cit/tools/laygen/latest//bin/sles12/lgf2geo
Args:         -i /nfs/pdx/disks/dcti_disk0078/k0_ward/k0_ward/cpark3/gmo/my_gmo/pshift_k0t_x80a1_newnames/renamed_laygen126/output_lgfs/k0trm0023at12c2x5.lgf -o /nfs/pdx/disks/dcti_disk0078/k0_ward/k0_ward/cpark3/gmo/my_gmo/pshift_k0t_x80a1_newnames/renamed_laygen126/output_stms/k0trm0023at12c2x5.stm --layerMap /nfs/pdx/disks/dcti_disk0078/k0_ward/k0_ward/cpark3/gmo/my_gmo/pshift_k0t_x80a1_newnames/p1280_pshift.map --oo --dbu 1e-10 
CWD:          /nfs/pdx/disks/dcti_disk0078/k0_ward/k0_ward/cpark3/gmo/my_gmo/pshift_k0t_x80a1_newnames
-----------------------------------------------------------
Compiled at:  17:26:48 on Apr 13 2022
Compiled for: gcc-x64-optimized
Compiled on:  sles12
BUILD OS:     SUSE_Linux_Enterprise_Server_12_SP5
FPU config:   895
GCC:          10.2.0
-----------------------------------------------------------
Component versions:
Boost:        1.78.0/default-SEC-no_polygon_v2
DOGS:         5.21.0 (5.21.0) with GTL 1.9.1
MKL:          2021.0.20210617 (Intel(R) Advanced Vector Extensions 2 (Intel(R) AVX2) enabled processors)
TBB:          2020.3/rev3
TCMalloc:     gperftools 2.8.1
sqlite3:      3.28.0
Prover:       21.4p6/default-SEC-v3
-----------------------------------------------------------
Entitlement:  CIT_LAYGEN_TOOL_ACCESS
Authorized:   cpark3 (CIT_LAYGEN_TOOL_ACCESS)
Expires:      Never
-----------------------------------------------------------
DINI: Setting  global hierarchy repair mode to level 1.
Could not find architecture values file at /nfs/site/proj/cit/tools/laygen/latest//collaterals//arch/k0t/k0t_arch_values.txt
LGFO: Done.
-------------------------------------------------------------------------------
LgfToOas
Version 1.0

CIT application suite
Copyright 2006-2022, Intel Corporation
INTERNAL USE ONLY - NOT FOR EXTERNAL DISTRIBUTION

Run by:       cpark3
Run date:     Jul 21 2023 07:19:42
Run on:       plxchx088.pdx.intel.com
Platform:     SUSE Linux Enterprise Server 12 SP5
PID:          29201

LAYGEN:       /nfs/site/proj/cit/tools/laygen/latest/
Binary path:  /nfs/site/proj/cit/tools/laygen/latest//bin/sles12/lgf2geo
Args:         -i /nfs/pdx/disks/dcti_disk0078/k0_ward/k0_ward/cpark3/gmo/my_gmo/pshift_k0t_x80a1_newnames/renamed_laygen126/output_lgfs/k0txnr002at11c1x5.lgf -o /nfs/pdx/disks/dcti_disk0078/k0_ward/k0_ward/cpark3/gmo/my_gmo/pshift_k0t_x80a1_newnames/renamed_laygen126/output_stms/k0txnr002at11c1x5.stm --layerMap /nfs/pdx/disks/dcti_disk0078/k0_ward/k0_ward/cpark3/gmo/my_gmo/pshift_k0t_x80a1_newnames/p1280_pshift.map --oo --dbu 1e-10 
CWD:          /nfs/pdx/disks/dcti_disk0078/k0_ward/k0_ward/cpark3/gmo/my_gmo/pshift_k0t_x80a1_newnames
-----------------------------------------------------------
Compiled at:  17:26:48 on Apr 13 2022
Compiled for: gcc-x64-optimized
Compiled on:  sles12
BUILD OS:     SUSE_Linux_Enterprise_Server_12_SP5
FPU config:   895
GCC:          10.2.0
-----------------------------------------------------------
Component versions:
Boost:        1.78.0/default-SEC-no_polygon_v2
DOGS:         5.21.0 (5.21.0) with GTL 1.9.1
MKL:          2021.0.20210617 (Intel(R) Advanced Vector Extensions 2 (Intel(R) AVX2) enabled processors)
TBB:          2020.3/rev3
TCMalloc:     gperftools 2.8.1
sqlite3:      3.28.0
Prover:       21.4p6/default-SEC-v3
-----------------------------------------------------------
Entitlement:  CIT_LAYGEN_TOOL_ACCESS
Authorized:   cpark3 (CIT_LAYGEN_TOOL_ACCESS)
Expires:      Never
-----------------------------------------------------------
DINI: Setting  global hierarchy repair mode to level 1.
Could not find architecture values file at /nfs/site/proj/cit/tools/laygen/latest//collaterals//arch/k0t/k0t_arch_values.txt
LGFO: Done.
-------------------------------------------------------------------------------
LgfToOas
Version 1.0

CIT application suite
Copyright 2006-2022, Intel Corporation
INTERNAL USE ONLY - NOT FOR EXTERNAL DISTRIBUTION

Run by:       cpark3
Run date:     Jul 21 2023 07:19:42
Run on:       plxchx088.pdx.intel.com
Platform:     SUSE Linux Enterprise Server 12 SP5
PID:          29232

LAYGEN:       /nfs/site/proj/cit/tools/laygen/latest/
Binary path:  /nfs/site/proj/cit/tools/laygen/latest//bin/sles12/lgf2geo
Args:         -i /nfs/pdx/disks/dcti_disk0078/k0_ward/k0_ward/cpark3/gmo/my_gmo/pshift_k0t_x80a1_newnames/renamed_laygen126/output_lgfs/k0txor002at11c1x5.lgf -o /nfs/pdx/disks/dcti_disk0078/k0_ward/k0_ward/cpark3/gmo/my_gmo/pshift_k0t_x80a1_newnames/renamed_laygen126/output_stms/k0txor002at11c1x5.stm --layerMap /nfs/pdx/disks/dcti_disk0078/k0_ward/k0_ward/cpark3/gmo/my_gmo/pshift_k0t_x80a1_newnames/p1280_pshift.map --oo --dbu 1e-10 
CWD:          /nfs/pdx/disks/dcti_disk0078/k0_ward/k0_ward/cpark3/gmo/my_gmo/pshift_k0t_x80a1_newnames
-----------------------------------------------------------
Compiled at:  17:26:48 on Apr 13 2022
Compiled for: gcc-x64-optimized
Compiled on:  sles12
BUILD OS:     SUSE_Linux_Enterprise_Server_12_SP5
FPU config:   895
GCC:          10.2.0
-----------------------------------------------------------
Component versions:
Boost:        1.78.0/default-SEC-no_polygon_v2
DOGS:         5.21.0 (5.21.0) with GTL 1.9.1
MKL:          2021.0.20210617 (Intel(R) Advanced Vector Extensions 2 (Intel(R) AVX2) enabled processors)
TBB:          2020.3/rev3
TCMalloc:     gperftools 2.8.1
sqlite3:      3.28.0
Prover:       21.4p6/default-SEC-v3
-----------------------------------------------------------
Entitlement:  CIT_LAYGEN_TOOL_ACCESS
Authorized:   cpark3 (CIT_LAYGEN_TOOL_ACCESS)
Expires:      Never
-----------------------------------------------------------
DINI: Setting  global hierarchy repair mode to level 1.
Could not find architecture values file at /nfs/site/proj/cit/tools/laygen/latest//collaterals//arch/k0t/k0t_arch_values.txt
LGFO: Done.
-------------------------------------------------------------------------------
LgfToOas
Version 1.0

CIT application suite
Copyright 2006-2022, Intel Corporation
INTERNAL USE ONLY - NOT FOR EXTERNAL DISTRIBUTION

Run by:       cpark3
Run date:     Jul 21 2023 07:19:42
Run on:       plxchx088.pdx.intel.com
Platform:     SUSE Linux Enterprise Server 12 SP5
PID:          29262

LAYGEN:       /nfs/site/proj/cit/tools/laygen/latest/
Binary path:  /nfs/site/proj/cit/tools/laygen/latest//bin/sles12/lgf2geo
Args:         -i /nfs/pdx/disks/dcti_disk0078/k0_ward/k0_ward/cpark3/gmo/my_gmo/pshift_k0t_x80a1_newnames/renamed_laygen126/output_lgfs/k0tand002at11c2x5.lgf -o /nfs/pdx/disks/dcti_disk0078/k0_ward/k0_ward/cpark3/gmo/my_gmo/pshift_k0t_x80a1_newnames/renamed_laygen126/output_stms/k0tand002at11c2x5.stm --layerMap /nfs/pdx/disks/dcti_disk0078/k0_ward/k0_ward/cpark3/gmo/my_gmo/pshift_k0t_x80a1_newnames/p1280_pshift.map --oo --dbu 1e-10 
CWD:          /nfs/pdx/disks/dcti_disk0078/k0_ward/k0_ward/cpark3/gmo/my_gmo/pshift_k0t_x80a1_newnames
-----------------------------------------------------------
Compiled at:  17:26:48 on Apr 13 2022
Compiled for: gcc-x64-optimized
Compiled on:  sles12
BUILD OS:     SUSE_Linux_Enterprise_Server_12_SP5
FPU config:   895
GCC:          10.2.0
-----------------------------------------------------------
Component versions:
Boost:        1.78.0/default-SEC-no_polygon_v2
DOGS:         5.21.0 (5.21.0) with GTL 1.9.1
MKL:          2021.0.20210617 (Intel(R) Advanced Vector Extensions 2 (Intel(R) AVX2) enabled processors)
TBB:          2020.3/rev3
TCMalloc:     gperftools 2.8.1
sqlite3:      3.28.0
Prover:       21.4p6/default-SEC-v3
-----------------------------------------------------------
Entitlement:  CIT_LAYGEN_TOOL_ACCESS
Authorized:   cpark3 (CIT_LAYGEN_TOOL_ACCESS)
Expires:      Never
-----------------------------------------------------------
DINI: Setting  global hierarchy repair mode to level 1.
Could not find architecture values file at /nfs/site/proj/cit/tools/laygen/latest//collaterals//arch/k0t/k0t_arch_values.txt
LGFO: Done.
