[SUCCEED]/nfs/pdx/disks/dcti_disk0078/k0_ward/k0_ward/cpark3/gmo/my_gmo/pshift_k0t_x80a1_newnames/stm_laygen126/k0mcbf000at12cgx5.stm
[SUCCEED]/nfs/pdx/disks/dcti_disk0078/k0_ward/k0_ward/cpark3/gmo/my_gmo/pshift_k0t_x80a1_newnames/stm_laygen126/k0mbfn000at11c1x5.stm
[SUCCEED]/nfs/pdx/disks/dcti_disk0078/k0_ward/k0_ward/cpark3/gmo/my_gmo/pshift_k0t_x80a1_newnames/stm_laygen126/k0mbfn000at11c2x5.stm
[SUCCEED]/nfs/pdx/disks/dcti_disk0078/k0_ward/k0_ward/cpark3/gmo/my_gmo/pshift_k0t_x80a1_newnames/stm_laygen126/k0mcilb05at11c4x5.stm
[SUCCEED]/nfs/pdx/disks/dcti_disk0078/k0_ward/k0_ward/cpark3/gmo/my_gmo/pshift_k0t_x80a1_newnames/stm_laygen126/k0mnanb02at11c1x5.stm
[SUCCEED]/nfs/pdx/disks/dcti_disk0078/k0_ward/k0_ward/cpark3/gmo/my_gmo/pshift_k0t_x80a1_newnames/stm_laygen126/k0mnanp03at12c8x5.stm
[SUCCEED]/nfs/pdx/disks/dcti_disk0078/k0_ward/k0_ward/cpark3/gmo/my_gmo/pshift_k0t_x80a1_newnames/stm_laygen126/k0mmbn022at11c2x5.stm
[SUCCEED]/nfs/pdx/disks/dcti_disk0078/k0_ward/k0_ward/cpark3/gmo/my_gmo/pshift_k0t_x80a1_newnames/stm_laygen126/k0mmdn022at11c1x5.stm
[SUCCEED]/nfs/pdx/disks/dcti_disk0078/k0_ward/k0_ward/cpark3/gmo/my_gmo/pshift_k0t_x80a1_newnames/stm_laygen126/k0mmdn022at11c2x5.stm
[SUCCEED]/nfs/pdx/disks/dcti_disk0078/k0_ward/k0_ward/cpark3/gmo/my_gmo/pshift_k0t_x80a1_newnames/stm_laygen126/k0mmdn022at12c4x5.stm
[SUCCEED]/nfs/pdx/disks/dcti_disk0078/k0_ward/k0_ward/cpark3/gmo/my_gmo/pshift_k0t_x80a1_newnames/stm_laygen126/k0mnanp03at12c4x5.stm
[SUCCEED]/nfs/pdx/disks/dcti_disk0078/k0_ward/k0_ward/cpark3/gmo/my_gmo/pshift_k0t_x80a1_newnames/stm_laygen126/k0mnorb02at11c1x5.stm
[SUCCEED]/nfs/pdx/disks/dcti_disk0078/k0_ward/k0_ward/cpark3/gmo/my_gmo/pshift_k0t_x80a1_newnames/stm_laygen126/k0mnorp03at12c8x5.stm
[SUCCEED]/nfs/pdx/disks/dcti_disk0078/k0_ward/k0_ward/cpark3/gmo/my_gmo/pshift_k0t_x80a1_newnames/stm_laygen126/k0mnorp03at12c4x5.stm
[SUCCEED]/nfs/pdx/disks/dcti_disk0078/k0_ward/k0_ward/cpark3/gmo/my_gmo/pshift_k0t_x80a1_newnames/stm_laygen126/k0mlsn000at11c2x5.stm
[SUCCEED]/nfs/pdx/disks/dcti_disk0078/k0_ward/k0_ward/cpark3/gmo/my_gmo/pshift_k0t_x80a1_newnames/stm_laygen126/k0morn002at11c2x5.stm
[SUCCEED]/nfs/pdx/disks/dcti_disk0078/k0_ward/k0_ward/cpark3/gmo/my_gmo/pshift_k0t_x80a1_newnames/stm_laygen126/k0mrm0023at12c1x5.stm
[SUCCEED]/nfs/pdx/disks/dcti_disk0078/k0_ward/k0_ward/cpark3/gmo/my_gmo/pshift_k0t_x80a1_newnames/stm_laygen126/k0mrm0023at12c2x5.stm
[SUCCEED]/nfs/pdx/disks/dcti_disk0078/k0_ward/k0_ward/cpark3/gmo/my_gmo/pshift_k0t_x80a1_newnames/stm_laygen126/k0mxnr002at11c1x5.stm
[SUCCEED]/nfs/pdx/disks/dcti_disk0078/k0_ward/k0_ward/cpark3/gmo/my_gmo/pshift_k0t_x80a1_newnames/stm_laygen126/k0mxor002at11c1x5.stm
[SUCCEED]/nfs/pdx/disks/dcti_disk0078/k0_ward/k0_ward/cpark3/gmo/my_gmo/pshift_k0t_x80a1_newnames/stm_laygen126/k0mand002at11c2x5.stm
